 
 -------------- celery@edx.cms.core.low.tatweer02 v3.1.18 (Cipater)
---- **** ----- 
--- * ***  * -- Linux-4.4.0-93-generic-x86_64-with-Ubuntu-14.04-trusty
-- * - **** --- 
- ** ---------- [config]
- ** ---------- .> app:         proj:0x7fc3810be250
- ** ---------- .> transport:   amqp://celery:**@localhost:5672//
- ** ---------- .> results:     djcelery.backends.cache:CacheBackend
- *** --- * --- .> concurrency: 1 (prefork)
-- ******* ---- 
--- ***** ----- [queues]
 -------------- .> edx.cms.core.low exchange=edx.cms.core(direct) key=edx.cms.core.low
                

[tasks]
  . celery_utils.tasks.mark_resolved
  . cms_user_tasks.tasks.send_task_complete_email
  . contentstore.tasks.CourseExportTask
  . contentstore.tasks.CourseImportTask
  . contentstore.tasks.export_olx
  . contentstore.tasks.import_olx
  . contentstore.tasks.push_course_update_task
  . contentstore.tasks.rerun_course
  . contentstore.tasks.update_library_index
  . contentstore.tasks.update_search_index
  . lms.djangoapps.grades.tasks.compute_all_grades_for_course
  . lms.djangoapps.grades.tasks.compute_grades_for_course
  . lms.djangoapps.grades.tasks.compute_grades_for_course_v2
  . lms.djangoapps.grades.tasks.recalculate_subsection_grade_v3
  . openedx.core.djangoapps.bookmarks.tasks.update_xblock_cache
  . openedx.core.djangoapps.content.block_structure.tasks.get_course_in_cache
  . openedx.core.djangoapps.content.block_structure.tasks.get_course_in_cache_v2
  . openedx.core.djangoapps.content.block_structure.tasks.update_course_in_cache
  . openedx.core.djangoapps.content.block_structure.tasks.update_course_in_cache_v2
  . openedx.core.djangoapps.content.course_overviews.tasks.async_course_overview_update
  . openedx.core.djangoapps.content.course_structures.tasks.update_course_structure
  . openedx.core.djangoapps.coursegraph.tasks.dump_course_to_neo4j
  . openedx.core.djangoapps.credit.tasks.update_credit_course_requirements
  . openedx.core.djangoapps.schedules.tasks._recurring_nudge_schedule_send
  . openedx.core.djangoapps.schedules.tasks.recurring_nudge_schedule_hour
  . openedx.core.djangoapps.schedules.tasks.update_course_schedules
  . openedx.core.djangoapps.service_status.tasks.delayed_ping
  . openedx.core.djangoapps.verified_track_content.tasks.sync_cohort_with_mode
  . student.tasks.send_activation_email
  . user_tasks.tasks.purge_old_user_tasks

 
 -------------- celery@edx.cms.core.low.tatweer02 v3.1.18 (Cipater)
---- **** ----- 
--- * ***  * -- Linux-4.4.0-93-generic-x86_64-with-Ubuntu-14.04-trusty
-- * - **** --- 
- ** ---------- [config]
- ** ---------- .> app:         proj:0x7fee0b322250
- ** ---------- .> transport:   amqp://celery:**@localhost:5672//
- ** ---------- .> results:     djcelery.backends.cache:CacheBackend
- *** --- * --- .> concurrency: 1 (prefork)
-- ******* ---- 
--- ***** ----- [queues]
 -------------- .> edx.cms.core.low exchange=edx.cms.core(direct) key=edx.cms.core.low
                

[tasks]
  . celery_utils.tasks.mark_resolved
  . cms_user_tasks.tasks.send_task_complete_email
  . contentstore.tasks.CourseExportTask
  . contentstore.tasks.CourseImportTask
  . contentstore.tasks.export_olx
  . contentstore.tasks.import_olx
  . contentstore.tasks.push_course_update_task
  . contentstore.tasks.rerun_course
  . contentstore.tasks.update_library_index
  . contentstore.tasks.update_search_index
  . lms.djangoapps.grades.tasks.compute_all_grades_for_course
  . lms.djangoapps.grades.tasks.compute_grades_for_course
  . lms.djangoapps.grades.tasks.compute_grades_for_course_v2
  . lms.djangoapps.grades.tasks.recalculate_subsection_grade_v3
  . openedx.core.djangoapps.bookmarks.tasks.update_xblock_cache
  . openedx.core.djangoapps.content.block_structure.tasks.get_course_in_cache
  . openedx.core.djangoapps.content.block_structure.tasks.get_course_in_cache_v2
  . openedx.core.djangoapps.content.block_structure.tasks.update_course_in_cache
  . openedx.core.djangoapps.content.block_structure.tasks.update_course_in_cache_v2
  . openedx.core.djangoapps.content.course_overviews.tasks.async_course_overview_update
  . openedx.core.djangoapps.content.course_structures.tasks.update_course_structure
  . openedx.core.djangoapps.coursegraph.tasks.dump_course_to_neo4j
  . openedx.core.djangoapps.credit.tasks.update_credit_course_requirements
  . openedx.core.djangoapps.schedules.tasks._recurring_nudge_schedule_send
  . openedx.core.djangoapps.schedules.tasks.recurring_nudge_schedule_hour
  . openedx.core.djangoapps.schedules.tasks.update_course_schedules
  . openedx.core.djangoapps.service_status.tasks.delayed_ping
  . openedx.core.djangoapps.verified_track_content.tasks.sync_cohort_with_mode
  . student.tasks.send_activation_email
  . user_tasks.tasks.purge_old_user_tasks

 
 -------------- celery@edx.cms.core.low.tatweer02 v3.1.18 (Cipater)
---- **** ----- 
--- * ***  * -- Linux-4.4.0-93-generic-x86_64-with-Ubuntu-14.04-trusty
-- * - **** --- 
- ** ---------- [config]
- ** ---------- .> app:         proj:0x7f577fe59250
- ** ---------- .> transport:   amqp://celery:**@localhost:5672//
- ** ---------- .> results:     djcelery.backends.cache:CacheBackend
- *** --- * --- .> concurrency: 1 (prefork)
-- ******* ---- 
--- ***** ----- [queues]
 -------------- .> edx.cms.core.low exchange=edx.cms.core(direct) key=edx.cms.core.low
                

[tasks]
  . celery_utils.tasks.mark_resolved
  . cms_user_tasks.tasks.send_task_complete_email
  . contentstore.tasks.CourseExportTask
  . contentstore.tasks.CourseImportTask
  . contentstore.tasks.export_olx
  . contentstore.tasks.import_olx
  . contentstore.tasks.push_course_update_task
  . contentstore.tasks.rerun_course
  . contentstore.tasks.update_library_index
  . contentstore.tasks.update_search_index
  . lms.djangoapps.grades.tasks.compute_all_grades_for_course
  . lms.djangoapps.grades.tasks.compute_grades_for_course
  . lms.djangoapps.grades.tasks.compute_grades_for_course_v2
  . lms.djangoapps.grades.tasks.recalculate_subsection_grade_v3
  . openedx.core.djangoapps.bookmarks.tasks.update_xblock_cache
  . openedx.core.djangoapps.content.block_structure.tasks.get_course_in_cache
  . openedx.core.djangoapps.content.block_structure.tasks.get_course_in_cache_v2
  . openedx.core.djangoapps.content.block_structure.tasks.update_course_in_cache
  . openedx.core.djangoapps.content.block_structure.tasks.update_course_in_cache_v2
  . openedx.core.djangoapps.content.course_overviews.tasks.async_course_overview_update
  . openedx.core.djangoapps.content.course_structures.tasks.update_course_structure
  . openedx.core.djangoapps.coursegraph.tasks.dump_course_to_neo4j
  . openedx.core.djangoapps.credit.tasks.update_credit_course_requirements
  . openedx.core.djangoapps.schedules.tasks._recurring_nudge_schedule_send
  . openedx.core.djangoapps.schedules.tasks.recurring_nudge_schedule_hour
  . openedx.core.djangoapps.schedules.tasks.update_course_schedules
  . openedx.core.djangoapps.service_status.tasks.delayed_ping
  . openedx.core.djangoapps.verified_track_content.tasks.sync_cohort_with_mode
  . student.tasks.send_activation_email
  . user_tasks.tasks.purge_old_user_tasks

 
 -------------- celery@edx.cms.core.low.tatweer02 v3.1.18 (Cipater)
---- **** ----- 
--- * ***  * -- Linux-4.4.0-93-generic-x86_64-with-Ubuntu-14.04-trusty
-- * - **** --- 
- ** ---------- [config]
- ** ---------- .> app:         proj:0x7f1fa9114250
- ** ---------- .> transport:   amqp://celery:**@localhost:5672//
- ** ---------- .> results:     djcelery.backends.cache:CacheBackend
- *** --- * --- .> concurrency: 1 (prefork)
-- ******* ---- 
--- ***** ----- [queues]
 -------------- .> edx.cms.core.low exchange=edx.cms.core(direct) key=edx.cms.core.low
                

[tasks]
  . celery_utils.tasks.mark_resolved
  . cms_user_tasks.tasks.send_task_complete_email
  . contentstore.tasks.CourseExportTask
  . contentstore.tasks.CourseImportTask
  . contentstore.tasks.export_olx
  . contentstore.tasks.import_olx
  . contentstore.tasks.push_course_update_task
  . contentstore.tasks.rerun_course
  . contentstore.tasks.update_library_index
  . contentstore.tasks.update_search_index
  . lms.djangoapps.grades.tasks.compute_all_grades_for_course
  . lms.djangoapps.grades.tasks.compute_grades_for_course
  . lms.djangoapps.grades.tasks.compute_grades_for_course_v2
  . lms.djangoapps.grades.tasks.recalculate_subsection_grade_v3
  . openedx.core.djangoapps.bookmarks.tasks.update_xblock_cache
  . openedx.core.djangoapps.content.block_structure.tasks.get_course_in_cache
  . openedx.core.djangoapps.content.block_structure.tasks.get_course_in_cache_v2
  . openedx.core.djangoapps.content.block_structure.tasks.update_course_in_cache
  . openedx.core.djangoapps.content.block_structure.tasks.update_course_in_cache_v2
  . openedx.core.djangoapps.content.course_overviews.tasks.async_course_overview_update
  . openedx.core.djangoapps.content.course_structures.tasks.update_course_structure
  . openedx.core.djangoapps.coursegraph.tasks.dump_course_to_neo4j
  . openedx.core.djangoapps.credit.tasks.update_credit_course_requirements
  . openedx.core.djangoapps.schedules.tasks._recurring_nudge_schedule_send
  . openedx.core.djangoapps.schedules.tasks.recurring_nudge_schedule_hour
  . openedx.core.djangoapps.schedules.tasks.update_course_schedules
  . openedx.core.djangoapps.service_status.tasks.delayed_ping
  . openedx.core.djangoapps.verified_track_content.tasks.sync_cohort_with_mode
  . student.tasks.send_activation_email
  . user_tasks.tasks.purge_old_user_tasks

 
 -------------- celery@edx.cms.core.low.tatweer02 v3.1.18 (Cipater)
---- **** ----- 
--- * ***  * -- Linux-4.4.0-93-generic-x86_64-with-Ubuntu-14.04-trusty
-- * - **** --- 
- ** ---------- [config]
- ** ---------- .> app:         proj:0x7f9926430250
- ** ---------- .> transport:   amqp://celery:**@localhost:5672//
- ** ---------- .> results:     djcelery.backends.cache:CacheBackend
- *** --- * --- .> concurrency: 1 (prefork)
-- ******* ---- 
--- ***** ----- [queues]
 -------------- .> edx.cms.core.low exchange=edx.cms.core(direct) key=edx.cms.core.low
                

[tasks]
  . celery_utils.tasks.mark_resolved
  . cms_user_tasks.tasks.send_task_complete_email
  . contentstore.tasks.CourseExportTask
  . contentstore.tasks.CourseImportTask
  . contentstore.tasks.export_olx
  . contentstore.tasks.import_olx
  . contentstore.tasks.push_course_update_task
  . contentstore.tasks.rerun_course
  . contentstore.tasks.update_library_index
  . contentstore.tasks.update_search_index
  . lms.djangoapps.grades.tasks.compute_all_grades_for_course
  . lms.djangoapps.grades.tasks.compute_grades_for_course
  . lms.djangoapps.grades.tasks.compute_grades_for_course_v2
  . lms.djangoapps.grades.tasks.recalculate_subsection_grade_v3
  . openedx.core.djangoapps.bookmarks.tasks.update_xblock_cache
  . openedx.core.djangoapps.content.block_structure.tasks.get_course_in_cache
  . openedx.core.djangoapps.content.block_structure.tasks.get_course_in_cache_v2
  . openedx.core.djangoapps.content.block_structure.tasks.update_course_in_cache
  . openedx.core.djangoapps.content.block_structure.tasks.update_course_in_cache_v2
  . openedx.core.djangoapps.content.course_overviews.tasks.async_course_overview_update
  . openedx.core.djangoapps.content.course_structures.tasks.update_course_structure
  . openedx.core.djangoapps.coursegraph.tasks.dump_course_to_neo4j
  . openedx.core.djangoapps.credit.tasks.update_credit_course_requirements
  . openedx.core.djangoapps.schedules.tasks._recurring_nudge_schedule_send
  . openedx.core.djangoapps.schedules.tasks.recurring_nudge_schedule_hour
  . openedx.core.djangoapps.schedules.tasks.update_course_schedules
  . openedx.core.djangoapps.service_status.tasks.delayed_ping
  . openedx.core.djangoapps.verified_track_content.tasks.sync_cohort_with_mode
  . student.tasks.send_activation_email
  . user_tasks.tasks.purge_old_user_tasks

 
 -------------- celery@edx.cms.core.low.tatweer02 v3.1.18 (Cipater)
---- **** ----- 
--- * ***  * -- Linux-4.4.0-93-generic-x86_64-with-Ubuntu-14.04-trusty
-- * - **** --- 
- ** ---------- [config]
- ** ---------- .> app:         proj:0x7f72829d7250
- ** ---------- .> transport:   amqp://celery:**@localhost:5672//
- ** ---------- .> results:     djcelery.backends.cache:CacheBackend
- *** --- * --- .> concurrency: 1 (prefork)
-- ******* ---- 
--- ***** ----- [queues]
 -------------- .> edx.cms.core.low exchange=edx.cms.core(direct) key=edx.cms.core.low
                

[tasks]
  . celery_utils.tasks.mark_resolved
  . cms_user_tasks.tasks.send_task_complete_email
  . contentstore.tasks.CourseExportTask
  . contentstore.tasks.CourseImportTask
  . contentstore.tasks.export_olx
  . contentstore.tasks.import_olx
  . contentstore.tasks.push_course_update_task
  . contentstore.tasks.rerun_course
  . contentstore.tasks.update_library_index
  . contentstore.tasks.update_search_index
  . lms.djangoapps.grades.tasks.compute_all_grades_for_course
  . lms.djangoapps.grades.tasks.compute_grades_for_course
  . lms.djangoapps.grades.tasks.compute_grades_for_course_v2
  . lms.djangoapps.grades.tasks.recalculate_subsection_grade_v3
  . openedx.core.djangoapps.bookmarks.tasks.update_xblock_cache
  . openedx.core.djangoapps.content.block_structure.tasks.get_course_in_cache
  . openedx.core.djangoapps.content.block_structure.tasks.get_course_in_cache_v2
  . openedx.core.djangoapps.content.block_structure.tasks.update_course_in_cache
  . openedx.core.djangoapps.content.block_structure.tasks.update_course_in_cache_v2
  . openedx.core.djangoapps.content.course_overviews.tasks.async_course_overview_update
  . openedx.core.djangoapps.content.course_structures.tasks.update_course_structure
  . openedx.core.djangoapps.coursegraph.tasks.dump_course_to_neo4j
  . openedx.core.djangoapps.credit.tasks.update_credit_course_requirements
  . openedx.core.djangoapps.schedules.tasks._recurring_nudge_schedule_send
  . openedx.core.djangoapps.schedules.tasks.recurring_nudge_schedule_hour
  . openedx.core.djangoapps.schedules.tasks.update_course_schedules
  . openedx.core.djangoapps.service_status.tasks.delayed_ping
  . openedx.core.djangoapps.verified_track_content.tasks.sync_cohort_with_mode
  . student.tasks.send_activation_email
  . user_tasks.tasks.purge_old_user_tasks

 
 -------------- celery@edx.cms.core.low.tatweer02 v3.1.18 (Cipater)
---- **** ----- 
--- * ***  * -- Linux-4.4.0-93-generic-x86_64-with-Ubuntu-14.04-trusty
-- * - **** --- 
- ** ---------- [config]
- ** ---------- .> app:         proj:0x7fec6d8cf250
- ** ---------- .> transport:   amqp://celery:**@localhost:5672//
- ** ---------- .> results:     djcelery.backends.cache:CacheBackend
- *** --- * --- .> concurrency: 1 (prefork)
-- ******* ---- 
--- ***** ----- [queues]
 -------------- .> edx.cms.core.low exchange=edx.cms.core(direct) key=edx.cms.core.low
                

[tasks]
  . celery_utils.tasks.mark_resolved
  . cms_user_tasks.tasks.send_task_complete_email
  . contentstore.tasks.CourseExportTask
  . contentstore.tasks.CourseImportTask
  . contentstore.tasks.export_olx
  . contentstore.tasks.import_olx
  . contentstore.tasks.push_course_update_task
  . contentstore.tasks.rerun_course
  . contentstore.tasks.update_library_index
  . contentstore.tasks.update_search_index
  . lms.djangoapps.grades.tasks.compute_all_grades_for_course
  . lms.djangoapps.grades.tasks.compute_grades_for_course
  . lms.djangoapps.grades.tasks.compute_grades_for_course_v2
  . lms.djangoapps.grades.tasks.recalculate_subsection_grade_v3
  . openedx.core.djangoapps.bookmarks.tasks.update_xblock_cache
  . openedx.core.djangoapps.content.block_structure.tasks.get_course_in_cache
  . openedx.core.djangoapps.content.block_structure.tasks.get_course_in_cache_v2
  . openedx.core.djangoapps.content.block_structure.tasks.update_course_in_cache
  . openedx.core.djangoapps.content.block_structure.tasks.update_course_in_cache_v2
  . openedx.core.djangoapps.content.course_overviews.tasks.async_course_overview_update
  . openedx.core.djangoapps.content.course_structures.tasks.update_course_structure
  . openedx.core.djangoapps.coursegraph.tasks.dump_course_to_neo4j
  . openedx.core.djangoapps.credit.tasks.update_credit_course_requirements
  . openedx.core.djangoapps.schedules.tasks._recurring_nudge_schedule_send
  . openedx.core.djangoapps.schedules.tasks.recurring_nudge_schedule_hour
  . openedx.core.djangoapps.schedules.tasks.update_course_schedules
  . openedx.core.djangoapps.service_status.tasks.delayed_ping
  . openedx.core.djangoapps.verified_track_content.tasks.sync_cohort_with_mode
  . student.tasks.send_activation_email
  . user_tasks.tasks.purge_old_user_tasks

 
 -------------- celery@edx.cms.core.low.tatweer02 v3.1.18 (Cipater)
---- **** ----- 
--- * ***  * -- Linux-4.4.0-93-generic-x86_64-with-Ubuntu-14.04-trusty
-- * - **** --- 
- ** ---------- [config]
- ** ---------- .> app:         proj:0x7fb81ab6b250
- ** ---------- .> transport:   amqp://celery:**@localhost:5672//
- ** ---------- .> results:     djcelery.backends.cache:CacheBackend
- *** --- * --- .> concurrency: 1 (prefork)
-- ******* ---- 
--- ***** ----- [queues]
 -------------- .> edx.cms.core.low exchange=edx.cms.core(direct) key=edx.cms.core.low
                

[tasks]
  . celery_utils.tasks.mark_resolved
  . cms_user_tasks.tasks.send_task_complete_email
  . contentstore.tasks.CourseExportTask
  . contentstore.tasks.CourseImportTask
  . contentstore.tasks.export_olx
  . contentstore.tasks.import_olx
  . contentstore.tasks.push_course_update_task
  . contentstore.tasks.rerun_course
  . contentstore.tasks.update_library_index
  . contentstore.tasks.update_search_index
  . lms.djangoapps.grades.tasks.compute_all_grades_for_course
  . lms.djangoapps.grades.tasks.compute_grades_for_course
  . lms.djangoapps.grades.tasks.compute_grades_for_course_v2
  . lms.djangoapps.grades.tasks.recalculate_subsection_grade_v3
  . openedx.core.djangoapps.bookmarks.tasks.update_xblock_cache
  . openedx.core.djangoapps.content.block_structure.tasks.get_course_in_cache
  . openedx.core.djangoapps.content.block_structure.tasks.get_course_in_cache_v2
  . openedx.core.djangoapps.content.block_structure.tasks.update_course_in_cache
  . openedx.core.djangoapps.content.block_structure.tasks.update_course_in_cache_v2
  . openedx.core.djangoapps.content.course_overviews.tasks.async_course_overview_update
  . openedx.core.djangoapps.content.course_structures.tasks.update_course_structure
  . openedx.core.djangoapps.coursegraph.tasks.dump_course_to_neo4j
  . openedx.core.djangoapps.credit.tasks.update_credit_course_requirements
  . openedx.core.djangoapps.schedules.tasks._recurring_nudge_schedule_send
  . openedx.core.djangoapps.schedules.tasks.recurring_nudge_schedule_hour
  . openedx.core.djangoapps.schedules.tasks.update_course_schedules
  . openedx.core.djangoapps.service_status.tasks.delayed_ping
  . openedx.core.djangoapps.verified_track_content.tasks.sync_cohort_with_mode
  . student.tasks.send_activation_email
  . user_tasks.tasks.purge_old_user_tasks

 
 -------------- celery@edx.cms.core.low.tatweer02 v3.1.18 (Cipater)
---- **** ----- 
--- * ***  * -- Linux-4.4.0-93-generic-x86_64-with-Ubuntu-14.04-trusty
-- * - **** --- 
- ** ---------- [config]
- ** ---------- .> app:         proj:0x7fcf4b9f8250
- ** ---------- .> transport:   amqp://celery:**@localhost:5672//
- ** ---------- .> results:     djcelery.backends.cache:CacheBackend
- *** --- * --- .> concurrency: 1 (prefork)
-- ******* ---- 
--- ***** ----- [queues]
 -------------- .> edx.cms.core.low exchange=edx.cms.core(direct) key=edx.cms.core.low
                

[tasks]
  . celery_utils.tasks.mark_resolved
  . cms_user_tasks.tasks.send_task_complete_email
  . contentstore.tasks.CourseExportTask
  . contentstore.tasks.CourseImportTask
  . contentstore.tasks.export_olx
  . contentstore.tasks.import_olx
  . contentstore.tasks.push_course_update_task
  . contentstore.tasks.rerun_course
  . contentstore.tasks.update_library_index
  . contentstore.tasks.update_search_index
  . lms.djangoapps.grades.tasks.compute_all_grades_for_course
  . lms.djangoapps.grades.tasks.compute_grades_for_course
  . lms.djangoapps.grades.tasks.compute_grades_for_course_v2
  . lms.djangoapps.grades.tasks.recalculate_subsection_grade_v3
  . openedx.core.djangoapps.bookmarks.tasks.update_xblock_cache
  . openedx.core.djangoapps.content.block_structure.tasks.get_course_in_cache
  . openedx.core.djangoapps.content.block_structure.tasks.get_course_in_cache_v2
  . openedx.core.djangoapps.content.block_structure.tasks.update_course_in_cache
  . openedx.core.djangoapps.content.block_structure.tasks.update_course_in_cache_v2
  . openedx.core.djangoapps.content.course_overviews.tasks.async_course_overview_update
  . openedx.core.djangoapps.content.course_structures.tasks.update_course_structure
  . openedx.core.djangoapps.coursegraph.tasks.dump_course_to_neo4j
  . openedx.core.djangoapps.credit.tasks.update_credit_course_requirements
  . openedx.core.djangoapps.schedules.tasks._recurring_nudge_schedule_send
  . openedx.core.djangoapps.schedules.tasks.recurring_nudge_schedule_hour
  . openedx.core.djangoapps.schedules.tasks.update_course_schedules
  . openedx.core.djangoapps.service_status.tasks.delayed_ping
  . openedx.core.djangoapps.verified_track_content.tasks.sync_cohort_with_mode
  . student.tasks.send_activation_email
  . user_tasks.tasks.purge_old_user_tasks

 
 -------------- celery@edx.cms.core.low.tatweer02 v3.1.18 (Cipater)
---- **** ----- 
--- * ***  * -- Linux-4.4.0-93-generic-x86_64-with-Ubuntu-14.04-trusty
-- * - **** --- 
- ** ---------- [config]
- ** ---------- .> app:         proj:0x7fe2783bd250
- ** ---------- .> transport:   amqp://celery:**@localhost:5672//
- ** ---------- .> results:     djcelery.backends.cache:CacheBackend
- *** --- * --- .> concurrency: 1 (prefork)
-- ******* ---- 
--- ***** ----- [queues]
 -------------- .> edx.cms.core.low exchange=edx.cms.core(direct) key=edx.cms.core.low
                

[tasks]
  . celery_utils.tasks.mark_resolved
  . cms_user_tasks.tasks.send_task_complete_email
  . contentstore.tasks.CourseExportTask
  . contentstore.tasks.CourseImportTask
  . contentstore.tasks.export_olx
  . contentstore.tasks.import_olx
  . contentstore.tasks.push_course_update_task
  . contentstore.tasks.rerun_course
  . contentstore.tasks.update_library_index
  . contentstore.tasks.update_search_index
  . lms.djangoapps.grades.tasks.compute_all_grades_for_course
  . lms.djangoapps.grades.tasks.compute_grades_for_course
  . lms.djangoapps.grades.tasks.compute_grades_for_course_v2
  . lms.djangoapps.grades.tasks.recalculate_subsection_grade_v3
  . openedx.core.djangoapps.bookmarks.tasks.update_xblock_cache
  . openedx.core.djangoapps.content.block_structure.tasks.get_course_in_cache
  . openedx.core.djangoapps.content.block_structure.tasks.get_course_in_cache_v2
  . openedx.core.djangoapps.content.block_structure.tasks.update_course_in_cache
  . openedx.core.djangoapps.content.block_structure.tasks.update_course_in_cache_v2
  . openedx.core.djangoapps.content.course_overviews.tasks.async_course_overview_update
  . openedx.core.djangoapps.content.course_structures.tasks.update_course_structure
  . openedx.core.djangoapps.coursegraph.tasks.dump_course_to_neo4j
  . openedx.core.djangoapps.credit.tasks.update_credit_course_requirements
  . openedx.core.djangoapps.schedules.tasks._recurring_nudge_schedule_send
  . openedx.core.djangoapps.schedules.tasks.recurring_nudge_schedule_hour
  . openedx.core.djangoapps.schedules.tasks.update_course_schedules
  . openedx.core.djangoapps.service_status.tasks.delayed_ping
  . openedx.core.djangoapps.verified_track_content.tasks.sync_cohort_with_mode
  . student.tasks.send_activation_email
  . user_tasks.tasks.purge_old_user_tasks

 
 -------------- celery@edx.cms.core.low.tatweer02 v3.1.18 (Cipater)
---- **** ----- 
--- * ***  * -- Linux-4.4.0-93-generic-x86_64-with-Ubuntu-14.04-trusty
-- * - **** --- 
- ** ---------- [config]
- ** ---------- .> app:         proj:0x7f2df42c8250
- ** ---------- .> transport:   amqp://celery:**@localhost:5672//
- ** ---------- .> results:     djcelery.backends.cache:CacheBackend
- *** --- * --- .> concurrency: 1 (prefork)
-- ******* ---- 
--- ***** ----- [queues]
 -------------- .> edx.cms.core.low exchange=edx.cms.core(direct) key=edx.cms.core.low
                

[tasks]
  . celery_utils.tasks.mark_resolved
  . cms_user_tasks.tasks.send_task_complete_email
  . contentstore.tasks.CourseExportTask
  . contentstore.tasks.CourseImportTask
  . contentstore.tasks.export_olx
  . contentstore.tasks.import_olx
  . contentstore.tasks.push_course_update_task
  . contentstore.tasks.rerun_course
  . contentstore.tasks.update_library_index
  . contentstore.tasks.update_search_index
  . lms.djangoapps.grades.tasks.compute_all_grades_for_course
  . lms.djangoapps.grades.tasks.compute_grades_for_course
  . lms.djangoapps.grades.tasks.compute_grades_for_course_v2
  . lms.djangoapps.grades.tasks.recalculate_subsection_grade_v3
  . openedx.core.djangoapps.bookmarks.tasks.update_xblock_cache
  . openedx.core.djangoapps.content.block_structure.tasks.get_course_in_cache
  . openedx.core.djangoapps.content.block_structure.tasks.get_course_in_cache_v2
  . openedx.core.djangoapps.content.block_structure.tasks.update_course_in_cache
  . openedx.core.djangoapps.content.block_structure.tasks.update_course_in_cache_v2
  . openedx.core.djangoapps.content.course_overviews.tasks.async_course_overview_update
  . openedx.core.djangoapps.content.course_structures.tasks.update_course_structure
  . openedx.core.djangoapps.coursegraph.tasks.dump_course_to_neo4j
  . openedx.core.djangoapps.credit.tasks.update_credit_course_requirements
  . openedx.core.djangoapps.schedules.tasks._recurring_nudge_schedule_send
  . openedx.core.djangoapps.schedules.tasks.recurring_nudge_schedule_hour
  . openedx.core.djangoapps.schedules.tasks.update_course_schedules
  . openedx.core.djangoapps.service_status.tasks.delayed_ping
  . openedx.core.djangoapps.verified_track_content.tasks.sync_cohort_with_mode
  . student.tasks.send_activation_email
  . user_tasks.tasks.purge_old_user_tasks

 
 -------------- celery@edx.cms.core.low.tatweer02 v3.1.18 (Cipater)
---- **** ----- 
--- * ***  * -- Linux-4.4.0-93-generic-x86_64-with-Ubuntu-14.04-trusty
-- * - **** --- 
- ** ---------- [config]
- ** ---------- .> app:         proj:0x7fd0252cd250
- ** ---------- .> transport:   amqp://celery:**@localhost:5672//
- ** ---------- .> results:     djcelery.backends.cache:CacheBackend
- *** --- * --- .> concurrency: 1 (prefork)
-- ******* ---- 
--- ***** ----- [queues]
 -------------- .> edx.cms.core.low exchange=edx.cms.core(direct) key=edx.cms.core.low
                

[tasks]
  . celery_utils.tasks.mark_resolved
  . cms_user_tasks.tasks.send_task_complete_email
  . contentstore.tasks.CourseExportTask
  . contentstore.tasks.CourseImportTask
  . contentstore.tasks.export_olx
  . contentstore.tasks.import_olx
  . contentstore.tasks.push_course_update_task
  . contentstore.tasks.rerun_course
  . contentstore.tasks.update_library_index
  . contentstore.tasks.update_search_index
  . lms.djangoapps.grades.tasks.compute_all_grades_for_course
  . lms.djangoapps.grades.tasks.compute_grades_for_course
  . lms.djangoapps.grades.tasks.compute_grades_for_course_v2
  . lms.djangoapps.grades.tasks.recalculate_subsection_grade_v3
  . openedx.core.djangoapps.bookmarks.tasks.update_xblock_cache
  . openedx.core.djangoapps.content.block_structure.tasks.get_course_in_cache
  . openedx.core.djangoapps.content.block_structure.tasks.get_course_in_cache_v2
  . openedx.core.djangoapps.content.block_structure.tasks.update_course_in_cache
  . openedx.core.djangoapps.content.block_structure.tasks.update_course_in_cache_v2
  . openedx.core.djangoapps.content.course_overviews.tasks.async_course_overview_update
  . openedx.core.djangoapps.content.course_structures.tasks.update_course_structure
  . openedx.core.djangoapps.coursegraph.tasks.dump_course_to_neo4j
  . openedx.core.djangoapps.credit.tasks.update_credit_course_requirements
  . openedx.core.djangoapps.schedules.tasks._recurring_nudge_schedule_send
  . openedx.core.djangoapps.schedules.tasks.recurring_nudge_schedule_hour
  . openedx.core.djangoapps.schedules.tasks.update_course_schedules
  . openedx.core.djangoapps.service_status.tasks.delayed_ping
  . openedx.core.djangoapps.verified_track_content.tasks.sync_cohort_with_mode
  . student.tasks.send_activation_email
  . user_tasks.tasks.purge_old_user_tasks

 
 -------------- celery@edx.cms.core.low.tatweer02 v3.1.18 (Cipater)
---- **** ----- 
--- * ***  * -- Linux-4.4.0-93-generic-x86_64-with-Ubuntu-14.04-trusty
-- * - **** --- 
- ** ---------- [config]
- ** ---------- .> app:         proj:0x7fd821bbd250
- ** ---------- .> transport:   amqp://celery:**@localhost:5672//
- ** ---------- .> results:     djcelery.backends.cache:CacheBackend
- *** --- * --- .> concurrency: 1 (prefork)
-- ******* ---- 
--- ***** ----- [queues]
 -------------- .> edx.cms.core.low exchange=edx.cms.core(direct) key=edx.cms.core.low
                

[tasks]
  . celery_utils.tasks.mark_resolved
  . cms_user_tasks.tasks.send_task_complete_email
  . contentstore.tasks.CourseExportTask
  . contentstore.tasks.CourseImportTask
  . contentstore.tasks.export_olx
  . contentstore.tasks.import_olx
  . contentstore.tasks.push_course_update_task
  . contentstore.tasks.rerun_course
  . contentstore.tasks.update_library_index
  . contentstore.tasks.update_search_index
  . lms.djangoapps.grades.tasks.compute_all_grades_for_course
  . lms.djangoapps.grades.tasks.compute_grades_for_course
  . lms.djangoapps.grades.tasks.compute_grades_for_course_v2
  . lms.djangoapps.grades.tasks.recalculate_subsection_grade_v3
  . openedx.core.djangoapps.bookmarks.tasks.update_xblock_cache
  . openedx.core.djangoapps.content.block_structure.tasks.get_course_in_cache
  . openedx.core.djangoapps.content.block_structure.tasks.get_course_in_cache_v2
  . openedx.core.djangoapps.content.block_structure.tasks.update_course_in_cache
  . openedx.core.djangoapps.content.block_structure.tasks.update_course_in_cache_v2
  . openedx.core.djangoapps.content.course_overviews.tasks.async_course_overview_update
  . openedx.core.djangoapps.content.course_structures.tasks.update_course_structure
  . openedx.core.djangoapps.coursegraph.tasks.dump_course_to_neo4j
  . openedx.core.djangoapps.credit.tasks.update_credit_course_requirements
  . openedx.core.djangoapps.schedules.tasks._recurring_nudge_schedule_send
  . openedx.core.djangoapps.schedules.tasks.recurring_nudge_schedule_hour
  . openedx.core.djangoapps.schedules.tasks.update_course_schedules
  . openedx.core.djangoapps.service_status.tasks.delayed_ping
  . openedx.core.djangoapps.verified_track_content.tasks.sync_cohort_with_mode
  . student.tasks.send_activation_email
  . user_tasks.tasks.purge_old_user_tasks

 
 -------------- celery@edx.cms.core.low.tatweer02 v3.1.18 (Cipater)
---- **** ----- 
--- * ***  * -- Linux-4.4.0-93-generic-x86_64-with-Ubuntu-14.04-trusty
-- * - **** --- 
- ** ---------- [config]
- ** ---------- .> app:         proj:0x7fea1f7af250
- ** ---------- .> transport:   amqp://celery:**@localhost:5672//
- ** ---------- .> results:     djcelery.backends.cache:CacheBackend
- *** --- * --- .> concurrency: 1 (prefork)
-- ******* ---- 
--- ***** ----- [queues]
 -------------- .> edx.cms.core.low exchange=edx.cms.core(direct) key=edx.cms.core.low
                

[tasks]
  . celery_utils.tasks.mark_resolved
  . cms_user_tasks.tasks.send_task_complete_email
  . contentstore.tasks.CourseExportTask
  . contentstore.tasks.CourseImportTask
  . contentstore.tasks.export_olx
  . contentstore.tasks.import_olx
  . contentstore.tasks.push_course_update_task
  . contentstore.tasks.rerun_course
  . contentstore.tasks.update_library_index
  . contentstore.tasks.update_search_index
  . lms.djangoapps.grades.tasks.compute_all_grades_for_course
  . lms.djangoapps.grades.tasks.compute_grades_for_course
  . lms.djangoapps.grades.tasks.compute_grades_for_course_v2
  . lms.djangoapps.grades.tasks.recalculate_subsection_grade_v3
  . openedx.core.djangoapps.bookmarks.tasks.update_xblock_cache
  . openedx.core.djangoapps.content.block_structure.tasks.get_course_in_cache
  . openedx.core.djangoapps.content.block_structure.tasks.get_course_in_cache_v2
  . openedx.core.djangoapps.content.block_structure.tasks.update_course_in_cache
  . openedx.core.djangoapps.content.block_structure.tasks.update_course_in_cache_v2
  . openedx.core.djangoapps.content.course_overviews.tasks.async_course_overview_update
  . openedx.core.djangoapps.content.course_structures.tasks.update_course_structure
  . openedx.core.djangoapps.coursegraph.tasks.dump_course_to_neo4j
  . openedx.core.djangoapps.credit.tasks.update_credit_course_requirements
  . openedx.core.djangoapps.schedules.tasks._recurring_nudge_schedule_send
  . openedx.core.djangoapps.schedules.tasks.recurring_nudge_schedule_hour
  . openedx.core.djangoapps.schedules.tasks.update_course_schedules
  . openedx.core.djangoapps.service_status.tasks.delayed_ping
  . openedx.core.djangoapps.verified_track_content.tasks.sync_cohort_with_mode
  . student.tasks.send_activation_email
  . user_tasks.tasks.purge_old_user_tasks

 
 -------------- celery@edx.cms.core.low.tatweer02 v3.1.18 (Cipater)
---- **** ----- 
--- * ***  * -- Linux-4.4.0-93-generic-x86_64-with-Ubuntu-14.04-trusty
-- * - **** --- 
- ** ---------- [config]
- ** ---------- .> app:         proj:0x7f1941d94250
- ** ---------- .> transport:   amqp://celery:**@localhost:5672//
- ** ---------- .> results:     djcelery.backends.cache:CacheBackend
- *** --- * --- .> concurrency: 1 (prefork)
-- ******* ---- 
--- ***** ----- [queues]
 -------------- .> edx.cms.core.low exchange=edx.cms.core(direct) key=edx.cms.core.low
                

[tasks]
  . celery_utils.tasks.mark_resolved
  . cms_user_tasks.tasks.send_task_complete_email
  . contentstore.tasks.CourseExportTask
  . contentstore.tasks.CourseImportTask
  . contentstore.tasks.export_olx
  . contentstore.tasks.import_olx
  . contentstore.tasks.push_course_update_task
  . contentstore.tasks.rerun_course
  . contentstore.tasks.update_library_index
  . contentstore.tasks.update_search_index
  . lms.djangoapps.grades.tasks.compute_all_grades_for_course
  . lms.djangoapps.grades.tasks.compute_grades_for_course
  . lms.djangoapps.grades.tasks.compute_grades_for_course_v2
  . lms.djangoapps.grades.tasks.recalculate_subsection_grade_v3
  . openedx.core.djangoapps.bookmarks.tasks.update_xblock_cache
  . openedx.core.djangoapps.content.block_structure.tasks.get_course_in_cache
  . openedx.core.djangoapps.content.block_structure.tasks.get_course_in_cache_v2
  . openedx.core.djangoapps.content.block_structure.tasks.update_course_in_cache
  . openedx.core.djangoapps.content.block_structure.tasks.update_course_in_cache_v2
  . openedx.core.djangoapps.content.course_overviews.tasks.async_course_overview_update
  . openedx.core.djangoapps.content.course_structures.tasks.update_course_structure
  . openedx.core.djangoapps.coursegraph.tasks.dump_course_to_neo4j
  . openedx.core.djangoapps.credit.tasks.update_credit_course_requirements
  . openedx.core.djangoapps.schedules.tasks._recurring_nudge_schedule_send
  . openedx.core.djangoapps.schedules.tasks.recurring_nudge_schedule_hour
  . openedx.core.djangoapps.schedules.tasks.update_course_schedules
  . openedx.core.djangoapps.service_status.tasks.delayed_ping
  . openedx.core.djangoapps.verified_track_content.tasks.sync_cohort_with_mode
  . student.tasks.send_activation_email
  . user_tasks.tasks.purge_old_user_tasks

 
 -------------- celery@edx.cms.core.low.tatweer02 v3.1.18 (Cipater)
---- **** ----- 
--- * ***  * -- Linux-4.4.0-93-generic-x86_64-with-Ubuntu-14.04-trusty
-- * - **** --- 
- ** ---------- [config]
- ** ---------- .> app:         proj:0x7f72e83f4250
- ** ---------- .> transport:   amqp://celery:**@localhost:5672//
- ** ---------- .> results:     djcelery.backends.cache:CacheBackend
- *** --- * --- .> concurrency: 1 (prefork)
-- ******* ---- 
--- ***** ----- [queues]
 -------------- .> edx.cms.core.low exchange=edx.cms.core(direct) key=edx.cms.core.low
                

[tasks]
  . celery_utils.tasks.mark_resolved
  . cms_user_tasks.tasks.send_task_complete_email
  . contentstore.tasks.CourseExportTask
  . contentstore.tasks.CourseImportTask
  . contentstore.tasks.export_olx
  . contentstore.tasks.import_olx
  . contentstore.tasks.push_course_update_task
  . contentstore.tasks.rerun_course
  . contentstore.tasks.update_library_index
  . contentstore.tasks.update_search_index
  . lms.djangoapps.grades.tasks.compute_all_grades_for_course
  . lms.djangoapps.grades.tasks.compute_grades_for_course
  . lms.djangoapps.grades.tasks.compute_grades_for_course_v2
  . lms.djangoapps.grades.tasks.recalculate_subsection_grade_v3
  . openedx.core.djangoapps.bookmarks.tasks.update_xblock_cache
  . openedx.core.djangoapps.content.block_structure.tasks.get_course_in_cache
  . openedx.core.djangoapps.content.block_structure.tasks.get_course_in_cache_v2
  . openedx.core.djangoapps.content.block_structure.tasks.update_course_in_cache
  . openedx.core.djangoapps.content.block_structure.tasks.update_course_in_cache_v2
  . openedx.core.djangoapps.content.course_overviews.tasks.async_course_overview_update
  . openedx.core.djangoapps.content.course_structures.tasks.update_course_structure
  . openedx.core.djangoapps.coursegraph.tasks.dump_course_to_neo4j
  . openedx.core.djangoapps.credit.tasks.update_credit_course_requirements
  . openedx.core.djangoapps.schedules.tasks._recurring_nudge_schedule_send
  . openedx.core.djangoapps.schedules.tasks.recurring_nudge_schedule_hour
  . openedx.core.djangoapps.schedules.tasks.update_course_schedules
  . openedx.core.djangoapps.service_status.tasks.delayed_ping
  . openedx.core.djangoapps.verified_track_content.tasks.sync_cohort_with_mode
  . student.tasks.send_activation_email
  . user_tasks.tasks.purge_old_user_tasks

 
 -------------- celery@edx.cms.core.low.tatweer02 v3.1.18 (Cipater)
---- **** ----- 
--- * ***  * -- Linux-4.4.0-93-generic-x86_64-with-Ubuntu-14.04-trusty
-- * - **** --- 
- ** ---------- [config]
- ** ---------- .> app:         proj:0x7fe7e256b250
- ** ---------- .> transport:   amqp://celery:**@localhost:5672//
- ** ---------- .> results:     djcelery.backends.cache:CacheBackend
- *** --- * --- .> concurrency: 1 (prefork)
-- ******* ---- 
--- ***** ----- [queues]
 -------------- .> edx.cms.core.low exchange=edx.cms.core(direct) key=edx.cms.core.low
                

[tasks]
  . celery_utils.tasks.mark_resolved
  . cms_user_tasks.tasks.send_task_complete_email
  . contentstore.tasks.CourseExportTask
  . contentstore.tasks.CourseImportTask
  . contentstore.tasks.export_olx
  . contentstore.tasks.import_olx
  . contentstore.tasks.push_course_update_task
  . contentstore.tasks.rerun_course
  . contentstore.tasks.update_library_index
  . contentstore.tasks.update_search_index
  . lms.djangoapps.grades.tasks.compute_all_grades_for_course
  . lms.djangoapps.grades.tasks.compute_grades_for_course
  . lms.djangoapps.grades.tasks.compute_grades_for_course_v2
  . lms.djangoapps.grades.tasks.recalculate_subsection_grade_v3
  . openedx.core.djangoapps.bookmarks.tasks.update_xblock_cache
  . openedx.core.djangoapps.content.block_structure.tasks.get_course_in_cache
  . openedx.core.djangoapps.content.block_structure.tasks.get_course_in_cache_v2
  . openedx.core.djangoapps.content.block_structure.tasks.update_course_in_cache
  . openedx.core.djangoapps.content.block_structure.tasks.update_course_in_cache_v2
  . openedx.core.djangoapps.content.course_overviews.tasks.async_course_overview_update
  . openedx.core.djangoapps.content.course_structures.tasks.update_course_structure
  . openedx.core.djangoapps.coursegraph.tasks.dump_course_to_neo4j
  . openedx.core.djangoapps.credit.tasks.update_credit_course_requirements
  . openedx.core.djangoapps.schedules.tasks._recurring_nudge_schedule_send
  . openedx.core.djangoapps.schedules.tasks.recurring_nudge_schedule_hour
  . openedx.core.djangoapps.schedules.tasks.update_course_schedules
  . openedx.core.djangoapps.service_status.tasks.delayed_ping
  . openedx.core.djangoapps.verified_track_content.tasks.sync_cohort_with_mode
  . student.tasks.send_activation_email
  . user_tasks.tasks.purge_old_user_tasks

 
 -------------- celery@edx.cms.core.low.tatweer02 v3.1.18 (Cipater)
---- **** ----- 
--- * ***  * -- Linux-4.4.0-93-generic-x86_64-with-Ubuntu-14.04-trusty
-- * - **** --- 
- ** ---------- [config]
- ** ---------- .> app:         proj:0x7f1cb788d250
- ** ---------- .> transport:   amqp://celery:**@localhost:5672//
- ** ---------- .> results:     djcelery.backends.cache:CacheBackend
- *** --- * --- .> concurrency: 1 (prefork)
-- ******* ---- 
--- ***** ----- [queues]
 -------------- .> edx.cms.core.low exchange=edx.cms.core(direct) key=edx.cms.core.low
                

[tasks]
  . celery_utils.tasks.mark_resolved
  . cms_user_tasks.tasks.send_task_complete_email
  . contentstore.tasks.CourseExportTask
  . contentstore.tasks.CourseImportTask
  . contentstore.tasks.export_olx
  . contentstore.tasks.import_olx
  . contentstore.tasks.push_course_update_task
  . contentstore.tasks.rerun_course
  . contentstore.tasks.update_library_index
  . contentstore.tasks.update_search_index
  . lms.djangoapps.grades.tasks.compute_all_grades_for_course
  . lms.djangoapps.grades.tasks.compute_grades_for_course
  . lms.djangoapps.grades.tasks.compute_grades_for_course_v2
  . lms.djangoapps.grades.tasks.recalculate_subsection_grade_v3
  . openedx.core.djangoapps.bookmarks.tasks.update_xblock_cache
  . openedx.core.djangoapps.content.block_structure.tasks.get_course_in_cache
  . openedx.core.djangoapps.content.block_structure.tasks.get_course_in_cache_v2
  . openedx.core.djangoapps.content.block_structure.tasks.update_course_in_cache
  . openedx.core.djangoapps.content.block_structure.tasks.update_course_in_cache_v2
  . openedx.core.djangoapps.content.course_overviews.tasks.async_course_overview_update
  . openedx.core.djangoapps.content.course_structures.tasks.update_course_structure
  . openedx.core.djangoapps.coursegraph.tasks.dump_course_to_neo4j
  . openedx.core.djangoapps.credit.tasks.update_credit_course_requirements
  . openedx.core.djangoapps.schedules.tasks._recurring_nudge_schedule_send
  . openedx.core.djangoapps.schedules.tasks.recurring_nudge_schedule_hour
  . openedx.core.djangoapps.schedules.tasks.update_course_schedules
  . openedx.core.djangoapps.service_status.tasks.delayed_ping
  . openedx.core.djangoapps.verified_track_content.tasks.sync_cohort_with_mode
  . student.tasks.send_activation_email
  . user_tasks.tasks.purge_old_user_tasks

 
 -------------- celery@edx.cms.core.low.tatweer02 v3.1.18 (Cipater)
---- **** ----- 
--- * ***  * -- Linux-4.4.0-93-generic-x86_64-with-Ubuntu-14.04-trusty
-- * - **** --- 
- ** ---------- [config]
- ** ---------- .> app:         proj:0x7fa7a527a250
- ** ---------- .> transport:   amqp://celery:**@localhost:5672//
- ** ---------- .> results:     djcelery.backends.cache:CacheBackend
- *** --- * --- .> concurrency: 1 (prefork)
-- ******* ---- 
--- ***** ----- [queues]
 -------------- .> edx.cms.core.low exchange=edx.cms.core(direct) key=edx.cms.core.low
                

[tasks]
  . celery_utils.tasks.mark_resolved
  . cms_user_tasks.tasks.send_task_complete_email
  . contentstore.tasks.CourseExportTask
  . contentstore.tasks.CourseImportTask
  . contentstore.tasks.export_olx
  . contentstore.tasks.import_olx
  . contentstore.tasks.push_course_update_task
  . contentstore.tasks.rerun_course
  . contentstore.tasks.update_library_index
  . contentstore.tasks.update_search_index
  . lms.djangoapps.grades.tasks.compute_all_grades_for_course
  . lms.djangoapps.grades.tasks.compute_grades_for_course
  . lms.djangoapps.grades.tasks.compute_grades_for_course_v2
  . lms.djangoapps.grades.tasks.recalculate_subsection_grade_v3
  . openedx.core.djangoapps.bookmarks.tasks.update_xblock_cache
  . openedx.core.djangoapps.content.block_structure.tasks.get_course_in_cache
  . openedx.core.djangoapps.content.block_structure.tasks.get_course_in_cache_v2
  . openedx.core.djangoapps.content.block_structure.tasks.update_course_in_cache
  . openedx.core.djangoapps.content.block_structure.tasks.update_course_in_cache_v2
  . openedx.core.djangoapps.content.course_overviews.tasks.async_course_overview_update
  . openedx.core.djangoapps.content.course_structures.tasks.update_course_structure
  . openedx.core.djangoapps.coursegraph.tasks.dump_course_to_neo4j
  . openedx.core.djangoapps.credit.tasks.update_credit_course_requirements
  . openedx.core.djangoapps.schedules.tasks._recurring_nudge_schedule_send
  . openedx.core.djangoapps.schedules.tasks.recurring_nudge_schedule_hour
  . openedx.core.djangoapps.schedules.tasks.update_course_schedules
  . openedx.core.djangoapps.service_status.tasks.delayed_ping
  . openedx.core.djangoapps.verified_track_content.tasks.sync_cohort_with_mode
  . student.tasks.send_activation_email
  . user_tasks.tasks.purge_old_user_tasks

 
 -------------- celery@edx.cms.core.low.tatweer02 v3.1.18 (Cipater)
---- **** ----- 
--- * ***  * -- Linux-4.4.0-93-generic-x86_64-with-Ubuntu-14.04-trusty
-- * - **** --- 
- ** ---------- [config]
- ** ---------- .> app:         proj:0x7ff75e858250
- ** ---------- .> transport:   amqp://celery:**@localhost:5672//
- ** ---------- .> results:     djcelery.backends.cache:CacheBackend
- *** --- * --- .> concurrency: 1 (prefork)
-- ******* ---- 
--- ***** ----- [queues]
 -------------- .> edx.cms.core.low exchange=edx.cms.core(direct) key=edx.cms.core.low
                

[tasks]
  . celery_utils.tasks.mark_resolved
  . cms_user_tasks.tasks.send_task_complete_email
  . contentstore.tasks.CourseExportTask
  . contentstore.tasks.CourseImportTask
  . contentstore.tasks.export_olx
  . contentstore.tasks.import_olx
  . contentstore.tasks.push_course_update_task
  . contentstore.tasks.rerun_course
  . contentstore.tasks.update_library_index
  . contentstore.tasks.update_search_index
  . lms.djangoapps.grades.tasks.compute_all_grades_for_course
  . lms.djangoapps.grades.tasks.compute_grades_for_course
  . lms.djangoapps.grades.tasks.compute_grades_for_course_v2
  . lms.djangoapps.grades.tasks.recalculate_subsection_grade_v3
  . openedx.core.djangoapps.bookmarks.tasks.update_xblock_cache
  . openedx.core.djangoapps.content.block_structure.tasks.get_course_in_cache
  . openedx.core.djangoapps.content.block_structure.tasks.get_course_in_cache_v2
  . openedx.core.djangoapps.content.block_structure.tasks.update_course_in_cache
  . openedx.core.djangoapps.content.block_structure.tasks.update_course_in_cache_v2
  . openedx.core.djangoapps.content.course_overviews.tasks.async_course_overview_update
  . openedx.core.djangoapps.content.course_structures.tasks.update_course_structure
  . openedx.core.djangoapps.coursegraph.tasks.dump_course_to_neo4j
  . openedx.core.djangoapps.credit.tasks.update_credit_course_requirements
  . openedx.core.djangoapps.schedules.tasks._recurring_nudge_schedule_send
  . openedx.core.djangoapps.schedules.tasks.recurring_nudge_schedule_hour
  . openedx.core.djangoapps.schedules.tasks.update_course_schedules
  . openedx.core.djangoapps.service_status.tasks.delayed_ping
  . openedx.core.djangoapps.verified_track_content.tasks.sync_cohort_with_mode
  . student.tasks.send_activation_email
  . user_tasks.tasks.purge_old_user_tasks

 
 -------------- celery@edx.cms.core.low.tatweer02 v3.1.18 (Cipater)
---- **** ----- 
--- * ***  * -- Linux-4.4.0-93-generic-x86_64-with-Ubuntu-14.04-trusty
-- * - **** --- 
- ** ---------- [config]
- ** ---------- .> app:         proj:0x7f851ccd6250
- ** ---------- .> transport:   amqp://celery:**@localhost:5672//
- ** ---------- .> results:     djcelery.backends.cache:CacheBackend
- *** --- * --- .> concurrency: 1 (prefork)
-- ******* ---- 
--- ***** ----- [queues]
 -------------- .> edx.cms.core.low exchange=edx.cms.core(direct) key=edx.cms.core.low
                

[tasks]
  . celery_utils.tasks.mark_resolved
  . cms_user_tasks.tasks.send_task_complete_email
  . contentstore.tasks.CourseExportTask
  . contentstore.tasks.CourseImportTask
  . contentstore.tasks.export_olx
  . contentstore.tasks.import_olx
  . contentstore.tasks.push_course_update_task
  . contentstore.tasks.rerun_course
  . contentstore.tasks.update_library_index
  . contentstore.tasks.update_search_index
  . lms.djangoapps.grades.tasks.compute_all_grades_for_course
  . lms.djangoapps.grades.tasks.compute_grades_for_course
  . lms.djangoapps.grades.tasks.compute_grades_for_course_v2
  . lms.djangoapps.grades.tasks.recalculate_subsection_grade_v3
  . openedx.core.djangoapps.bookmarks.tasks.update_xblock_cache
  . openedx.core.djangoapps.content.block_structure.tasks.get_course_in_cache
  . openedx.core.djangoapps.content.block_structure.tasks.get_course_in_cache_v2
  . openedx.core.djangoapps.content.block_structure.tasks.update_course_in_cache
  . openedx.core.djangoapps.content.block_structure.tasks.update_course_in_cache_v2
  . openedx.core.djangoapps.content.course_overviews.tasks.async_course_overview_update
  . openedx.core.djangoapps.content.course_structures.tasks.update_course_structure
  . openedx.core.djangoapps.coursegraph.tasks.dump_course_to_neo4j
  . openedx.core.djangoapps.credit.tasks.update_credit_course_requirements
  . openedx.core.djangoapps.schedules.tasks._recurring_nudge_schedule_send
  . openedx.core.djangoapps.schedules.tasks.recurring_nudge_schedule_hour
  . openedx.core.djangoapps.schedules.tasks.update_course_schedules
  . openedx.core.djangoapps.service_status.tasks.delayed_ping
  . openedx.core.djangoapps.verified_track_content.tasks.sync_cohort_with_mode
  . student.tasks.send_activation_email
  . user_tasks.tasks.purge_old_user_tasks

 
 -------------- celery@edx.cms.core.low.tatweer02 v3.1.18 (Cipater)
---- **** ----- 
--- * ***  * -- Linux-4.4.0-93-generic-x86_64-with-Ubuntu-14.04-trusty
-- * - **** --- 
- ** ---------- [config]
- ** ---------- .> app:         proj:0x7f868984f250
- ** ---------- .> transport:   amqp://celery:**@localhost:5672//
- ** ---------- .> results:     djcelery.backends.cache:CacheBackend
- *** --- * --- .> concurrency: 1 (prefork)
-- ******* ---- 
--- ***** ----- [queues]
 -------------- .> edx.cms.core.low exchange=edx.cms.core(direct) key=edx.cms.core.low
                

[tasks]
  . celery_utils.tasks.mark_resolved
  . cms_user_tasks.tasks.send_task_complete_email
  . contentstore.tasks.CourseExportTask
  . contentstore.tasks.CourseImportTask
  . contentstore.tasks.export_olx
  . contentstore.tasks.import_olx
  . contentstore.tasks.push_course_update_task
  . contentstore.tasks.rerun_course
  . contentstore.tasks.update_library_index
  . contentstore.tasks.update_search_index
  . lms.djangoapps.grades.tasks.compute_all_grades_for_course
  . lms.djangoapps.grades.tasks.compute_grades_for_course
  . lms.djangoapps.grades.tasks.compute_grades_for_course_v2
  . lms.djangoapps.grades.tasks.recalculate_subsection_grade_v3
  . openedx.core.djangoapps.bookmarks.tasks.update_xblock_cache
  . openedx.core.djangoapps.content.block_structure.tasks.get_course_in_cache
  . openedx.core.djangoapps.content.block_structure.tasks.get_course_in_cache_v2
  . openedx.core.djangoapps.content.block_structure.tasks.update_course_in_cache
  . openedx.core.djangoapps.content.block_structure.tasks.update_course_in_cache_v2
  . openedx.core.djangoapps.content.course_overviews.tasks.async_course_overview_update
  . openedx.core.djangoapps.content.course_structures.tasks.update_course_structure
  . openedx.core.djangoapps.coursegraph.tasks.dump_course_to_neo4j
  . openedx.core.djangoapps.credit.tasks.update_credit_course_requirements
  . openedx.core.djangoapps.schedules.tasks._recurring_nudge_schedule_send
  . openedx.core.djangoapps.schedules.tasks.recurring_nudge_schedule_hour
  . openedx.core.djangoapps.schedules.tasks.update_course_schedules
  . openedx.core.djangoapps.service_status.tasks.delayed_ping
  . openedx.core.djangoapps.verified_track_content.tasks.sync_cohort_with_mode
  . student.tasks.send_activation_email
  . user_tasks.tasks.purge_old_user_tasks

 
 -------------- celery@edx.cms.core.low.tatweer02 v3.1.18 (Cipater)
---- **** ----- 
--- * ***  * -- Linux-4.4.0-93-generic-x86_64-with-Ubuntu-14.04-trusty
-- * - **** --- 
- ** ---------- [config]
- ** ---------- .> app:         proj:0x7fa3dfab1250
- ** ---------- .> transport:   amqp://celery:**@localhost:5672//
- ** ---------- .> results:     djcelery.backends.cache:CacheBackend
- *** --- * --- .> concurrency: 1 (prefork)
-- ******* ---- 
--- ***** ----- [queues]
 -------------- .> edx.cms.core.low exchange=edx.cms.core(direct) key=edx.cms.core.low
                

[tasks]
  . celery_utils.tasks.mark_resolved
  . cms_user_tasks.tasks.send_task_complete_email
  . contentstore.tasks.CourseExportTask
  . contentstore.tasks.CourseImportTask
  . contentstore.tasks.export_olx
  . contentstore.tasks.import_olx
  . contentstore.tasks.push_course_update_task
  . contentstore.tasks.rerun_course
  . contentstore.tasks.update_library_index
  . contentstore.tasks.update_search_index
  . lms.djangoapps.grades.tasks.compute_all_grades_for_course
  . lms.djangoapps.grades.tasks.compute_grades_for_course
  . lms.djangoapps.grades.tasks.compute_grades_for_course_v2
  . lms.djangoapps.grades.tasks.recalculate_subsection_grade_v3
  . openedx.core.djangoapps.bookmarks.tasks.update_xblock_cache
  . openedx.core.djangoapps.content.block_structure.tasks.get_course_in_cache
  . openedx.core.djangoapps.content.block_structure.tasks.get_course_in_cache_v2
  . openedx.core.djangoapps.content.block_structure.tasks.update_course_in_cache
  . openedx.core.djangoapps.content.block_structure.tasks.update_course_in_cache_v2
  . openedx.core.djangoapps.content.course_overviews.tasks.async_course_overview_update
  . openedx.core.djangoapps.content.course_structures.tasks.update_course_structure
  . openedx.core.djangoapps.coursegraph.tasks.dump_course_to_neo4j
  . openedx.core.djangoapps.credit.tasks.update_credit_course_requirements
  . openedx.core.djangoapps.schedules.tasks._recurring_nudge_schedule_send
  . openedx.core.djangoapps.schedules.tasks.recurring_nudge_schedule_hour
  . openedx.core.djangoapps.schedules.tasks.update_course_schedules
  . openedx.core.djangoapps.service_status.tasks.delayed_ping
  . openedx.core.djangoapps.verified_track_content.tasks.sync_cohort_with_mode
  . student.tasks.send_activation_email
  . user_tasks.tasks.purge_old_user_tasks

 
 -------------- celery@edx.cms.core.low.tatweer02 v3.1.18 (Cipater)
---- **** ----- 
--- * ***  * -- Linux-4.4.0-93-generic-x86_64-with-Ubuntu-14.04-trusty
-- * - **** --- 
- ** ---------- [config]
- ** ---------- .> app:         proj:0x7f8b4d79d250
- ** ---------- .> transport:   amqp://celery:**@localhost:5672//
- ** ---------- .> results:     djcelery.backends.cache:CacheBackend
- *** --- * --- .> concurrency: 1 (prefork)
-- ******* ---- 
--- ***** ----- [queues]
 -------------- .> edx.cms.core.low exchange=edx.cms.core(direct) key=edx.cms.core.low
                

[tasks]
  . celery_utils.tasks.mark_resolved
  . cms_user_tasks.tasks.send_task_complete_email
  . contentstore.tasks.CourseExportTask
  . contentstore.tasks.CourseImportTask
  . contentstore.tasks.export_olx
  . contentstore.tasks.import_olx
  . contentstore.tasks.push_course_update_task
  . contentstore.tasks.rerun_course
  . contentstore.tasks.update_library_index
  . contentstore.tasks.update_search_index
  . lms.djangoapps.grades.tasks.compute_all_grades_for_course
  . lms.djangoapps.grades.tasks.compute_grades_for_course
  . lms.djangoapps.grades.tasks.compute_grades_for_course_v2
  . lms.djangoapps.grades.tasks.recalculate_subsection_grade_v3
  . openedx.core.djangoapps.bookmarks.tasks.update_xblock_cache
  . openedx.core.djangoapps.content.block_structure.tasks.get_course_in_cache
  . openedx.core.djangoapps.content.block_structure.tasks.get_course_in_cache_v2
  . openedx.core.djangoapps.content.block_structure.tasks.update_course_in_cache
  . openedx.core.djangoapps.content.block_structure.tasks.update_course_in_cache_v2
  . openedx.core.djangoapps.content.course_overviews.tasks.async_course_overview_update
  . openedx.core.djangoapps.content.course_structures.tasks.update_course_structure
  . openedx.core.djangoapps.coursegraph.tasks.dump_course_to_neo4j
  . openedx.core.djangoapps.credit.tasks.update_credit_course_requirements
  . openedx.core.djangoapps.schedules.tasks._recurring_nudge_schedule_send
  . openedx.core.djangoapps.schedules.tasks.recurring_nudge_schedule_hour
  . openedx.core.djangoapps.schedules.tasks.update_course_schedules
  . openedx.core.djangoapps.service_status.tasks.delayed_ping
  . openedx.core.djangoapps.verified_track_content.tasks.sync_cohort_with_mode
  . student.tasks.send_activation_email
  . user_tasks.tasks.purge_old_user_tasks

 
 -------------- celery@edx.cms.core.low.tatweer02 v3.1.18 (Cipater)
---- **** ----- 
--- * ***  * -- Linux-4.4.0-93-generic-x86_64-with-Ubuntu-14.04-trusty
-- * - **** --- 
- ** ---------- [config]
- ** ---------- .> app:         proj:0x7fd8df44e250
- ** ---------- .> transport:   amqp://celery:**@localhost:5672//
- ** ---------- .> results:     djcelery.backends.cache:CacheBackend
- *** --- * --- .> concurrency: 1 (prefork)
-- ******* ---- 
--- ***** ----- [queues]
 -------------- .> edx.cms.core.low exchange=edx.cms.core(direct) key=edx.cms.core.low
                

[tasks]
  . celery_utils.tasks.mark_resolved
  . cms_user_tasks.tasks.send_task_complete_email
  . contentstore.tasks.CourseExportTask
  . contentstore.tasks.CourseImportTask
  . contentstore.tasks.export_olx
  . contentstore.tasks.import_olx
  . contentstore.tasks.push_course_update_task
  . contentstore.tasks.rerun_course
  . contentstore.tasks.update_library_index
  . contentstore.tasks.update_search_index
  . lms.djangoapps.grades.tasks.compute_all_grades_for_course
  . lms.djangoapps.grades.tasks.compute_grades_for_course
  . lms.djangoapps.grades.tasks.compute_grades_for_course_v2
  . lms.djangoapps.grades.tasks.recalculate_subsection_grade_v3
  . openedx.core.djangoapps.bookmarks.tasks.update_xblock_cache
  . openedx.core.djangoapps.content.block_structure.tasks.get_course_in_cache
  . openedx.core.djangoapps.content.block_structure.tasks.get_course_in_cache_v2
  . openedx.core.djangoapps.content.block_structure.tasks.update_course_in_cache
  . openedx.core.djangoapps.content.block_structure.tasks.update_course_in_cache_v2
  . openedx.core.djangoapps.content.course_overviews.tasks.async_course_overview_update
  . openedx.core.djangoapps.content.course_structures.tasks.update_course_structure
  . openedx.core.djangoapps.coursegraph.tasks.dump_course_to_neo4j
  . openedx.core.djangoapps.credit.tasks.update_credit_course_requirements
  . openedx.core.djangoapps.schedules.tasks._recurring_nudge_schedule_send
  . openedx.core.djangoapps.schedules.tasks.recurring_nudge_schedule_hour
  . openedx.core.djangoapps.schedules.tasks.update_course_schedules
  . openedx.core.djangoapps.service_status.tasks.delayed_ping
  . openedx.core.djangoapps.verified_track_content.tasks.sync_cohort_with_mode
  . student.tasks.send_activation_email
  . user_tasks.tasks.purge_old_user_tasks

 
 -------------- celery@edx.cms.core.low.tatweer02 v3.1.18 (Cipater)
---- **** ----- 
--- * ***  * -- Linux-4.4.0-93-generic-x86_64-with-Ubuntu-14.04-trusty
-- * - **** --- 
- ** ---------- [config]
- ** ---------- .> app:         proj:0x7f20368c8250
- ** ---------- .> transport:   amqp://celery:**@localhost:5672//
- ** ---------- .> results:     djcelery.backends.cache:CacheBackend
- *** --- * --- .> concurrency: 1 (prefork)
-- ******* ---- 
--- ***** ----- [queues]
 -------------- .> edx.cms.core.low exchange=edx.cms.core(direct) key=edx.cms.core.low
                

[tasks]
  . celery_utils.tasks.mark_resolved
  . cms_user_tasks.tasks.send_task_complete_email
  . contentstore.tasks.CourseExportTask
  . contentstore.tasks.CourseImportTask
  . contentstore.tasks.export_olx
  . contentstore.tasks.import_olx
  . contentstore.tasks.push_course_update_task
  . contentstore.tasks.rerun_course
  . contentstore.tasks.update_library_index
  . contentstore.tasks.update_search_index
  . lms.djangoapps.grades.tasks.compute_all_grades_for_course
  . lms.djangoapps.grades.tasks.compute_grades_for_course
  . lms.djangoapps.grades.tasks.compute_grades_for_course_v2
  . lms.djangoapps.grades.tasks.recalculate_subsection_grade_v3
  . openedx.core.djangoapps.bookmarks.tasks.update_xblock_cache
  . openedx.core.djangoapps.content.block_structure.tasks.get_course_in_cache
  . openedx.core.djangoapps.content.block_structure.tasks.get_course_in_cache_v2
  . openedx.core.djangoapps.content.block_structure.tasks.update_course_in_cache
  . openedx.core.djangoapps.content.block_structure.tasks.update_course_in_cache_v2
  . openedx.core.djangoapps.content.course_overviews.tasks.async_course_overview_update
  . openedx.core.djangoapps.content.course_structures.tasks.update_course_structure
  . openedx.core.djangoapps.coursegraph.tasks.dump_course_to_neo4j
  . openedx.core.djangoapps.credit.tasks.update_credit_course_requirements
  . openedx.core.djangoapps.schedules.tasks._recurring_nudge_schedule_send
  . openedx.core.djangoapps.schedules.tasks.recurring_nudge_schedule_hour
  . openedx.core.djangoapps.schedules.tasks.update_course_schedules
  . openedx.core.djangoapps.service_status.tasks.delayed_ping
  . openedx.core.djangoapps.verified_track_content.tasks.sync_cohort_with_mode
  . student.tasks.send_activation_email
  . user_tasks.tasks.purge_old_user_tasks

 
 -------------- celery@edx.cms.core.low.tatweer02 v3.1.18 (Cipater)
---- **** ----- 
--- * ***  * -- Linux-4.4.0-93-generic-x86_64-with-Ubuntu-14.04-trusty
-- * - **** --- 
- ** ---------- [config]
- ** ---------- .> app:         proj:0x7f70b723d250
- ** ---------- .> transport:   amqp://celery:**@localhost:5672//
- ** ---------- .> results:     djcelery.backends.cache:CacheBackend
- *** --- * --- .> concurrency: 1 (prefork)
-- ******* ---- 
--- ***** ----- [queues]
 -------------- .> edx.cms.core.low exchange=edx.cms.core(direct) key=edx.cms.core.low
                

[tasks]
  . celery_utils.tasks.mark_resolved
  . cms_user_tasks.tasks.send_task_complete_email
  . contentstore.tasks.CourseExportTask
  . contentstore.tasks.CourseImportTask
  . contentstore.tasks.export_olx
  . contentstore.tasks.import_olx
  . contentstore.tasks.push_course_update_task
  . contentstore.tasks.rerun_course
  . contentstore.tasks.update_library_index
  . contentstore.tasks.update_search_index
  . lms.djangoapps.grades.tasks.compute_all_grades_for_course
  . lms.djangoapps.grades.tasks.compute_grades_for_course
  . lms.djangoapps.grades.tasks.compute_grades_for_course_v2
  . lms.djangoapps.grades.tasks.recalculate_subsection_grade_v3
  . openedx.core.djangoapps.bookmarks.tasks.update_xblock_cache
  . openedx.core.djangoapps.content.block_structure.tasks.get_course_in_cache
  . openedx.core.djangoapps.content.block_structure.tasks.get_course_in_cache_v2
  . openedx.core.djangoapps.content.block_structure.tasks.update_course_in_cache
  . openedx.core.djangoapps.content.block_structure.tasks.update_course_in_cache_v2
  . openedx.core.djangoapps.content.course_overviews.tasks.async_course_overview_update
  . openedx.core.djangoapps.content.course_structures.tasks.update_course_structure
  . openedx.core.djangoapps.coursegraph.tasks.dump_course_to_neo4j
  . openedx.core.djangoapps.credit.tasks.update_credit_course_requirements
  . openedx.core.djangoapps.schedules.tasks._recurring_nudge_schedule_send
  . openedx.core.djangoapps.schedules.tasks.recurring_nudge_schedule_hour
  . openedx.core.djangoapps.schedules.tasks.update_course_schedules
  . openedx.core.djangoapps.service_status.tasks.delayed_ping
  . openedx.core.djangoapps.verified_track_content.tasks.sync_cohort_with_mode
  . student.tasks.send_activation_email
  . user_tasks.tasks.purge_old_user_tasks

 
 -------------- celery@edx.cms.core.low.tatweer02 v3.1.18 (Cipater)
---- **** ----- 
--- * ***  * -- Linux-4.4.0-93-generic-x86_64-with-Ubuntu-14.04-trusty
-- * - **** --- 
- ** ---------- [config]
- ** ---------- .> app:         proj:0x7f6386b52250
- ** ---------- .> transport:   amqp://celery:**@localhost:5672//
- ** ---------- .> results:     djcelery.backends.cache:CacheBackend
- *** --- * --- .> concurrency: 1 (prefork)
-- ******* ---- 
--- ***** ----- [queues]
 -------------- .> edx.cms.core.low exchange=edx.cms.core(direct) key=edx.cms.core.low
                

[tasks]
  . celery_utils.tasks.mark_resolved
  . cms_user_tasks.tasks.send_task_complete_email
  . contentstore.tasks.CourseExportTask
  . contentstore.tasks.CourseImportTask
  . contentstore.tasks.export_olx
  . contentstore.tasks.import_olx
  . contentstore.tasks.push_course_update_task
  . contentstore.tasks.rerun_course
  . contentstore.tasks.update_library_index
  . contentstore.tasks.update_search_index
  . lms.djangoapps.grades.tasks.compute_all_grades_for_course
  . lms.djangoapps.grades.tasks.compute_grades_for_course
  . lms.djangoapps.grades.tasks.compute_grades_for_course_v2
  . lms.djangoapps.grades.tasks.recalculate_subsection_grade_v3
  . openedx.core.djangoapps.bookmarks.tasks.update_xblock_cache
  . openedx.core.djangoapps.content.block_structure.tasks.get_course_in_cache
  . openedx.core.djangoapps.content.block_structure.tasks.get_course_in_cache_v2
  . openedx.core.djangoapps.content.block_structure.tasks.update_course_in_cache
  . openedx.core.djangoapps.content.block_structure.tasks.update_course_in_cache_v2
  . openedx.core.djangoapps.content.course_overviews.tasks.async_course_overview_update
  . openedx.core.djangoapps.content.course_structures.tasks.update_course_structure
  . openedx.core.djangoapps.coursegraph.tasks.dump_course_to_neo4j
  . openedx.core.djangoapps.credit.tasks.update_credit_course_requirements
  . openedx.core.djangoapps.schedules.tasks._recurring_nudge_schedule_send
  . openedx.core.djangoapps.schedules.tasks.recurring_nudge_schedule_hour
  . openedx.core.djangoapps.schedules.tasks.update_course_schedules
  . openedx.core.djangoapps.service_status.tasks.delayed_ping
  . openedx.core.djangoapps.verified_track_content.tasks.sync_cohort_with_mode
  . student.tasks.send_activation_email
  . user_tasks.tasks.purge_old_user_tasks

