 
 -------------- celery@edx.cms.core.high.tatweer02 v3.1.18 (Cipater)
---- **** ----- 
--- * ***  * -- Linux-4.4.0-93-generic-x86_64-with-Ubuntu-14.04-trusty
-- * - **** --- 
- ** ---------- [config]
- ** ---------- .> app:         proj:0x7fdfe83a6250
- ** ---------- .> transport:   amqp://celery:**@localhost:5672//
- ** ---------- .> results:     djcelery.backends.cache:CacheBackend
- *** --- * --- .> concurrency: 1 (prefork)
-- ******* ---- 
--- ***** ----- [queues]
 -------------- .> edx.cms.core.high exchange=edx.cms.core(direct) key=edx.cms.core.high
                

[tasks]
  . celery_utils.tasks.mark_resolved
  . cms_user_tasks.tasks.send_task_complete_email
  . contentstore.tasks.CourseExportTask
  . contentstore.tasks.CourseImportTask
  . contentstore.tasks.export_olx
  . contentstore.tasks.import_olx
  . contentstore.tasks.push_course_update_task
  . contentstore.tasks.rerun_course
  . contentstore.tasks.update_library_index
  . contentstore.tasks.update_search_index
  . lms.djangoapps.grades.tasks.compute_all_grades_for_course
  . lms.djangoapps.grades.tasks.compute_grades_for_course
  . lms.djangoapps.grades.tasks.compute_grades_for_course_v2
  . lms.djangoapps.grades.tasks.recalculate_subsection_grade_v3
  . openedx.core.djangoapps.bookmarks.tasks.update_xblock_cache
  . openedx.core.djangoapps.content.block_structure.tasks.get_course_in_cache
  . openedx.core.djangoapps.content.block_structure.tasks.get_course_in_cache_v2
  . openedx.core.djangoapps.content.block_structure.tasks.update_course_in_cache
  . openedx.core.djangoapps.content.block_structure.tasks.update_course_in_cache_v2
  . openedx.core.djangoapps.content.course_overviews.tasks.async_course_overview_update
  . openedx.core.djangoapps.content.course_structures.tasks.update_course_structure
  . openedx.core.djangoapps.coursegraph.tasks.dump_course_to_neo4j
  . openedx.core.djangoapps.credit.tasks.update_credit_course_requirements
  . openedx.core.djangoapps.schedules.tasks._recurring_nudge_schedule_send
  . openedx.core.djangoapps.schedules.tasks.recurring_nudge_schedule_hour
  . openedx.core.djangoapps.schedules.tasks.update_course_schedules
  . openedx.core.djangoapps.service_status.tasks.delayed_ping
  . openedx.core.djangoapps.verified_track_content.tasks.sync_cohort_with_mode
  . student.tasks.send_activation_email
  . user_tasks.tasks.purge_old_user_tasks

 
 -------------- celery@edx.cms.core.high.tatweer02 v3.1.18 (Cipater)
---- **** ----- 
--- * ***  * -- Linux-4.4.0-93-generic-x86_64-with-Ubuntu-14.04-trusty
-- * - **** --- 
- ** ---------- [config]
- ** ---------- .> app:         proj:0x7f204b338250
- ** ---------- .> transport:   amqp://celery:**@localhost:5672//
- ** ---------- .> results:     djcelery.backends.cache:CacheBackend
- *** --- * --- .> concurrency: 1 (prefork)
-- ******* ---- 
--- ***** ----- [queues]
 -------------- .> edx.cms.core.high exchange=edx.cms.core(direct) key=edx.cms.core.high
                

[tasks]
  . celery_utils.tasks.mark_resolved
  . cms_user_tasks.tasks.send_task_complete_email
  . contentstore.tasks.CourseExportTask
  . contentstore.tasks.CourseImportTask
  . contentstore.tasks.export_olx
  . contentstore.tasks.import_olx
  . contentstore.tasks.push_course_update_task
  . contentstore.tasks.rerun_course
  . contentstore.tasks.update_library_index
  . contentstore.tasks.update_search_index
  . lms.djangoapps.grades.tasks.compute_all_grades_for_course
  . lms.djangoapps.grades.tasks.compute_grades_for_course
  . lms.djangoapps.grades.tasks.compute_grades_for_course_v2
  . lms.djangoapps.grades.tasks.recalculate_subsection_grade_v3
  . openedx.core.djangoapps.bookmarks.tasks.update_xblock_cache
  . openedx.core.djangoapps.content.block_structure.tasks.get_course_in_cache
  . openedx.core.djangoapps.content.block_structure.tasks.get_course_in_cache_v2
  . openedx.core.djangoapps.content.block_structure.tasks.update_course_in_cache
  . openedx.core.djangoapps.content.block_structure.tasks.update_course_in_cache_v2
  . openedx.core.djangoapps.content.course_overviews.tasks.async_course_overview_update
  . openedx.core.djangoapps.content.course_structures.tasks.update_course_structure
  . openedx.core.djangoapps.coursegraph.tasks.dump_course_to_neo4j
  . openedx.core.djangoapps.credit.tasks.update_credit_course_requirements
  . openedx.core.djangoapps.schedules.tasks._recurring_nudge_schedule_send
  . openedx.core.djangoapps.schedules.tasks.recurring_nudge_schedule_hour
  . openedx.core.djangoapps.schedules.tasks.update_course_schedules
  . openedx.core.djangoapps.service_status.tasks.delayed_ping
  . openedx.core.djangoapps.verified_track_content.tasks.sync_cohort_with_mode
  . student.tasks.send_activation_email
  . user_tasks.tasks.purge_old_user_tasks

 
 -------------- celery@edx.cms.core.high.tatweer02 v3.1.18 (Cipater)
---- **** ----- 
--- * ***  * -- Linux-4.4.0-93-generic-x86_64-with-Ubuntu-14.04-trusty
-- * - **** --- 
- ** ---------- [config]
- ** ---------- .> app:         proj:0x7f7c3dec7250
- ** ---------- .> transport:   amqp://celery:**@localhost:5672//
- ** ---------- .> results:     djcelery.backends.cache:CacheBackend
- *** --- * --- .> concurrency: 1 (prefork)
-- ******* ---- 
--- ***** ----- [queues]
 -------------- .> edx.cms.core.high exchange=edx.cms.core(direct) key=edx.cms.core.high
                

[tasks]
  . celery_utils.tasks.mark_resolved
  . cms_user_tasks.tasks.send_task_complete_email
  . contentstore.tasks.CourseExportTask
  . contentstore.tasks.CourseImportTask
  . contentstore.tasks.export_olx
  . contentstore.tasks.import_olx
  . contentstore.tasks.push_course_update_task
  . contentstore.tasks.rerun_course
  . contentstore.tasks.update_library_index
  . contentstore.tasks.update_search_index
  . lms.djangoapps.grades.tasks.compute_all_grades_for_course
  . lms.djangoapps.grades.tasks.compute_grades_for_course
  . lms.djangoapps.grades.tasks.compute_grades_for_course_v2
  . lms.djangoapps.grades.tasks.recalculate_subsection_grade_v3
  . openedx.core.djangoapps.bookmarks.tasks.update_xblock_cache
  . openedx.core.djangoapps.content.block_structure.tasks.get_course_in_cache
  . openedx.core.djangoapps.content.block_structure.tasks.get_course_in_cache_v2
  . openedx.core.djangoapps.content.block_structure.tasks.update_course_in_cache
  . openedx.core.djangoapps.content.block_structure.tasks.update_course_in_cache_v2
  . openedx.core.djangoapps.content.course_overviews.tasks.async_course_overview_update
  . openedx.core.djangoapps.content.course_structures.tasks.update_course_structure
  . openedx.core.djangoapps.coursegraph.tasks.dump_course_to_neo4j
  . openedx.core.djangoapps.credit.tasks.update_credit_course_requirements
  . openedx.core.djangoapps.schedules.tasks._recurring_nudge_schedule_send
  . openedx.core.djangoapps.schedules.tasks.recurring_nudge_schedule_hour
  . openedx.core.djangoapps.schedules.tasks.update_course_schedules
  . openedx.core.djangoapps.service_status.tasks.delayed_ping
  . openedx.core.djangoapps.verified_track_content.tasks.sync_cohort_with_mode
  . student.tasks.send_activation_email
  . user_tasks.tasks.purge_old_user_tasks

 
 -------------- celery@edx.cms.core.high.tatweer02 v3.1.18 (Cipater)
---- **** ----- 
--- * ***  * -- Linux-4.4.0-93-generic-x86_64-with-Ubuntu-14.04-trusty
-- * - **** --- 
- ** ---------- [config]
- ** ---------- .> app:         proj:0x7ff176046250
- ** ---------- .> transport:   amqp://celery:**@localhost:5672//
- ** ---------- .> results:     djcelery.backends.cache:CacheBackend
- *** --- * --- .> concurrency: 1 (prefork)
-- ******* ---- 
--- ***** ----- [queues]
 -------------- .> edx.cms.core.high exchange=edx.cms.core(direct) key=edx.cms.core.high
                

[tasks]
  . celery_utils.tasks.mark_resolved
  . cms_user_tasks.tasks.send_task_complete_email
  . contentstore.tasks.CourseExportTask
  . contentstore.tasks.CourseImportTask
  . contentstore.tasks.export_olx
  . contentstore.tasks.import_olx
  . contentstore.tasks.push_course_update_task
  . contentstore.tasks.rerun_course
  . contentstore.tasks.update_library_index
  . contentstore.tasks.update_search_index
  . lms.djangoapps.grades.tasks.compute_all_grades_for_course
  . lms.djangoapps.grades.tasks.compute_grades_for_course
  . lms.djangoapps.grades.tasks.compute_grades_for_course_v2
  . lms.djangoapps.grades.tasks.recalculate_subsection_grade_v3
  . openedx.core.djangoapps.bookmarks.tasks.update_xblock_cache
  . openedx.core.djangoapps.content.block_structure.tasks.get_course_in_cache
  . openedx.core.djangoapps.content.block_structure.tasks.get_course_in_cache_v2
  . openedx.core.djangoapps.content.block_structure.tasks.update_course_in_cache
  . openedx.core.djangoapps.content.block_structure.tasks.update_course_in_cache_v2
  . openedx.core.djangoapps.content.course_overviews.tasks.async_course_overview_update
  . openedx.core.djangoapps.content.course_structures.tasks.update_course_structure
  . openedx.core.djangoapps.coursegraph.tasks.dump_course_to_neo4j
  . openedx.core.djangoapps.credit.tasks.update_credit_course_requirements
  . openedx.core.djangoapps.schedules.tasks._recurring_nudge_schedule_send
  . openedx.core.djangoapps.schedules.tasks.recurring_nudge_schedule_hour
  . openedx.core.djangoapps.schedules.tasks.update_course_schedules
  . openedx.core.djangoapps.service_status.tasks.delayed_ping
  . openedx.core.djangoapps.verified_track_content.tasks.sync_cohort_with_mode
  . student.tasks.send_activation_email
  . user_tasks.tasks.purge_old_user_tasks

 
 -------------- celery@edx.cms.core.high.tatweer02 v3.1.18 (Cipater)
---- **** ----- 
--- * ***  * -- Linux-4.4.0-93-generic-x86_64-with-Ubuntu-14.04-trusty
-- * - **** --- 
- ** ---------- [config]
- ** ---------- .> app:         proj:0x7f38a7ee9250
- ** ---------- .> transport:   amqp://celery:**@localhost:5672//
- ** ---------- .> results:     djcelery.backends.cache:CacheBackend
- *** --- * --- .> concurrency: 1 (prefork)
-- ******* ---- 
--- ***** ----- [queues]
 -------------- .> edx.cms.core.high exchange=edx.cms.core(direct) key=edx.cms.core.high
                

[tasks]
  . celery_utils.tasks.mark_resolved
  . cms_user_tasks.tasks.send_task_complete_email
  . contentstore.tasks.CourseExportTask
  . contentstore.tasks.CourseImportTask
  . contentstore.tasks.export_olx
  . contentstore.tasks.import_olx
  . contentstore.tasks.push_course_update_task
  . contentstore.tasks.rerun_course
  . contentstore.tasks.update_library_index
  . contentstore.tasks.update_search_index
  . lms.djangoapps.grades.tasks.compute_all_grades_for_course
  . lms.djangoapps.grades.tasks.compute_grades_for_course
  . lms.djangoapps.grades.tasks.compute_grades_for_course_v2
  . lms.djangoapps.grades.tasks.recalculate_subsection_grade_v3
  . openedx.core.djangoapps.bookmarks.tasks.update_xblock_cache
  . openedx.core.djangoapps.content.block_structure.tasks.get_course_in_cache
  . openedx.core.djangoapps.content.block_structure.tasks.get_course_in_cache_v2
  . openedx.core.djangoapps.content.block_structure.tasks.update_course_in_cache
  . openedx.core.djangoapps.content.block_structure.tasks.update_course_in_cache_v2
  . openedx.core.djangoapps.content.course_overviews.tasks.async_course_overview_update
  . openedx.core.djangoapps.content.course_structures.tasks.update_course_structure
  . openedx.core.djangoapps.coursegraph.tasks.dump_course_to_neo4j
  . openedx.core.djangoapps.credit.tasks.update_credit_course_requirements
  . openedx.core.djangoapps.schedules.tasks._recurring_nudge_schedule_send
  . openedx.core.djangoapps.schedules.tasks.recurring_nudge_schedule_hour
  . openedx.core.djangoapps.schedules.tasks.update_course_schedules
  . openedx.core.djangoapps.service_status.tasks.delayed_ping
  . openedx.core.djangoapps.verified_track_content.tasks.sync_cohort_with_mode
  . student.tasks.send_activation_email
  . user_tasks.tasks.purge_old_user_tasks

 
 -------------- celery@edx.cms.core.high.tatweer02 v3.1.18 (Cipater)
---- **** ----- 
--- * ***  * -- Linux-4.4.0-93-generic-x86_64-with-Ubuntu-14.04-trusty
-- * - **** --- 
- ** ---------- [config]
- ** ---------- .> app:         proj:0x7fceacade250
- ** ---------- .> transport:   amqp://celery:**@localhost:5672//
- ** ---------- .> results:     djcelery.backends.cache:CacheBackend
- *** --- * --- .> concurrency: 1 (prefork)
-- ******* ---- 
--- ***** ----- [queues]
 -------------- .> edx.cms.core.high exchange=edx.cms.core(direct) key=edx.cms.core.high
                

[tasks]
  . celery_utils.tasks.mark_resolved
  . cms_user_tasks.tasks.send_task_complete_email
  . contentstore.tasks.CourseExportTask
  . contentstore.tasks.CourseImportTask
  . contentstore.tasks.export_olx
  . contentstore.tasks.import_olx
  . contentstore.tasks.push_course_update_task
  . contentstore.tasks.rerun_course
  . contentstore.tasks.update_library_index
  . contentstore.tasks.update_search_index
  . lms.djangoapps.grades.tasks.compute_all_grades_for_course
  . lms.djangoapps.grades.tasks.compute_grades_for_course
  . lms.djangoapps.grades.tasks.compute_grades_for_course_v2
  . lms.djangoapps.grades.tasks.recalculate_subsection_grade_v3
  . openedx.core.djangoapps.bookmarks.tasks.update_xblock_cache
  . openedx.core.djangoapps.content.block_structure.tasks.get_course_in_cache
  . openedx.core.djangoapps.content.block_structure.tasks.get_course_in_cache_v2
  . openedx.core.djangoapps.content.block_structure.tasks.update_course_in_cache
  . openedx.core.djangoapps.content.block_structure.tasks.update_course_in_cache_v2
  . openedx.core.djangoapps.content.course_overviews.tasks.async_course_overview_update
  . openedx.core.djangoapps.content.course_structures.tasks.update_course_structure
  . openedx.core.djangoapps.coursegraph.tasks.dump_course_to_neo4j
  . openedx.core.djangoapps.credit.tasks.update_credit_course_requirements
  . openedx.core.djangoapps.schedules.tasks._recurring_nudge_schedule_send
  . openedx.core.djangoapps.schedules.tasks.recurring_nudge_schedule_hour
  . openedx.core.djangoapps.schedules.tasks.update_course_schedules
  . openedx.core.djangoapps.service_status.tasks.delayed_ping
  . openedx.core.djangoapps.verified_track_content.tasks.sync_cohort_with_mode
  . student.tasks.send_activation_email
  . user_tasks.tasks.purge_old_user_tasks

 
 -------------- celery@edx.cms.core.high.tatweer02 v3.1.18 (Cipater)
---- **** ----- 
--- * ***  * -- Linux-4.4.0-93-generic-x86_64-with-Ubuntu-14.04-trusty
-- * - **** --- 
- ** ---------- [config]
- ** ---------- .> app:         proj:0x7f417acd6250
- ** ---------- .> transport:   amqp://celery:**@localhost:5672//
- ** ---------- .> results:     djcelery.backends.cache:CacheBackend
- *** --- * --- .> concurrency: 1 (prefork)
-- ******* ---- 
--- ***** ----- [queues]
 -------------- .> edx.cms.core.high exchange=edx.cms.core(direct) key=edx.cms.core.high
                

[tasks]
  . celery_utils.tasks.mark_resolved
  . cms_user_tasks.tasks.send_task_complete_email
  . contentstore.tasks.CourseExportTask
  . contentstore.tasks.CourseImportTask
  . contentstore.tasks.export_olx
  . contentstore.tasks.import_olx
  . contentstore.tasks.push_course_update_task
  . contentstore.tasks.rerun_course
  . contentstore.tasks.update_library_index
  . contentstore.tasks.update_search_index
  . lms.djangoapps.grades.tasks.compute_all_grades_for_course
  . lms.djangoapps.grades.tasks.compute_grades_for_course
  . lms.djangoapps.grades.tasks.compute_grades_for_course_v2
  . lms.djangoapps.grades.tasks.recalculate_subsection_grade_v3
  . openedx.core.djangoapps.bookmarks.tasks.update_xblock_cache
  . openedx.core.djangoapps.content.block_structure.tasks.get_course_in_cache
  . openedx.core.djangoapps.content.block_structure.tasks.get_course_in_cache_v2
  . openedx.core.djangoapps.content.block_structure.tasks.update_course_in_cache
  . openedx.core.djangoapps.content.block_structure.tasks.update_course_in_cache_v2
  . openedx.core.djangoapps.content.course_overviews.tasks.async_course_overview_update
  . openedx.core.djangoapps.content.course_structures.tasks.update_course_structure
  . openedx.core.djangoapps.coursegraph.tasks.dump_course_to_neo4j
  . openedx.core.djangoapps.credit.tasks.update_credit_course_requirements
  . openedx.core.djangoapps.schedules.tasks._recurring_nudge_schedule_send
  . openedx.core.djangoapps.schedules.tasks.recurring_nudge_schedule_hour
  . openedx.core.djangoapps.schedules.tasks.update_course_schedules
  . openedx.core.djangoapps.service_status.tasks.delayed_ping
  . openedx.core.djangoapps.verified_track_content.tasks.sync_cohort_with_mode
  . student.tasks.send_activation_email
  . user_tasks.tasks.purge_old_user_tasks

 
 -------------- celery@edx.cms.core.high.tatweer02 v3.1.18 (Cipater)
---- **** ----- 
--- * ***  * -- Linux-4.4.0-93-generic-x86_64-with-Ubuntu-14.04-trusty
-- * - **** --- 
- ** ---------- [config]
- ** ---------- .> app:         proj:0x7ff47ff0e250
- ** ---------- .> transport:   amqp://celery:**@localhost:5672//
- ** ---------- .> results:     djcelery.backends.cache:CacheBackend
- *** --- * --- .> concurrency: 1 (prefork)
-- ******* ---- 
--- ***** ----- [queues]
 -------------- .> edx.cms.core.high exchange=edx.cms.core(direct) key=edx.cms.core.high
                

[tasks]
  . celery_utils.tasks.mark_resolved
  . cms_user_tasks.tasks.send_task_complete_email
  . contentstore.tasks.CourseExportTask
  . contentstore.tasks.CourseImportTask
  . contentstore.tasks.export_olx
  . contentstore.tasks.import_olx
  . contentstore.tasks.push_course_update_task
  . contentstore.tasks.rerun_course
  . contentstore.tasks.update_library_index
  . contentstore.tasks.update_search_index
  . lms.djangoapps.grades.tasks.compute_all_grades_for_course
  . lms.djangoapps.grades.tasks.compute_grades_for_course
  . lms.djangoapps.grades.tasks.compute_grades_for_course_v2
  . lms.djangoapps.grades.tasks.recalculate_subsection_grade_v3
  . openedx.core.djangoapps.bookmarks.tasks.update_xblock_cache
  . openedx.core.djangoapps.content.block_structure.tasks.get_course_in_cache
  . openedx.core.djangoapps.content.block_structure.tasks.get_course_in_cache_v2
  . openedx.core.djangoapps.content.block_structure.tasks.update_course_in_cache
  . openedx.core.djangoapps.content.block_structure.tasks.update_course_in_cache_v2
  . openedx.core.djangoapps.content.course_overviews.tasks.async_course_overview_update
  . openedx.core.djangoapps.content.course_structures.tasks.update_course_structure
  . openedx.core.djangoapps.coursegraph.tasks.dump_course_to_neo4j
  . openedx.core.djangoapps.credit.tasks.update_credit_course_requirements
  . openedx.core.djangoapps.schedules.tasks._recurring_nudge_schedule_send
  . openedx.core.djangoapps.schedules.tasks.recurring_nudge_schedule_hour
  . openedx.core.djangoapps.schedules.tasks.update_course_schedules
  . openedx.core.djangoapps.service_status.tasks.delayed_ping
  . openedx.core.djangoapps.verified_track_content.tasks.sync_cohort_with_mode
  . student.tasks.send_activation_email
  . user_tasks.tasks.purge_old_user_tasks

 
 -------------- celery@edx.cms.core.high.tatweer02 v3.1.18 (Cipater)
---- **** ----- 
--- * ***  * -- Linux-4.4.0-93-generic-x86_64-with-Ubuntu-14.04-trusty
-- * - **** --- 
- ** ---------- [config]
- ** ---------- .> app:         proj:0x7f38ec946250
- ** ---------- .> transport:   amqp://celery:**@localhost:5672//
- ** ---------- .> results:     djcelery.backends.cache:CacheBackend
- *** --- * --- .> concurrency: 1 (prefork)
-- ******* ---- 
--- ***** ----- [queues]
 -------------- .> edx.cms.core.high exchange=edx.cms.core(direct) key=edx.cms.core.high
                

[tasks]
  . celery_utils.tasks.mark_resolved
  . cms_user_tasks.tasks.send_task_complete_email
  . contentstore.tasks.CourseExportTask
  . contentstore.tasks.CourseImportTask
  . contentstore.tasks.export_olx
  . contentstore.tasks.import_olx
  . contentstore.tasks.push_course_update_task
  . contentstore.tasks.rerun_course
  . contentstore.tasks.update_library_index
  . contentstore.tasks.update_search_index
  . lms.djangoapps.grades.tasks.compute_all_grades_for_course
  . lms.djangoapps.grades.tasks.compute_grades_for_course
  . lms.djangoapps.grades.tasks.compute_grades_for_course_v2
  . lms.djangoapps.grades.tasks.recalculate_subsection_grade_v3
  . openedx.core.djangoapps.bookmarks.tasks.update_xblock_cache
  . openedx.core.djangoapps.content.block_structure.tasks.get_course_in_cache
  . openedx.core.djangoapps.content.block_structure.tasks.get_course_in_cache_v2
  . openedx.core.djangoapps.content.block_structure.tasks.update_course_in_cache
  . openedx.core.djangoapps.content.block_structure.tasks.update_course_in_cache_v2
  . openedx.core.djangoapps.content.course_overviews.tasks.async_course_overview_update
  . openedx.core.djangoapps.content.course_structures.tasks.update_course_structure
  . openedx.core.djangoapps.coursegraph.tasks.dump_course_to_neo4j
  . openedx.core.djangoapps.credit.tasks.update_credit_course_requirements
  . openedx.core.djangoapps.schedules.tasks._recurring_nudge_schedule_send
  . openedx.core.djangoapps.schedules.tasks.recurring_nudge_schedule_hour
  . openedx.core.djangoapps.schedules.tasks.update_course_schedules
  . openedx.core.djangoapps.service_status.tasks.delayed_ping
  . openedx.core.djangoapps.verified_track_content.tasks.sync_cohort_with_mode
  . student.tasks.send_activation_email
  . user_tasks.tasks.purge_old_user_tasks

 
 -------------- celery@edx.cms.core.high.tatweer02 v3.1.18 (Cipater)
---- **** ----- 
--- * ***  * -- Linux-4.4.0-93-generic-x86_64-with-Ubuntu-14.04-trusty
-- * - **** --- 
- ** ---------- [config]
- ** ---------- .> app:         proj:0x7f909b714250
- ** ---------- .> transport:   amqp://celery:**@localhost:5672//
- ** ---------- .> results:     djcelery.backends.cache:CacheBackend
- *** --- * --- .> concurrency: 1 (prefork)
-- ******* ---- 
--- ***** ----- [queues]
 -------------- .> edx.cms.core.high exchange=edx.cms.core(direct) key=edx.cms.core.high
                

[tasks]
  . celery_utils.tasks.mark_resolved
  . cms_user_tasks.tasks.send_task_complete_email
  . contentstore.tasks.CourseExportTask
  . contentstore.tasks.CourseImportTask
  . contentstore.tasks.export_olx
  . contentstore.tasks.import_olx
  . contentstore.tasks.push_course_update_task
  . contentstore.tasks.rerun_course
  . contentstore.tasks.update_library_index
  . contentstore.tasks.update_search_index
  . lms.djangoapps.grades.tasks.compute_all_grades_for_course
  . lms.djangoapps.grades.tasks.compute_grades_for_course
  . lms.djangoapps.grades.tasks.compute_grades_for_course_v2
  . lms.djangoapps.grades.tasks.recalculate_subsection_grade_v3
  . openedx.core.djangoapps.bookmarks.tasks.update_xblock_cache
  . openedx.core.djangoapps.content.block_structure.tasks.get_course_in_cache
  . openedx.core.djangoapps.content.block_structure.tasks.get_course_in_cache_v2
  . openedx.core.djangoapps.content.block_structure.tasks.update_course_in_cache
  . openedx.core.djangoapps.content.block_structure.tasks.update_course_in_cache_v2
  . openedx.core.djangoapps.content.course_overviews.tasks.async_course_overview_update
  . openedx.core.djangoapps.content.course_structures.tasks.update_course_structure
  . openedx.core.djangoapps.coursegraph.tasks.dump_course_to_neo4j
  . openedx.core.djangoapps.credit.tasks.update_credit_course_requirements
  . openedx.core.djangoapps.schedules.tasks._recurring_nudge_schedule_send
  . openedx.core.djangoapps.schedules.tasks.recurring_nudge_schedule_hour
  . openedx.core.djangoapps.schedules.tasks.update_course_schedules
  . openedx.core.djangoapps.service_status.tasks.delayed_ping
  . openedx.core.djangoapps.verified_track_content.tasks.sync_cohort_with_mode
  . student.tasks.send_activation_email
  . user_tasks.tasks.purge_old_user_tasks

 
 -------------- celery@edx.cms.core.high.tatweer02 v3.1.18 (Cipater)
---- **** ----- 
--- * ***  * -- Linux-4.4.0-93-generic-x86_64-with-Ubuntu-14.04-trusty
-- * - **** --- 
- ** ---------- [config]
- ** ---------- .> app:         proj:0x7fa92f4c0250
- ** ---------- .> transport:   amqp://celery:**@localhost:5672//
- ** ---------- .> results:     djcelery.backends.cache:CacheBackend
- *** --- * --- .> concurrency: 1 (prefork)
-- ******* ---- 
--- ***** ----- [queues]
 -------------- .> edx.cms.core.high exchange=edx.cms.core(direct) key=edx.cms.core.high
                

[tasks]
  . celery_utils.tasks.mark_resolved
  . cms_user_tasks.tasks.send_task_complete_email
  . contentstore.tasks.CourseExportTask
  . contentstore.tasks.CourseImportTask
  . contentstore.tasks.export_olx
  . contentstore.tasks.import_olx
  . contentstore.tasks.push_course_update_task
  . contentstore.tasks.rerun_course
  . contentstore.tasks.update_library_index
  . contentstore.tasks.update_search_index
  . lms.djangoapps.grades.tasks.compute_all_grades_for_course
  . lms.djangoapps.grades.tasks.compute_grades_for_course
  . lms.djangoapps.grades.tasks.compute_grades_for_course_v2
  . lms.djangoapps.grades.tasks.recalculate_subsection_grade_v3
  . openedx.core.djangoapps.bookmarks.tasks.update_xblock_cache
  . openedx.core.djangoapps.content.block_structure.tasks.get_course_in_cache
  . openedx.core.djangoapps.content.block_structure.tasks.get_course_in_cache_v2
  . openedx.core.djangoapps.content.block_structure.tasks.update_course_in_cache
  . openedx.core.djangoapps.content.block_structure.tasks.update_course_in_cache_v2
  . openedx.core.djangoapps.content.course_overviews.tasks.async_course_overview_update
  . openedx.core.djangoapps.content.course_structures.tasks.update_course_structure
  . openedx.core.djangoapps.coursegraph.tasks.dump_course_to_neo4j
  . openedx.core.djangoapps.credit.tasks.update_credit_course_requirements
  . openedx.core.djangoapps.schedules.tasks._recurring_nudge_schedule_send
  . openedx.core.djangoapps.schedules.tasks.recurring_nudge_schedule_hour
  . openedx.core.djangoapps.schedules.tasks.update_course_schedules
  . openedx.core.djangoapps.service_status.tasks.delayed_ping
  . openedx.core.djangoapps.verified_track_content.tasks.sync_cohort_with_mode
  . student.tasks.send_activation_email
  . user_tasks.tasks.purge_old_user_tasks

 
 -------------- celery@edx.cms.core.high.tatweer02 v3.1.18 (Cipater)
---- **** ----- 
--- * ***  * -- Linux-4.4.0-93-generic-x86_64-with-Ubuntu-14.04-trusty
-- * - **** --- 
- ** ---------- [config]
- ** ---------- .> app:         proj:0x7ff91be25250
- ** ---------- .> transport:   amqp://celery:**@localhost:5672//
- ** ---------- .> results:     djcelery.backends.cache:CacheBackend
- *** --- * --- .> concurrency: 1 (prefork)
-- ******* ---- 
--- ***** ----- [queues]
 -------------- .> edx.cms.core.high exchange=edx.cms.core(direct) key=edx.cms.core.high
                

[tasks]
  . celery_utils.tasks.mark_resolved
  . cms_user_tasks.tasks.send_task_complete_email
  . contentstore.tasks.CourseExportTask
  . contentstore.tasks.CourseImportTask
  . contentstore.tasks.export_olx
  . contentstore.tasks.import_olx
  . contentstore.tasks.push_course_update_task
  . contentstore.tasks.rerun_course
  . contentstore.tasks.update_library_index
  . contentstore.tasks.update_search_index
  . lms.djangoapps.grades.tasks.compute_all_grades_for_course
  . lms.djangoapps.grades.tasks.compute_grades_for_course
  . lms.djangoapps.grades.tasks.compute_grades_for_course_v2
  . lms.djangoapps.grades.tasks.recalculate_subsection_grade_v3
  . openedx.core.djangoapps.bookmarks.tasks.update_xblock_cache
  . openedx.core.djangoapps.content.block_structure.tasks.get_course_in_cache
  . openedx.core.djangoapps.content.block_structure.tasks.get_course_in_cache_v2
  . openedx.core.djangoapps.content.block_structure.tasks.update_course_in_cache
  . openedx.core.djangoapps.content.block_structure.tasks.update_course_in_cache_v2
  . openedx.core.djangoapps.content.course_overviews.tasks.async_course_overview_update
  . openedx.core.djangoapps.content.course_structures.tasks.update_course_structure
  . openedx.core.djangoapps.coursegraph.tasks.dump_course_to_neo4j
  . openedx.core.djangoapps.credit.tasks.update_credit_course_requirements
  . openedx.core.djangoapps.schedules.tasks._recurring_nudge_schedule_send
  . openedx.core.djangoapps.schedules.tasks.recurring_nudge_schedule_hour
  . openedx.core.djangoapps.schedules.tasks.update_course_schedules
  . openedx.core.djangoapps.service_status.tasks.delayed_ping
  . openedx.core.djangoapps.verified_track_content.tasks.sync_cohort_with_mode
  . student.tasks.send_activation_email
  . user_tasks.tasks.purge_old_user_tasks

 
 -------------- celery@edx.cms.core.high.tatweer02 v3.1.18 (Cipater)
---- **** ----- 
--- * ***  * -- Linux-4.4.0-93-generic-x86_64-with-Ubuntu-14.04-trusty
-- * - **** --- 
- ** ---------- [config]
- ** ---------- .> app:         proj:0x7f52b2b2a250
- ** ---------- .> transport:   amqp://celery:**@localhost:5672//
- ** ---------- .> results:     djcelery.backends.cache:CacheBackend
- *** --- * --- .> concurrency: 1 (prefork)
-- ******* ---- 
--- ***** ----- [queues]
 -------------- .> edx.cms.core.high exchange=edx.cms.core(direct) key=edx.cms.core.high
                

[tasks]
  . celery_utils.tasks.mark_resolved
  . cms_user_tasks.tasks.send_task_complete_email
  . contentstore.tasks.CourseExportTask
  . contentstore.tasks.CourseImportTask
  . contentstore.tasks.export_olx
  . contentstore.tasks.import_olx
  . contentstore.tasks.push_course_update_task
  . contentstore.tasks.rerun_course
  . contentstore.tasks.update_library_index
  . contentstore.tasks.update_search_index
  . lms.djangoapps.grades.tasks.compute_all_grades_for_course
  . lms.djangoapps.grades.tasks.compute_grades_for_course
  . lms.djangoapps.grades.tasks.compute_grades_for_course_v2
  . lms.djangoapps.grades.tasks.recalculate_subsection_grade_v3
  . openedx.core.djangoapps.bookmarks.tasks.update_xblock_cache
  . openedx.core.djangoapps.content.block_structure.tasks.get_course_in_cache
  . openedx.core.djangoapps.content.block_structure.tasks.get_course_in_cache_v2
  . openedx.core.djangoapps.content.block_structure.tasks.update_course_in_cache
  . openedx.core.djangoapps.content.block_structure.tasks.update_course_in_cache_v2
  . openedx.core.djangoapps.content.course_overviews.tasks.async_course_overview_update
  . openedx.core.djangoapps.content.course_structures.tasks.update_course_structure
  . openedx.core.djangoapps.coursegraph.tasks.dump_course_to_neo4j
  . openedx.core.djangoapps.credit.tasks.update_credit_course_requirements
  . openedx.core.djangoapps.schedules.tasks._recurring_nudge_schedule_send
  . openedx.core.djangoapps.schedules.tasks.recurring_nudge_schedule_hour
  . openedx.core.djangoapps.schedules.tasks.update_course_schedules
  . openedx.core.djangoapps.service_status.tasks.delayed_ping
  . openedx.core.djangoapps.verified_track_content.tasks.sync_cohort_with_mode
  . student.tasks.send_activation_email
  . user_tasks.tasks.purge_old_user_tasks

 
 -------------- celery@edx.cms.core.high.tatweer02 v3.1.18 (Cipater)
---- **** ----- 
--- * ***  * -- Linux-4.4.0-93-generic-x86_64-with-Ubuntu-14.04-trusty
-- * - **** --- 
- ** ---------- [config]
- ** ---------- .> app:         proj:0x7fd338b7f250
- ** ---------- .> transport:   amqp://celery:**@localhost:5672//
- ** ---------- .> results:     djcelery.backends.cache:CacheBackend
- *** --- * --- .> concurrency: 1 (prefork)
-- ******* ---- 
--- ***** ----- [queues]
 -------------- .> edx.cms.core.high exchange=edx.cms.core(direct) key=edx.cms.core.high
                

[tasks]
  . celery_utils.tasks.mark_resolved
  . cms_user_tasks.tasks.send_task_complete_email
  . contentstore.tasks.CourseExportTask
  . contentstore.tasks.CourseImportTask
  . contentstore.tasks.export_olx
  . contentstore.tasks.import_olx
  . contentstore.tasks.push_course_update_task
  . contentstore.tasks.rerun_course
  . contentstore.tasks.update_library_index
  . contentstore.tasks.update_search_index
  . lms.djangoapps.grades.tasks.compute_all_grades_for_course
  . lms.djangoapps.grades.tasks.compute_grades_for_course
  . lms.djangoapps.grades.tasks.compute_grades_for_course_v2
  . lms.djangoapps.grades.tasks.recalculate_subsection_grade_v3
  . openedx.core.djangoapps.bookmarks.tasks.update_xblock_cache
  . openedx.core.djangoapps.content.block_structure.tasks.get_course_in_cache
  . openedx.core.djangoapps.content.block_structure.tasks.get_course_in_cache_v2
  . openedx.core.djangoapps.content.block_structure.tasks.update_course_in_cache
  . openedx.core.djangoapps.content.block_structure.tasks.update_course_in_cache_v2
  . openedx.core.djangoapps.content.course_overviews.tasks.async_course_overview_update
  . openedx.core.djangoapps.content.course_structures.tasks.update_course_structure
  . openedx.core.djangoapps.coursegraph.tasks.dump_course_to_neo4j
  . openedx.core.djangoapps.credit.tasks.update_credit_course_requirements
  . openedx.core.djangoapps.schedules.tasks._recurring_nudge_schedule_send
  . openedx.core.djangoapps.schedules.tasks.recurring_nudge_schedule_hour
  . openedx.core.djangoapps.schedules.tasks.update_course_schedules
  . openedx.core.djangoapps.service_status.tasks.delayed_ping
  . openedx.core.djangoapps.verified_track_content.tasks.sync_cohort_with_mode
  . student.tasks.send_activation_email
  . user_tasks.tasks.purge_old_user_tasks

 
 -------------- celery@edx.cms.core.high.tatweer02 v3.1.18 (Cipater)
---- **** ----- 
--- * ***  * -- Linux-4.4.0-93-generic-x86_64-with-Ubuntu-14.04-trusty
-- * - **** --- 
- ** ---------- [config]
- ** ---------- .> app:         proj:0x7f1d4d60d250
- ** ---------- .> transport:   amqp://celery:**@localhost:5672//
- ** ---------- .> results:     djcelery.backends.cache:CacheBackend
- *** --- * --- .> concurrency: 1 (prefork)
-- ******* ---- 
--- ***** ----- [queues]
 -------------- .> edx.cms.core.high exchange=edx.cms.core(direct) key=edx.cms.core.high
                

[tasks]
  . celery_utils.tasks.mark_resolved
  . cms_user_tasks.tasks.send_task_complete_email
  . contentstore.tasks.CourseExportTask
  . contentstore.tasks.CourseImportTask
  . contentstore.tasks.export_olx
  . contentstore.tasks.import_olx
  . contentstore.tasks.push_course_update_task
  . contentstore.tasks.rerun_course
  . contentstore.tasks.update_library_index
  . contentstore.tasks.update_search_index
  . lms.djangoapps.grades.tasks.compute_all_grades_for_course
  . lms.djangoapps.grades.tasks.compute_grades_for_course
  . lms.djangoapps.grades.tasks.compute_grades_for_course_v2
  . lms.djangoapps.grades.tasks.recalculate_subsection_grade_v3
  . openedx.core.djangoapps.bookmarks.tasks.update_xblock_cache
  . openedx.core.djangoapps.content.block_structure.tasks.get_course_in_cache
  . openedx.core.djangoapps.content.block_structure.tasks.get_course_in_cache_v2
  . openedx.core.djangoapps.content.block_structure.tasks.update_course_in_cache
  . openedx.core.djangoapps.content.block_structure.tasks.update_course_in_cache_v2
  . openedx.core.djangoapps.content.course_overviews.tasks.async_course_overview_update
  . openedx.core.djangoapps.content.course_structures.tasks.update_course_structure
  . openedx.core.djangoapps.coursegraph.tasks.dump_course_to_neo4j
  . openedx.core.djangoapps.credit.tasks.update_credit_course_requirements
  . openedx.core.djangoapps.schedules.tasks._recurring_nudge_schedule_send
  . openedx.core.djangoapps.schedules.tasks.recurring_nudge_schedule_hour
  . openedx.core.djangoapps.schedules.tasks.update_course_schedules
  . openedx.core.djangoapps.service_status.tasks.delayed_ping
  . openedx.core.djangoapps.verified_track_content.tasks.sync_cohort_with_mode
  . student.tasks.send_activation_email
  . user_tasks.tasks.purge_old_user_tasks

 
 -------------- celery@edx.cms.core.high.tatweer02 v3.1.18 (Cipater)
---- **** ----- 
--- * ***  * -- Linux-4.4.0-93-generic-x86_64-with-Ubuntu-14.04-trusty
-- * - **** --- 
- ** ---------- [config]
- ** ---------- .> app:         proj:0x7ff660657250
- ** ---------- .> transport:   amqp://celery:**@localhost:5672//
- ** ---------- .> results:     djcelery.backends.cache:CacheBackend
- *** --- * --- .> concurrency: 1 (prefork)
-- ******* ---- 
--- ***** ----- [queues]
 -------------- .> edx.cms.core.high exchange=edx.cms.core(direct) key=edx.cms.core.high
                

[tasks]
  . celery_utils.tasks.mark_resolved
  . cms_user_tasks.tasks.send_task_complete_email
  . contentstore.tasks.CourseExportTask
  . contentstore.tasks.CourseImportTask
  . contentstore.tasks.export_olx
  . contentstore.tasks.import_olx
  . contentstore.tasks.push_course_update_task
  . contentstore.tasks.rerun_course
  . contentstore.tasks.update_library_index
  . contentstore.tasks.update_search_index
  . lms.djangoapps.grades.tasks.compute_all_grades_for_course
  . lms.djangoapps.grades.tasks.compute_grades_for_course
  . lms.djangoapps.grades.tasks.compute_grades_for_course_v2
  . lms.djangoapps.grades.tasks.recalculate_subsection_grade_v3
  . openedx.core.djangoapps.bookmarks.tasks.update_xblock_cache
  . openedx.core.djangoapps.content.block_structure.tasks.get_course_in_cache
  . openedx.core.djangoapps.content.block_structure.tasks.get_course_in_cache_v2
  . openedx.core.djangoapps.content.block_structure.tasks.update_course_in_cache
  . openedx.core.djangoapps.content.block_structure.tasks.update_course_in_cache_v2
  . openedx.core.djangoapps.content.course_overviews.tasks.async_course_overview_update
  . openedx.core.djangoapps.content.course_structures.tasks.update_course_structure
  . openedx.core.djangoapps.coursegraph.tasks.dump_course_to_neo4j
  . openedx.core.djangoapps.credit.tasks.update_credit_course_requirements
  . openedx.core.djangoapps.schedules.tasks._recurring_nudge_schedule_send
  . openedx.core.djangoapps.schedules.tasks.recurring_nudge_schedule_hour
  . openedx.core.djangoapps.schedules.tasks.update_course_schedules
  . openedx.core.djangoapps.service_status.tasks.delayed_ping
  . openedx.core.djangoapps.verified_track_content.tasks.sync_cohort_with_mode
  . student.tasks.send_activation_email
  . user_tasks.tasks.purge_old_user_tasks

 
 -------------- celery@edx.cms.core.high.tatweer02 v3.1.18 (Cipater)
---- **** ----- 
--- * ***  * -- Linux-4.4.0-93-generic-x86_64-with-Ubuntu-14.04-trusty
-- * - **** --- 
- ** ---------- [config]
- ** ---------- .> app:         proj:0x7f61baa45250
- ** ---------- .> transport:   amqp://celery:**@localhost:5672//
- ** ---------- .> results:     djcelery.backends.cache:CacheBackend
- *** --- * --- .> concurrency: 1 (prefork)
-- ******* ---- 
--- ***** ----- [queues]
 -------------- .> edx.cms.core.high exchange=edx.cms.core(direct) key=edx.cms.core.high
                

[tasks]
  . celery_utils.tasks.mark_resolved
  . cms_user_tasks.tasks.send_task_complete_email
  . contentstore.tasks.CourseExportTask
  . contentstore.tasks.CourseImportTask
  . contentstore.tasks.export_olx
  . contentstore.tasks.import_olx
  . contentstore.tasks.push_course_update_task
  . contentstore.tasks.rerun_course
  . contentstore.tasks.update_library_index
  . contentstore.tasks.update_search_index
  . lms.djangoapps.grades.tasks.compute_all_grades_for_course
  . lms.djangoapps.grades.tasks.compute_grades_for_course
  . lms.djangoapps.grades.tasks.compute_grades_for_course_v2
  . lms.djangoapps.grades.tasks.recalculate_subsection_grade_v3
  . openedx.core.djangoapps.bookmarks.tasks.update_xblock_cache
  . openedx.core.djangoapps.content.block_structure.tasks.get_course_in_cache
  . openedx.core.djangoapps.content.block_structure.tasks.get_course_in_cache_v2
  . openedx.core.djangoapps.content.block_structure.tasks.update_course_in_cache
  . openedx.core.djangoapps.content.block_structure.tasks.update_course_in_cache_v2
  . openedx.core.djangoapps.content.course_overviews.tasks.async_course_overview_update
  . openedx.core.djangoapps.content.course_structures.tasks.update_course_structure
  . openedx.core.djangoapps.coursegraph.tasks.dump_course_to_neo4j
  . openedx.core.djangoapps.credit.tasks.update_credit_course_requirements
  . openedx.core.djangoapps.schedules.tasks._recurring_nudge_schedule_send
  . openedx.core.djangoapps.schedules.tasks.recurring_nudge_schedule_hour
  . openedx.core.djangoapps.schedules.tasks.update_course_schedules
  . openedx.core.djangoapps.service_status.tasks.delayed_ping
  . openedx.core.djangoapps.verified_track_content.tasks.sync_cohort_with_mode
  . student.tasks.send_activation_email
  . user_tasks.tasks.purge_old_user_tasks

 
 -------------- celery@edx.cms.core.high.tatweer02 v3.1.18 (Cipater)
---- **** ----- 
--- * ***  * -- Linux-4.4.0-93-generic-x86_64-with-Ubuntu-14.04-trusty
-- * - **** --- 
- ** ---------- [config]
- ** ---------- .> app:         proj:0x7f1b75e2c250
- ** ---------- .> transport:   amqp://celery:**@localhost:5672//
- ** ---------- .> results:     djcelery.backends.cache:CacheBackend
- *** --- * --- .> concurrency: 1 (prefork)
-- ******* ---- 
--- ***** ----- [queues]
 -------------- .> edx.cms.core.high exchange=edx.cms.core(direct) key=edx.cms.core.high
                

[tasks]
  . celery_utils.tasks.mark_resolved
  . cms_user_tasks.tasks.send_task_complete_email
  . contentstore.tasks.CourseExportTask
  . contentstore.tasks.CourseImportTask
  . contentstore.tasks.export_olx
  . contentstore.tasks.import_olx
  . contentstore.tasks.push_course_update_task
  . contentstore.tasks.rerun_course
  . contentstore.tasks.update_library_index
  . contentstore.tasks.update_search_index
  . lms.djangoapps.grades.tasks.compute_all_grades_for_course
  . lms.djangoapps.grades.tasks.compute_grades_for_course
  . lms.djangoapps.grades.tasks.compute_grades_for_course_v2
  . lms.djangoapps.grades.tasks.recalculate_subsection_grade_v3
  . openedx.core.djangoapps.bookmarks.tasks.update_xblock_cache
  . openedx.core.djangoapps.content.block_structure.tasks.get_course_in_cache
  . openedx.core.djangoapps.content.block_structure.tasks.get_course_in_cache_v2
  . openedx.core.djangoapps.content.block_structure.tasks.update_course_in_cache
  . openedx.core.djangoapps.content.block_structure.tasks.update_course_in_cache_v2
  . openedx.core.djangoapps.content.course_overviews.tasks.async_course_overview_update
  . openedx.core.djangoapps.content.course_structures.tasks.update_course_structure
  . openedx.core.djangoapps.coursegraph.tasks.dump_course_to_neo4j
  . openedx.core.djangoapps.credit.tasks.update_credit_course_requirements
  . openedx.core.djangoapps.schedules.tasks._recurring_nudge_schedule_send
  . openedx.core.djangoapps.schedules.tasks.recurring_nudge_schedule_hour
  . openedx.core.djangoapps.schedules.tasks.update_course_schedules
  . openedx.core.djangoapps.service_status.tasks.delayed_ping
  . openedx.core.djangoapps.verified_track_content.tasks.sync_cohort_with_mode
  . student.tasks.send_activation_email
  . user_tasks.tasks.purge_old_user_tasks

 
 -------------- celery@edx.cms.core.high.tatweer02 v3.1.18 (Cipater)
---- **** ----- 
--- * ***  * -- Linux-4.4.0-93-generic-x86_64-with-Ubuntu-14.04-trusty
-- * - **** --- 
- ** ---------- [config]
- ** ---------- .> app:         proj:0x7f3c3047b250
- ** ---------- .> transport:   amqp://celery:**@localhost:5672//
- ** ---------- .> results:     djcelery.backends.cache:CacheBackend
- *** --- * --- .> concurrency: 1 (prefork)
-- ******* ---- 
--- ***** ----- [queues]
 -------------- .> edx.cms.core.high exchange=edx.cms.core(direct) key=edx.cms.core.high
                

[tasks]
  . celery_utils.tasks.mark_resolved
  . cms_user_tasks.tasks.send_task_complete_email
  . contentstore.tasks.CourseExportTask
  . contentstore.tasks.CourseImportTask
  . contentstore.tasks.export_olx
  . contentstore.tasks.import_olx
  . contentstore.tasks.push_course_update_task
  . contentstore.tasks.rerun_course
  . contentstore.tasks.update_library_index
  . contentstore.tasks.update_search_index
  . lms.djangoapps.grades.tasks.compute_all_grades_for_course
  . lms.djangoapps.grades.tasks.compute_grades_for_course
  . lms.djangoapps.grades.tasks.compute_grades_for_course_v2
  . lms.djangoapps.grades.tasks.recalculate_subsection_grade_v3
  . openedx.core.djangoapps.bookmarks.tasks.update_xblock_cache
  . openedx.core.djangoapps.content.block_structure.tasks.get_course_in_cache
  . openedx.core.djangoapps.content.block_structure.tasks.get_course_in_cache_v2
  . openedx.core.djangoapps.content.block_structure.tasks.update_course_in_cache
  . openedx.core.djangoapps.content.block_structure.tasks.update_course_in_cache_v2
  . openedx.core.djangoapps.content.course_overviews.tasks.async_course_overview_update
  . openedx.core.djangoapps.content.course_structures.tasks.update_course_structure
  . openedx.core.djangoapps.coursegraph.tasks.dump_course_to_neo4j
  . openedx.core.djangoapps.credit.tasks.update_credit_course_requirements
  . openedx.core.djangoapps.schedules.tasks._recurring_nudge_schedule_send
  . openedx.core.djangoapps.schedules.tasks.recurring_nudge_schedule_hour
  . openedx.core.djangoapps.schedules.tasks.update_course_schedules
  . openedx.core.djangoapps.service_status.tasks.delayed_ping
  . openedx.core.djangoapps.verified_track_content.tasks.sync_cohort_with_mode
  . student.tasks.send_activation_email
  . user_tasks.tasks.purge_old_user_tasks

 
 -------------- celery@edx.cms.core.high.tatweer02 v3.1.18 (Cipater)
---- **** ----- 
--- * ***  * -- Linux-4.4.0-93-generic-x86_64-with-Ubuntu-14.04-trusty
-- * - **** --- 
- ** ---------- [config]
- ** ---------- .> app:         proj:0x7f20c2771250
- ** ---------- .> transport:   amqp://celery:**@localhost:5672//
- ** ---------- .> results:     djcelery.backends.cache:CacheBackend
- *** --- * --- .> concurrency: 1 (prefork)
-- ******* ---- 
--- ***** ----- [queues]
 -------------- .> edx.cms.core.high exchange=edx.cms.core(direct) key=edx.cms.core.high
                

[tasks]
  . celery_utils.tasks.mark_resolved
  . cms_user_tasks.tasks.send_task_complete_email
  . contentstore.tasks.CourseExportTask
  . contentstore.tasks.CourseImportTask
  . contentstore.tasks.export_olx
  . contentstore.tasks.import_olx
  . contentstore.tasks.push_course_update_task
  . contentstore.tasks.rerun_course
  . contentstore.tasks.update_library_index
  . contentstore.tasks.update_search_index
  . lms.djangoapps.grades.tasks.compute_all_grades_for_course
  . lms.djangoapps.grades.tasks.compute_grades_for_course
  . lms.djangoapps.grades.tasks.compute_grades_for_course_v2
  . lms.djangoapps.grades.tasks.recalculate_subsection_grade_v3
  . openedx.core.djangoapps.bookmarks.tasks.update_xblock_cache
  . openedx.core.djangoapps.content.block_structure.tasks.get_course_in_cache
  . openedx.core.djangoapps.content.block_structure.tasks.get_course_in_cache_v2
  . openedx.core.djangoapps.content.block_structure.tasks.update_course_in_cache
  . openedx.core.djangoapps.content.block_structure.tasks.update_course_in_cache_v2
  . openedx.core.djangoapps.content.course_overviews.tasks.async_course_overview_update
  . openedx.core.djangoapps.content.course_structures.tasks.update_course_structure
  . openedx.core.djangoapps.coursegraph.tasks.dump_course_to_neo4j
  . openedx.core.djangoapps.credit.tasks.update_credit_course_requirements
  . openedx.core.djangoapps.schedules.tasks._recurring_nudge_schedule_send
  . openedx.core.djangoapps.schedules.tasks.recurring_nudge_schedule_hour
  . openedx.core.djangoapps.schedules.tasks.update_course_schedules
  . openedx.core.djangoapps.service_status.tasks.delayed_ping
  . openedx.core.djangoapps.verified_track_content.tasks.sync_cohort_with_mode
  . student.tasks.send_activation_email
  . user_tasks.tasks.purge_old_user_tasks

 
 -------------- celery@edx.cms.core.high.tatweer02 v3.1.18 (Cipater)
---- **** ----- 
--- * ***  * -- Linux-4.4.0-93-generic-x86_64-with-Ubuntu-14.04-trusty
-- * - **** --- 
- ** ---------- [config]
- ** ---------- .> app:         proj:0x7f788ab39250
- ** ---------- .> transport:   amqp://celery:**@localhost:5672//
- ** ---------- .> results:     djcelery.backends.cache:CacheBackend
- *** --- * --- .> concurrency: 1 (prefork)
-- ******* ---- 
--- ***** ----- [queues]
 -------------- .> edx.cms.core.high exchange=edx.cms.core(direct) key=edx.cms.core.high
                

[tasks]
  . celery_utils.tasks.mark_resolved
  . cms_user_tasks.tasks.send_task_complete_email
  . contentstore.tasks.CourseExportTask
  . contentstore.tasks.CourseImportTask
  . contentstore.tasks.export_olx
  . contentstore.tasks.import_olx
  . contentstore.tasks.push_course_update_task
  . contentstore.tasks.rerun_course
  . contentstore.tasks.update_library_index
  . contentstore.tasks.update_search_index
  . lms.djangoapps.grades.tasks.compute_all_grades_for_course
  . lms.djangoapps.grades.tasks.compute_grades_for_course
  . lms.djangoapps.grades.tasks.compute_grades_for_course_v2
  . lms.djangoapps.grades.tasks.recalculate_subsection_grade_v3
  . openedx.core.djangoapps.bookmarks.tasks.update_xblock_cache
  . openedx.core.djangoapps.content.block_structure.tasks.get_course_in_cache
  . openedx.core.djangoapps.content.block_structure.tasks.get_course_in_cache_v2
  . openedx.core.djangoapps.content.block_structure.tasks.update_course_in_cache
  . openedx.core.djangoapps.content.block_structure.tasks.update_course_in_cache_v2
  . openedx.core.djangoapps.content.course_overviews.tasks.async_course_overview_update
  . openedx.core.djangoapps.content.course_structures.tasks.update_course_structure
  . openedx.core.djangoapps.coursegraph.tasks.dump_course_to_neo4j
  . openedx.core.djangoapps.credit.tasks.update_credit_course_requirements
  . openedx.core.djangoapps.schedules.tasks._recurring_nudge_schedule_send
  . openedx.core.djangoapps.schedules.tasks.recurring_nudge_schedule_hour
  . openedx.core.djangoapps.schedules.tasks.update_course_schedules
  . openedx.core.djangoapps.service_status.tasks.delayed_ping
  . openedx.core.djangoapps.verified_track_content.tasks.sync_cohort_with_mode
  . student.tasks.send_activation_email
  . user_tasks.tasks.purge_old_user_tasks

 
 -------------- celery@edx.cms.core.high.tatweer02 v3.1.18 (Cipater)
---- **** ----- 
--- * ***  * -- Linux-4.4.0-93-generic-x86_64-with-Ubuntu-14.04-trusty
-- * - **** --- 
- ** ---------- [config]
- ** ---------- .> app:         proj:0x7fe970799250
- ** ---------- .> transport:   amqp://celery:**@localhost:5672//
- ** ---------- .> results:     djcelery.backends.cache:CacheBackend
- *** --- * --- .> concurrency: 1 (prefork)
-- ******* ---- 
--- ***** ----- [queues]
 -------------- .> edx.cms.core.high exchange=edx.cms.core(direct) key=edx.cms.core.high
                

[tasks]
  . celery_utils.tasks.mark_resolved
  . cms_user_tasks.tasks.send_task_complete_email
  . contentstore.tasks.CourseExportTask
  . contentstore.tasks.CourseImportTask
  . contentstore.tasks.export_olx
  . contentstore.tasks.import_olx
  . contentstore.tasks.push_course_update_task
  . contentstore.tasks.rerun_course
  . contentstore.tasks.update_library_index
  . contentstore.tasks.update_search_index
  . lms.djangoapps.grades.tasks.compute_all_grades_for_course
  . lms.djangoapps.grades.tasks.compute_grades_for_course
  . lms.djangoapps.grades.tasks.compute_grades_for_course_v2
  . lms.djangoapps.grades.tasks.recalculate_subsection_grade_v3
  . openedx.core.djangoapps.bookmarks.tasks.update_xblock_cache
  . openedx.core.djangoapps.content.block_structure.tasks.get_course_in_cache
  . openedx.core.djangoapps.content.block_structure.tasks.get_course_in_cache_v2
  . openedx.core.djangoapps.content.block_structure.tasks.update_course_in_cache
  . openedx.core.djangoapps.content.block_structure.tasks.update_course_in_cache_v2
  . openedx.core.djangoapps.content.course_overviews.tasks.async_course_overview_update
  . openedx.core.djangoapps.content.course_structures.tasks.update_course_structure
  . openedx.core.djangoapps.coursegraph.tasks.dump_course_to_neo4j
  . openedx.core.djangoapps.credit.tasks.update_credit_course_requirements
  . openedx.core.djangoapps.schedules.tasks._recurring_nudge_schedule_send
  . openedx.core.djangoapps.schedules.tasks.recurring_nudge_schedule_hour
  . openedx.core.djangoapps.schedules.tasks.update_course_schedules
  . openedx.core.djangoapps.service_status.tasks.delayed_ping
  . openedx.core.djangoapps.verified_track_content.tasks.sync_cohort_with_mode
  . student.tasks.send_activation_email
  . user_tasks.tasks.purge_old_user_tasks

 
 -------------- celery@edx.cms.core.high.tatweer02 v3.1.18 (Cipater)
---- **** ----- 
--- * ***  * -- Linux-4.4.0-93-generic-x86_64-with-Ubuntu-14.04-trusty
-- * - **** --- 
- ** ---------- [config]
- ** ---------- .> app:         proj:0x7f8bb2c32250
- ** ---------- .> transport:   amqp://celery:**@localhost:5672//
- ** ---------- .> results:     djcelery.backends.cache:CacheBackend
- *** --- * --- .> concurrency: 1 (prefork)
-- ******* ---- 
--- ***** ----- [queues]
 -------------- .> edx.cms.core.high exchange=edx.cms.core(direct) key=edx.cms.core.high
                

[tasks]
  . celery_utils.tasks.mark_resolved
  . cms_user_tasks.tasks.send_task_complete_email
  . contentstore.tasks.CourseExportTask
  . contentstore.tasks.CourseImportTask
  . contentstore.tasks.export_olx
  . contentstore.tasks.import_olx
  . contentstore.tasks.push_course_update_task
  . contentstore.tasks.rerun_course
  . contentstore.tasks.update_library_index
  . contentstore.tasks.update_search_index
  . lms.djangoapps.grades.tasks.compute_all_grades_for_course
  . lms.djangoapps.grades.tasks.compute_grades_for_course
  . lms.djangoapps.grades.tasks.compute_grades_for_course_v2
  . lms.djangoapps.grades.tasks.recalculate_subsection_grade_v3
  . openedx.core.djangoapps.bookmarks.tasks.update_xblock_cache
  . openedx.core.djangoapps.content.block_structure.tasks.get_course_in_cache
  . openedx.core.djangoapps.content.block_structure.tasks.get_course_in_cache_v2
  . openedx.core.djangoapps.content.block_structure.tasks.update_course_in_cache
  . openedx.core.djangoapps.content.block_structure.tasks.update_course_in_cache_v2
  . openedx.core.djangoapps.content.course_overviews.tasks.async_course_overview_update
  . openedx.core.djangoapps.content.course_structures.tasks.update_course_structure
  . openedx.core.djangoapps.coursegraph.tasks.dump_course_to_neo4j
  . openedx.core.djangoapps.credit.tasks.update_credit_course_requirements
  . openedx.core.djangoapps.schedules.tasks._recurring_nudge_schedule_send
  . openedx.core.djangoapps.schedules.tasks.recurring_nudge_schedule_hour
  . openedx.core.djangoapps.schedules.tasks.update_course_schedules
  . openedx.core.djangoapps.service_status.tasks.delayed_ping
  . openedx.core.djangoapps.verified_track_content.tasks.sync_cohort_with_mode
  . student.tasks.send_activation_email
  . user_tasks.tasks.purge_old_user_tasks

 
 -------------- celery@edx.cms.core.high.tatweer02 v3.1.18 (Cipater)
---- **** ----- 
--- * ***  * -- Linux-4.4.0-93-generic-x86_64-with-Ubuntu-14.04-trusty
-- * - **** --- 
- ** ---------- [config]
- ** ---------- .> app:         proj:0x7fddb39b1250
- ** ---------- .> transport:   amqp://celery:**@localhost:5672//
- ** ---------- .> results:     djcelery.backends.cache:CacheBackend
- *** --- * --- .> concurrency: 1 (prefork)
-- ******* ---- 
--- ***** ----- [queues]
 -------------- .> edx.cms.core.high exchange=edx.cms.core(direct) key=edx.cms.core.high
                

[tasks]
  . celery_utils.tasks.mark_resolved
  . cms_user_tasks.tasks.send_task_complete_email
  . contentstore.tasks.CourseExportTask
  . contentstore.tasks.CourseImportTask
  . contentstore.tasks.export_olx
  . contentstore.tasks.import_olx
  . contentstore.tasks.push_course_update_task
  . contentstore.tasks.rerun_course
  . contentstore.tasks.update_library_index
  . contentstore.tasks.update_search_index
  . lms.djangoapps.grades.tasks.compute_all_grades_for_course
  . lms.djangoapps.grades.tasks.compute_grades_for_course
  . lms.djangoapps.grades.tasks.compute_grades_for_course_v2
  . lms.djangoapps.grades.tasks.recalculate_subsection_grade_v3
  . openedx.core.djangoapps.bookmarks.tasks.update_xblock_cache
  . openedx.core.djangoapps.content.block_structure.tasks.get_course_in_cache
  . openedx.core.djangoapps.content.block_structure.tasks.get_course_in_cache_v2
  . openedx.core.djangoapps.content.block_structure.tasks.update_course_in_cache
  . openedx.core.djangoapps.content.block_structure.tasks.update_course_in_cache_v2
  . openedx.core.djangoapps.content.course_overviews.tasks.async_course_overview_update
  . openedx.core.djangoapps.content.course_structures.tasks.update_course_structure
  . openedx.core.djangoapps.coursegraph.tasks.dump_course_to_neo4j
  . openedx.core.djangoapps.credit.tasks.update_credit_course_requirements
  . openedx.core.djangoapps.schedules.tasks._recurring_nudge_schedule_send
  . openedx.core.djangoapps.schedules.tasks.recurring_nudge_schedule_hour
  . openedx.core.djangoapps.schedules.tasks.update_course_schedules
  . openedx.core.djangoapps.service_status.tasks.delayed_ping
  . openedx.core.djangoapps.verified_track_content.tasks.sync_cohort_with_mode
  . student.tasks.send_activation_email
  . user_tasks.tasks.purge_old_user_tasks

 
 -------------- celery@edx.cms.core.high.tatweer02 v3.1.18 (Cipater)
---- **** ----- 
--- * ***  * -- Linux-4.4.0-93-generic-x86_64-with-Ubuntu-14.04-trusty
-- * - **** --- 
- ** ---------- [config]
- ** ---------- .> app:         proj:0x7f77d964e250
- ** ---------- .> transport:   amqp://celery:**@localhost:5672//
- ** ---------- .> results:     djcelery.backends.cache:CacheBackend
- *** --- * --- .> concurrency: 1 (prefork)
-- ******* ---- 
--- ***** ----- [queues]
 -------------- .> edx.cms.core.high exchange=edx.cms.core(direct) key=edx.cms.core.high
                

[tasks]
  . celery_utils.tasks.mark_resolved
  . cms_user_tasks.tasks.send_task_complete_email
  . contentstore.tasks.CourseExportTask
  . contentstore.tasks.CourseImportTask
  . contentstore.tasks.export_olx
  . contentstore.tasks.import_olx
  . contentstore.tasks.push_course_update_task
  . contentstore.tasks.rerun_course
  . contentstore.tasks.update_library_index
  . contentstore.tasks.update_search_index
  . lms.djangoapps.grades.tasks.compute_all_grades_for_course
  . lms.djangoapps.grades.tasks.compute_grades_for_course
  . lms.djangoapps.grades.tasks.compute_grades_for_course_v2
  . lms.djangoapps.grades.tasks.recalculate_subsection_grade_v3
  . openedx.core.djangoapps.bookmarks.tasks.update_xblock_cache
  . openedx.core.djangoapps.content.block_structure.tasks.get_course_in_cache
  . openedx.core.djangoapps.content.block_structure.tasks.get_course_in_cache_v2
  . openedx.core.djangoapps.content.block_structure.tasks.update_course_in_cache
  . openedx.core.djangoapps.content.block_structure.tasks.update_course_in_cache_v2
  . openedx.core.djangoapps.content.course_overviews.tasks.async_course_overview_update
  . openedx.core.djangoapps.content.course_structures.tasks.update_course_structure
  . openedx.core.djangoapps.coursegraph.tasks.dump_course_to_neo4j
  . openedx.core.djangoapps.credit.tasks.update_credit_course_requirements
  . openedx.core.djangoapps.schedules.tasks._recurring_nudge_schedule_send
  . openedx.core.djangoapps.schedules.tasks.recurring_nudge_schedule_hour
  . openedx.core.djangoapps.schedules.tasks.update_course_schedules
  . openedx.core.djangoapps.service_status.tasks.delayed_ping
  . openedx.core.djangoapps.verified_track_content.tasks.sync_cohort_with_mode
  . student.tasks.send_activation_email
  . user_tasks.tasks.purge_old_user_tasks

 
 -------------- celery@edx.cms.core.high.tatweer02 v3.1.18 (Cipater)
---- **** ----- 
--- * ***  * -- Linux-4.4.0-93-generic-x86_64-with-Ubuntu-14.04-trusty
-- * - **** --- 
- ** ---------- [config]
- ** ---------- .> app:         proj:0x7fa53eb7d250
- ** ---------- .> transport:   amqp://celery:**@localhost:5672//
- ** ---------- .> results:     djcelery.backends.cache:CacheBackend
- *** --- * --- .> concurrency: 1 (prefork)
-- ******* ---- 
--- ***** ----- [queues]
 -------------- .> edx.cms.core.high exchange=edx.cms.core(direct) key=edx.cms.core.high
                

[tasks]
  . celery_utils.tasks.mark_resolved
  . cms_user_tasks.tasks.send_task_complete_email
  . contentstore.tasks.CourseExportTask
  . contentstore.tasks.CourseImportTask
  . contentstore.tasks.export_olx
  . contentstore.tasks.import_olx
  . contentstore.tasks.push_course_update_task
  . contentstore.tasks.rerun_course
  . contentstore.tasks.update_library_index
  . contentstore.tasks.update_search_index
  . lms.djangoapps.grades.tasks.compute_all_grades_for_course
  . lms.djangoapps.grades.tasks.compute_grades_for_course
  . lms.djangoapps.grades.tasks.compute_grades_for_course_v2
  . lms.djangoapps.grades.tasks.recalculate_subsection_grade_v3
  . openedx.core.djangoapps.bookmarks.tasks.update_xblock_cache
  . openedx.core.djangoapps.content.block_structure.tasks.get_course_in_cache
  . openedx.core.djangoapps.content.block_structure.tasks.get_course_in_cache_v2
  . openedx.core.djangoapps.content.block_structure.tasks.update_course_in_cache
  . openedx.core.djangoapps.content.block_structure.tasks.update_course_in_cache_v2
  . openedx.core.djangoapps.content.course_overviews.tasks.async_course_overview_update
  . openedx.core.djangoapps.content.course_structures.tasks.update_course_structure
  . openedx.core.djangoapps.coursegraph.tasks.dump_course_to_neo4j
  . openedx.core.djangoapps.credit.tasks.update_credit_course_requirements
  . openedx.core.djangoapps.schedules.tasks._recurring_nudge_schedule_send
  . openedx.core.djangoapps.schedules.tasks.recurring_nudge_schedule_hour
  . openedx.core.djangoapps.schedules.tasks.update_course_schedules
  . openedx.core.djangoapps.service_status.tasks.delayed_ping
  . openedx.core.djangoapps.verified_track_content.tasks.sync_cohort_with_mode
  . student.tasks.send_activation_email
  . user_tasks.tasks.purge_old_user_tasks

 
 -------------- celery@edx.cms.core.high.tatweer02 v3.1.18 (Cipater)
---- **** ----- 
--- * ***  * -- Linux-4.4.0-93-generic-x86_64-with-Ubuntu-14.04-trusty
-- * - **** --- 
- ** ---------- [config]
- ** ---------- .> app:         proj:0x7eff2f990250
- ** ---------- .> transport:   amqp://celery:**@localhost:5672//
- ** ---------- .> results:     djcelery.backends.cache:CacheBackend
- *** --- * --- .> concurrency: 1 (prefork)
-- ******* ---- 
--- ***** ----- [queues]
 -------------- .> edx.cms.core.high exchange=edx.cms.core(direct) key=edx.cms.core.high
                

[tasks]
  . celery_utils.tasks.mark_resolved
  . cms_user_tasks.tasks.send_task_complete_email
  . contentstore.tasks.CourseExportTask
  . contentstore.tasks.CourseImportTask
  . contentstore.tasks.export_olx
  . contentstore.tasks.import_olx
  . contentstore.tasks.push_course_update_task
  . contentstore.tasks.rerun_course
  . contentstore.tasks.update_library_index
  . contentstore.tasks.update_search_index
  . lms.djangoapps.grades.tasks.compute_all_grades_for_course
  . lms.djangoapps.grades.tasks.compute_grades_for_course
  . lms.djangoapps.grades.tasks.compute_grades_for_course_v2
  . lms.djangoapps.grades.tasks.recalculate_subsection_grade_v3
  . openedx.core.djangoapps.bookmarks.tasks.update_xblock_cache
  . openedx.core.djangoapps.content.block_structure.tasks.get_course_in_cache
  . openedx.core.djangoapps.content.block_structure.tasks.get_course_in_cache_v2
  . openedx.core.djangoapps.content.block_structure.tasks.update_course_in_cache
  . openedx.core.djangoapps.content.block_structure.tasks.update_course_in_cache_v2
  . openedx.core.djangoapps.content.course_overviews.tasks.async_course_overview_update
  . openedx.core.djangoapps.content.course_structures.tasks.update_course_structure
  . openedx.core.djangoapps.coursegraph.tasks.dump_course_to_neo4j
  . openedx.core.djangoapps.credit.tasks.update_credit_course_requirements
  . openedx.core.djangoapps.schedules.tasks._recurring_nudge_schedule_send
  . openedx.core.djangoapps.schedules.tasks.recurring_nudge_schedule_hour
  . openedx.core.djangoapps.schedules.tasks.update_course_schedules
  . openedx.core.djangoapps.service_status.tasks.delayed_ping
  . openedx.core.djangoapps.verified_track_content.tasks.sync_cohort_with_mode
  . student.tasks.send_activation_email
  . user_tasks.tasks.purge_old_user_tasks

 
 -------------- celery@edx.cms.core.high.tatweer02 v3.1.18 (Cipater)
---- **** ----- 
--- * ***  * -- Linux-4.4.0-93-generic-x86_64-with-Ubuntu-14.04-trusty
-- * - **** --- 
- ** ---------- [config]
- ** ---------- .> app:         proj:0x7f7bda2f7250
- ** ---------- .> transport:   amqp://celery:**@localhost:5672//
- ** ---------- .> results:     djcelery.backends.cache:CacheBackend
- *** --- * --- .> concurrency: 1 (prefork)
-- ******* ---- 
--- ***** ----- [queues]
 -------------- .> edx.cms.core.high exchange=edx.cms.core(direct) key=edx.cms.core.high
                

[tasks]
  . celery_utils.tasks.mark_resolved
  . cms_user_tasks.tasks.send_task_complete_email
  . contentstore.tasks.CourseExportTask
  . contentstore.tasks.CourseImportTask
  . contentstore.tasks.export_olx
  . contentstore.tasks.import_olx
  . contentstore.tasks.push_course_update_task
  . contentstore.tasks.rerun_course
  . contentstore.tasks.update_library_index
  . contentstore.tasks.update_search_index
  . lms.djangoapps.grades.tasks.compute_all_grades_for_course
  . lms.djangoapps.grades.tasks.compute_grades_for_course
  . lms.djangoapps.grades.tasks.compute_grades_for_course_v2
  . lms.djangoapps.grades.tasks.recalculate_subsection_grade_v3
  . openedx.core.djangoapps.bookmarks.tasks.update_xblock_cache
  . openedx.core.djangoapps.content.block_structure.tasks.get_course_in_cache
  . openedx.core.djangoapps.content.block_structure.tasks.get_course_in_cache_v2
  . openedx.core.djangoapps.content.block_structure.tasks.update_course_in_cache
  . openedx.core.djangoapps.content.block_structure.tasks.update_course_in_cache_v2
  . openedx.core.djangoapps.content.course_overviews.tasks.async_course_overview_update
  . openedx.core.djangoapps.content.course_structures.tasks.update_course_structure
  . openedx.core.djangoapps.coursegraph.tasks.dump_course_to_neo4j
  . openedx.core.djangoapps.credit.tasks.update_credit_course_requirements
  . openedx.core.djangoapps.schedules.tasks._recurring_nudge_schedule_send
  . openedx.core.djangoapps.schedules.tasks.recurring_nudge_schedule_hour
  . openedx.core.djangoapps.schedules.tasks.update_course_schedules
  . openedx.core.djangoapps.service_status.tasks.delayed_ping
  . openedx.core.djangoapps.verified_track_content.tasks.sync_cohort_with_mode
  . student.tasks.send_activation_email
  . user_tasks.tasks.purge_old_user_tasks

