Dec 25 12:07:24 tatweer02 [service_variant=cms][gunicorn.error][env:sandbox] INFO [tatweer02  21111] [glogging.py:213] - Worker exiting (pid: 21111)
Dec 25 12:07:24 tatweer02 [service_variant=cms][gunicorn.error][env:sandbox] INFO [tatweer02  21085] [glogging.py:213] - Worker exiting (pid: 21085)
Dec 25 12:07:24 tatweer02 [service_variant=cms][gunicorn.error][env:sandbox] INFO [tatweer02  21104] [glogging.py:213] - Worker exiting (pid: 21104)
Dec 25 12:07:24 tatweer02 [service_variant=cms][gunicorn.error][env:sandbox] INFO [tatweer02  21061] [glogging.py:213] - Worker exiting (pid: 21061)
Dec 25 12:07:24 tatweer02 [service_variant=cms][gunicorn.error][env:sandbox] INFO [tatweer02  21078] [glogging.py:213] - Worker exiting (pid: 21078)
Dec 25 12:07:24 tatweer02 [service_variant=cms][gunicorn.error][env:sandbox] INFO [tatweer02  21063] [glogging.py:213] - Worker exiting (pid: 21063)
Dec 25 12:07:46 tatweer02 [service_variant=cms][py.warnings][env:sandbox] WARNING [tatweer02  81837] [base.py:116] - /edx/app/edxapp/edx-platform/openedx/core/djangoapps/schedules/models.py:9: RemovedInDjango19Warning: Model class openedx.core.djangoapps.schedules.models.Schedule doesn't declare an explicit app_label and either isn't in an application in INSTALLED_APPS or else was imported before its application was loaded. This will no longer be supported in Django 1.9.
  class Schedule(TimeStampedModel):
Dec 25 12:07:46 tatweer02 [service_variant=cms][py.warnings][env:sandbox] WARNING [tatweer02  81837] [base.py:116] - /edx/app/edxapp/edx-platform/openedx/core/djangoapps/schedules/models.py:31: RemovedInDjango19Warning: Model class openedx.core.djangoapps.schedules.models.ScheduleConfig doesn't declare an explicit app_label and either isn't in an application in INSTALLED_APPS or else was imported before its application was loaded. This will no longer be supported in Django 1.9.
  class ScheduleConfig(ConfigurationModel):
Dec 25 12:07:47 tatweer02 [service_variant=cms][py.warnings][env:sandbox] WARNING [tatweer02  81936] [base.py:116] - /edx/app/edxapp/edx-platform/openedx/core/djangoapps/schedules/models.py:9: RemovedInDjango19Warning: Model class openedx.core.djangoapps.schedules.models.Schedule doesn't declare an explicit app_label and either isn't in an application in INSTALLED_APPS or else was imported before its application was loaded. This will no longer be supported in Django 1.9.
  class Schedule(TimeStampedModel):
Dec 25 12:07:47 tatweer02 [service_variant=cms][py.warnings][env:sandbox] WARNING [tatweer02  81936] [base.py:116] - /edx/app/edxapp/edx-platform/openedx/core/djangoapps/schedules/models.py:31: RemovedInDjango19Warning: Model class openedx.core.djangoapps.schedules.models.ScheduleConfig doesn't declare an explicit app_label and either isn't in an application in INSTALLED_APPS or else was imported before its application was loaded. This will no longer be supported in Django 1.9.
  class ScheduleConfig(ConfigurationModel):
Dec 25 12:07:47 tatweer02 [service_variant=cms][py.warnings][env:sandbox] WARNING [tatweer02  81939] [base.py:116] - /edx/app/edxapp/edx-platform/openedx/core/djangoapps/schedules/models.py:9: RemovedInDjango19Warning: Model class openedx.core.djangoapps.schedules.models.Schedule doesn't declare an explicit app_label and either isn't in an application in INSTALLED_APPS or else was imported before its application was loaded. This will no longer be supported in Django 1.9.
  class Schedule(TimeStampedModel):
Dec 25 12:07:47 tatweer02 [service_variant=cms][py.warnings][env:sandbox] WARNING [tatweer02  81939] [base.py:116] - /edx/app/edxapp/edx-platform/openedx/core/djangoapps/schedules/models.py:31: RemovedInDjango19Warning: Model class openedx.core.djangoapps.schedules.models.ScheduleConfig doesn't declare an explicit app_label and either isn't in an application in INSTALLED_APPS or else was imported before its application was loaded. This will no longer be supported in Django 1.9.
  class ScheduleConfig(ConfigurationModel):
Dec 25 12:07:47 tatweer02 [service_variant=cms][py.warnings][env:sandbox] WARNING [tatweer02  81941] [base.py:116] - /edx/app/edxapp/edx-platform/openedx/core/djangoapps/schedules/models.py:9: RemovedInDjango19Warning: Model class openedx.core.djangoapps.schedules.models.Schedule doesn't declare an explicit app_label and either isn't in an application in INSTALLED_APPS or else was imported before its application was loaded. This will no longer be supported in Django 1.9.
  class Schedule(TimeStampedModel):
Dec 25 12:07:47 tatweer02 [service_variant=cms][py.warnings][env:sandbox] WARNING [tatweer02  81941] [base.py:116] - /edx/app/edxapp/edx-platform/openedx/core/djangoapps/schedules/models.py:31: RemovedInDjango19Warning: Model class openedx.core.djangoapps.schedules.models.ScheduleConfig doesn't declare an explicit app_label and either isn't in an application in INSTALLED_APPS or else was imported before its application was loaded. This will no longer be supported in Django 1.9.
  class ScheduleConfig(ConfigurationModel):
Dec 25 12:07:47 tatweer02 [service_variant=cms][py.warnings][env:sandbox] WARNING [tatweer02  81935] [base.py:116] - /edx/app/edxapp/edx-platform/openedx/core/djangoapps/schedules/models.py:9: RemovedInDjango19Warning: Model class openedx.core.djangoapps.schedules.models.Schedule doesn't declare an explicit app_label and either isn't in an application in INSTALLED_APPS or else was imported before its application was loaded. This will no longer be supported in Django 1.9.
  class Schedule(TimeStampedModel):
Dec 25 12:07:47 tatweer02 [service_variant=cms][py.warnings][env:sandbox] WARNING [tatweer02  81935] [base.py:116] - /edx/app/edxapp/edx-platform/openedx/core/djangoapps/schedules/models.py:31: RemovedInDjango19Warning: Model class openedx.core.djangoapps.schedules.models.ScheduleConfig doesn't declare an explicit app_label and either isn't in an application in INSTALLED_APPS or else was imported before its application was loaded. This will no longer be supported in Django 1.9.
  class ScheduleConfig(ConfigurationModel):
Dec 25 12:07:47 tatweer02 [service_variant=cms][py.warnings][env:sandbox] WARNING [tatweer02  81953] [base.py:116] - /edx/app/edxapp/edx-platform/openedx/core/djangoapps/schedules/models.py:9: RemovedInDjango19Warning: Model class openedx.core.djangoapps.schedules.models.Schedule doesn't declare an explicit app_label and either isn't in an application in INSTALLED_APPS or else was imported before its application was loaded. This will no longer be supported in Django 1.9.
  class Schedule(TimeStampedModel):
Dec 25 12:07:47 tatweer02 [service_variant=cms][py.warnings][env:sandbox] WARNING [tatweer02  81953] [base.py:116] - /edx/app/edxapp/edx-platform/openedx/core/djangoapps/schedules/models.py:31: RemovedInDjango19Warning: Model class openedx.core.djangoapps.schedules.models.ScheduleConfig doesn't declare an explicit app_label and either isn't in an application in INSTALLED_APPS or else was imported before its application was loaded. This will no longer be supported in Django 1.9.
  class ScheduleConfig(ConfigurationModel):
Dec 25 12:07:47 tatweer02 [service_variant=cms][py.warnings][env:sandbox] WARNING [tatweer02  81955] [base.py:116] - /edx/app/edxapp/edx-platform/openedx/core/djangoapps/schedules/models.py:9: RemovedInDjango19Warning: Model class openedx.core.djangoapps.schedules.models.Schedule doesn't declare an explicit app_label and either isn't in an application in INSTALLED_APPS or else was imported before its application was loaded. This will no longer be supported in Django 1.9.
  class Schedule(TimeStampedModel):
Dec 25 12:07:47 tatweer02 [service_variant=cms][py.warnings][env:sandbox] WARNING [tatweer02  81955] [base.py:116] - /edx/app/edxapp/edx-platform/openedx/core/djangoapps/schedules/models.py:31: RemovedInDjango19Warning: Model class openedx.core.djangoapps.schedules.models.ScheduleConfig doesn't declare an explicit app_label and either isn't in an application in INSTALLED_APPS or else was imported before its application was loaded. This will no longer be supported in Django 1.9.
  class ScheduleConfig(ConfigurationModel):
Dec 25 12:07:47 tatweer02 [service_variant=cms][py.warnings][env:sandbox] WARNING [tatweer02  81952] [base.py:116] - /edx/app/edxapp/edx-platform/openedx/core/djangoapps/schedules/models.py:9: RemovedInDjango19Warning: Model class openedx.core.djangoapps.schedules.models.Schedule doesn't declare an explicit app_label and either isn't in an application in INSTALLED_APPS or else was imported before its application was loaded. This will no longer be supported in Django 1.9.
  class Schedule(TimeStampedModel):
Dec 25 12:07:47 tatweer02 [service_variant=cms][py.warnings][env:sandbox] WARNING [tatweer02  81952] [base.py:116] - /edx/app/edxapp/edx-platform/openedx/core/djangoapps/schedules/models.py:31: RemovedInDjango19Warning: Model class openedx.core.djangoapps.schedules.models.ScheduleConfig doesn't declare an explicit app_label and either isn't in an application in INSTALLED_APPS or else was imported before its application was loaded. This will no longer be supported in Django 1.9.
  class ScheduleConfig(ConfigurationModel):
Dec 25 12:07:47 tatweer02 [service_variant=cms][py.warnings][env:sandbox] WARNING [tatweer02  81841] [base.py:116] - /edx/app/edxapp/edx-platform/openedx/core/djangoapps/schedules/models.py:9: RemovedInDjango19Warning: Model class openedx.core.djangoapps.schedules.models.Schedule doesn't declare an explicit app_label and either isn't in an application in INSTALLED_APPS or else was imported before its application was loaded. This will no longer be supported in Django 1.9.
  class Schedule(TimeStampedModel):
Dec 25 12:07:47 tatweer02 [service_variant=cms][py.warnings][env:sandbox] WARNING [tatweer02  81841] [base.py:116] - /edx/app/edxapp/edx-platform/openedx/core/djangoapps/schedules/models.py:31: RemovedInDjango19Warning: Model class openedx.core.djangoapps.schedules.models.ScheduleConfig doesn't declare an explicit app_label and either isn't in an application in INSTALLED_APPS or else was imported before its application was loaded. This will no longer be supported in Django 1.9.
  class ScheduleConfig(ConfigurationModel):
Dec 25 12:07:47 tatweer02 [service_variant=cms][py.warnings][env:sandbox] WARNING [tatweer02  81963] [base.py:116] - /edx/app/edxapp/edx-platform/openedx/core/djangoapps/schedules/models.py:9: RemovedInDjango19Warning: Model class openedx.core.djangoapps.schedules.models.Schedule doesn't declare an explicit app_label and either isn't in an application in INSTALLED_APPS or else was imported before its application was loaded. This will no longer be supported in Django 1.9.
  class Schedule(TimeStampedModel):
Dec 25 12:07:47 tatweer02 [service_variant=cms][py.warnings][env:sandbox] WARNING [tatweer02  81963] [base.py:116] - /edx/app/edxapp/edx-platform/openedx/core/djangoapps/schedules/models.py:31: RemovedInDjango19Warning: Model class openedx.core.djangoapps.schedules.models.ScheduleConfig doesn't declare an explicit app_label and either isn't in an application in INSTALLED_APPS or else was imported before its application was loaded. This will no longer be supported in Django 1.9.
  class ScheduleConfig(ConfigurationModel):
Dec 25 12:07:48 tatweer02 [service_variant=cms][py.warnings][env:sandbox] WARNING [tatweer02  81843] [base.py:116] - /edx/app/edxapp/edx-platform/openedx/core/djangoapps/schedules/models.py:9: RemovedInDjango19Warning: Model class openedx.core.djangoapps.schedules.models.Schedule doesn't declare an explicit app_label and either isn't in an application in INSTALLED_APPS or else was imported before its application was loaded. This will no longer be supported in Django 1.9.
  class Schedule(TimeStampedModel):
Dec 25 12:07:48 tatweer02 [service_variant=cms][py.warnings][env:sandbox] WARNING [tatweer02  81843] [base.py:116] - /edx/app/edxapp/edx-platform/openedx/core/djangoapps/schedules/models.py:31: RemovedInDjango19Warning: Model class openedx.core.djangoapps.schedules.models.ScheduleConfig doesn't declare an explicit app_label and either isn't in an application in INSTALLED_APPS or else was imported before its application was loaded. This will no longer be supported in Django 1.9.
  class ScheduleConfig(ConfigurationModel):
Dec 25 12:07:53 tatweer02 [service_variant=cms][py.warnings][env:sandbox] WARNING [tatweer02  81837] [base.py:116] - /edx/app/edxapp/edx-platform/lms/djangoapps/survey/models.py:20: RemovedInDjango19Warning: Model class survey.models.SurveyForm doesn't declare an explicit app_label and either isn't in an application in INSTALLED_APPS or else was imported before its application was loaded. This will no longer be supported in Django 1.9.
  class SurveyForm(TimeStampedModel):
Dec 25 12:07:53 tatweer02 [service_variant=cms][py.warnings][env:sandbox] WARNING [tatweer02  81837] [base.py:116] - /edx/app/edxapp/edx-platform/lms/djangoapps/survey/models.py:160: RemovedInDjango19Warning: Model class survey.models.SurveyAnswer doesn't declare an explicit app_label and either isn't in an application in INSTALLED_APPS or else was imported before its application was loaded. This will no longer be supported in Django 1.9.
  class SurveyAnswer(TimeStampedModel):
Dec 25 12:07:55 tatweer02 [service_variant=cms][py.warnings][env:sandbox] WARNING [tatweer02  81941] [base.py:116] - /edx/app/edxapp/edx-platform/lms/djangoapps/survey/models.py:20: RemovedInDjango19Warning: Model class survey.models.SurveyForm doesn't declare an explicit app_label and either isn't in an application in INSTALLED_APPS or else was imported before its application was loaded. This will no longer be supported in Django 1.9.
  class SurveyForm(TimeStampedModel):
Dec 25 12:07:55 tatweer02 [service_variant=cms][py.warnings][env:sandbox] WARNING [tatweer02  81941] [base.py:116] - /edx/app/edxapp/edx-platform/lms/djangoapps/survey/models.py:160: RemovedInDjango19Warning: Model class survey.models.SurveyAnswer doesn't declare an explicit app_label and either isn't in an application in INSTALLED_APPS or else was imported before its application was loaded. This will no longer be supported in Django 1.9.
  class SurveyAnswer(TimeStampedModel):
Dec 25 12:07:55 tatweer02 [service_variant=cms][py.warnings][env:sandbox] WARNING [tatweer02  81939] [base.py:116] - /edx/app/edxapp/edx-platform/lms/djangoapps/survey/models.py:20: RemovedInDjango19Warning: Model class survey.models.SurveyForm doesn't declare an explicit app_label and either isn't in an application in INSTALLED_APPS or else was imported before its application was loaded. This will no longer be supported in Django 1.9.
  class SurveyForm(TimeStampedModel):
Dec 25 12:07:55 tatweer02 [service_variant=cms][py.warnings][env:sandbox] WARNING [tatweer02  81939] [base.py:116] - /edx/app/edxapp/edx-platform/lms/djangoapps/survey/models.py:160: RemovedInDjango19Warning: Model class survey.models.SurveyAnswer doesn't declare an explicit app_label and either isn't in an application in INSTALLED_APPS or else was imported before its application was loaded. This will no longer be supported in Django 1.9.
  class SurveyAnswer(TimeStampedModel):
Dec 25 12:07:56 tatweer02 [service_variant=cms][py.warnings][env:sandbox] WARNING [tatweer02  81935] [base.py:116] - /edx/app/edxapp/edx-platform/lms/djangoapps/survey/models.py:20: RemovedInDjango19Warning: Model class survey.models.SurveyForm doesn't declare an explicit app_label and either isn't in an application in INSTALLED_APPS or else was imported before its application was loaded. This will no longer be supported in Django 1.9.
  class SurveyForm(TimeStampedModel):
Dec 25 12:07:56 tatweer02 [service_variant=cms][py.warnings][env:sandbox] WARNING [tatweer02  81935] [base.py:116] - /edx/app/edxapp/edx-platform/lms/djangoapps/survey/models.py:160: RemovedInDjango19Warning: Model class survey.models.SurveyAnswer doesn't declare an explicit app_label and either isn't in an application in INSTALLED_APPS or else was imported before its application was loaded. This will no longer be supported in Django 1.9.
  class SurveyAnswer(TimeStampedModel):
Dec 25 12:07:56 tatweer02 [service_variant=cms][py.warnings][env:sandbox] WARNING [tatweer02  81955] [base.py:116] - /edx/app/edxapp/edx-platform/lms/djangoapps/survey/models.py:20: RemovedInDjango19Warning: Model class survey.models.SurveyForm doesn't declare an explicit app_label and either isn't in an application in INSTALLED_APPS or else was imported before its application was loaded. This will no longer be supported in Django 1.9.
  class SurveyForm(TimeStampedModel):
Dec 25 12:07:56 tatweer02 [service_variant=cms][py.warnings][env:sandbox] WARNING [tatweer02  81955] [base.py:116] - /edx/app/edxapp/edx-platform/lms/djangoapps/survey/models.py:160: RemovedInDjango19Warning: Model class survey.models.SurveyAnswer doesn't declare an explicit app_label and either isn't in an application in INSTALLED_APPS or else was imported before its application was loaded. This will no longer be supported in Django 1.9.
  class SurveyAnswer(TimeStampedModel):
Dec 25 12:07:56 tatweer02 [service_variant=cms][py.warnings][env:sandbox] WARNING [tatweer02  81953] [base.py:116] - /edx/app/edxapp/edx-platform/lms/djangoapps/survey/models.py:20: RemovedInDjango19Warning: Model class survey.models.SurveyForm doesn't declare an explicit app_label and either isn't in an application in INSTALLED_APPS or else was imported before its application was loaded. This will no longer be supported in Django 1.9.
  class SurveyForm(TimeStampedModel):
Dec 25 12:07:56 tatweer02 [service_variant=cms][py.warnings][env:sandbox] WARNING [tatweer02  81953] [base.py:116] - /edx/app/edxapp/edx-platform/lms/djangoapps/survey/models.py:160: RemovedInDjango19Warning: Model class survey.models.SurveyAnswer doesn't declare an explicit app_label and either isn't in an application in INSTALLED_APPS or else was imported before its application was loaded. This will no longer be supported in Django 1.9.
  class SurveyAnswer(TimeStampedModel):
Dec 25 12:07:56 tatweer02 [service_variant=cms][py.warnings][env:sandbox] WARNING [tatweer02  81936] [base.py:116] - /edx/app/edxapp/edx-platform/lms/djangoapps/survey/models.py:20: RemovedInDjango19Warning: Model class survey.models.SurveyForm doesn't declare an explicit app_label and either isn't in an application in INSTALLED_APPS or else was imported before its application was loaded. This will no longer be supported in Django 1.9.
  class SurveyForm(TimeStampedModel):
Dec 25 12:07:56 tatweer02 [service_variant=cms][py.warnings][env:sandbox] WARNING [tatweer02  81936] [base.py:116] - /edx/app/edxapp/edx-platform/lms/djangoapps/survey/models.py:160: RemovedInDjango19Warning: Model class survey.models.SurveyAnswer doesn't declare an explicit app_label and either isn't in an application in INSTALLED_APPS or else was imported before its application was loaded. This will no longer be supported in Django 1.9.
  class SurveyAnswer(TimeStampedModel):
Dec 25 12:07:56 tatweer02 [service_variant=cms][py.warnings][env:sandbox] WARNING [tatweer02  81841] [base.py:116] - /edx/app/edxapp/edx-platform/lms/djangoapps/survey/models.py:20: RemovedInDjango19Warning: Model class survey.models.SurveyForm doesn't declare an explicit app_label and either isn't in an application in INSTALLED_APPS or else was imported before its application was loaded. This will no longer be supported in Django 1.9.
  class SurveyForm(TimeStampedModel):
Dec 25 12:07:56 tatweer02 [service_variant=cms][py.warnings][env:sandbox] WARNING [tatweer02  81841] [base.py:116] - /edx/app/edxapp/edx-platform/lms/djangoapps/survey/models.py:160: RemovedInDjango19Warning: Model class survey.models.SurveyAnswer doesn't declare an explicit app_label and either isn't in an application in INSTALLED_APPS or else was imported before its application was loaded. This will no longer be supported in Django 1.9.
  class SurveyAnswer(TimeStampedModel):
Dec 25 12:07:56 tatweer02 [service_variant=cms][py.warnings][env:sandbox] WARNING [tatweer02  81952] [base.py:116] - /edx/app/edxapp/edx-platform/lms/djangoapps/survey/models.py:20: RemovedInDjango19Warning: Model class survey.models.SurveyForm doesn't declare an explicit app_label and either isn't in an application in INSTALLED_APPS or else was imported before its application was loaded. This will no longer be supported in Django 1.9.
  class SurveyForm(TimeStampedModel):
Dec 25 12:07:56 tatweer02 [service_variant=cms][py.warnings][env:sandbox] WARNING [tatweer02  81952] [base.py:116] - /edx/app/edxapp/edx-platform/lms/djangoapps/survey/models.py:160: RemovedInDjango19Warning: Model class survey.models.SurveyAnswer doesn't declare an explicit app_label and either isn't in an application in INSTALLED_APPS or else was imported before its application was loaded. This will no longer be supported in Django 1.9.
  class SurveyAnswer(TimeStampedModel):
Dec 25 12:07:56 tatweer02 [service_variant=cms][py.warnings][env:sandbox] WARNING [tatweer02  81963] [base.py:116] - /edx/app/edxapp/edx-platform/lms/djangoapps/survey/models.py:20: RemovedInDjango19Warning: Model class survey.models.SurveyForm doesn't declare an explicit app_label and either isn't in an application in INSTALLED_APPS or else was imported before its application was loaded. This will no longer be supported in Django 1.9.
  class SurveyForm(TimeStampedModel):
Dec 25 12:07:56 tatweer02 [service_variant=cms][py.warnings][env:sandbox] WARNING [tatweer02  81963] [base.py:116] - /edx/app/edxapp/edx-platform/lms/djangoapps/survey/models.py:160: RemovedInDjango19Warning: Model class survey.models.SurveyAnswer doesn't declare an explicit app_label and either isn't in an application in INSTALLED_APPS or else was imported before its application was loaded. This will no longer be supported in Django 1.9.
  class SurveyAnswer(TimeStampedModel):
Dec 25 12:07:57 tatweer02 [service_variant=cms][py.warnings][env:sandbox] WARNING [tatweer02  81843] [base.py:116] - /edx/app/edxapp/edx-platform/lms/djangoapps/survey/models.py:20: RemovedInDjango19Warning: Model class survey.models.SurveyForm doesn't declare an explicit app_label and either isn't in an application in INSTALLED_APPS or else was imported before its application was loaded. This will no longer be supported in Django 1.9.
  class SurveyForm(TimeStampedModel):
Dec 25 12:07:57 tatweer02 [service_variant=cms][py.warnings][env:sandbox] WARNING [tatweer02  81843] [base.py:116] - /edx/app/edxapp/edx-platform/lms/djangoapps/survey/models.py:160: RemovedInDjango19Warning: Model class survey.models.SurveyAnswer doesn't declare an explicit app_label and either isn't in an application in INSTALLED_APPS or else was imported before its application was loaded. This will no longer be supported in Django 1.9.
  class SurveyAnswer(TimeStampedModel):
Dec 25 12:07:57 tatweer02 [service_variant=cms][dd.dogapi][env:sandbox] INFO [tatweer02  81837] [dog_stats_api.py:66] - Initializing dog api to use statsd: localhost, 8125
Dec 25 12:08:01 tatweer02 [service_variant=cms][dd.dogapi][env:sandbox] INFO [tatweer02  81939] [dog_stats_api.py:66] - Initializing dog api to use statsd: localhost, 8125
Dec 25 12:08:02 tatweer02 [service_variant=cms][dd.dogapi][env:sandbox] INFO [tatweer02  81955] [dog_stats_api.py:66] - Initializing dog api to use statsd: localhost, 8125
Dec 25 12:08:02 tatweer02 [service_variant=cms][dd.dogapi][env:sandbox] INFO [tatweer02  81941] [dog_stats_api.py:66] - Initializing dog api to use statsd: localhost, 8125
Dec 25 12:08:02 tatweer02 [service_variant=cms][dd.dogapi][env:sandbox] INFO [tatweer02  81935] [dog_stats_api.py:66] - Initializing dog api to use statsd: localhost, 8125
Dec 25 12:08:02 tatweer02 [service_variant=cms][dd.dogapi][env:sandbox] INFO [tatweer02  81953] [dog_stats_api.py:66] - Initializing dog api to use statsd: localhost, 8125
Dec 25 12:08:03 tatweer02 [service_variant=cms][dd.dogapi][env:sandbox] INFO [tatweer02  81936] [dog_stats_api.py:66] - Initializing dog api to use statsd: localhost, 8125
Dec 25 12:08:03 tatweer02 [service_variant=cms][dd.dogapi][env:sandbox] INFO [tatweer02  81963] [dog_stats_api.py:66] - Initializing dog api to use statsd: localhost, 8125
Dec 25 12:08:03 tatweer02 [service_variant=cms][dd.dogapi][env:sandbox] INFO [tatweer02  81841] [dog_stats_api.py:66] - Initializing dog api to use statsd: localhost, 8125
Dec 25 12:08:03 tatweer02 [service_variant=cms][dd.dogapi][env:sandbox] INFO [tatweer02  81952] [dog_stats_api.py:66] - Initializing dog api to use statsd: localhost, 8125
Dec 25 12:08:03 tatweer02 [service_variant=cms][dd.dogapi][env:sandbox] INFO [tatweer02  81843] [dog_stats_api.py:66] - Initializing dog api to use statsd: localhost, 8125
Dec 25 15:24:52 tatweer02 [service_variant=cms][py.warnings][env:sandbox] WARNING [tatweer02  1840] [base.py:116] - /edx/app/edxapp/edx-platform/openedx/core/djangoapps/schedules/models.py:9: RemovedInDjango19Warning: Model class openedx.core.djangoapps.schedules.models.Schedule doesn't declare an explicit app_label and either isn't in an application in INSTALLED_APPS or else was imported before its application was loaded. This will no longer be supported in Django 1.9.
  class Schedule(TimeStampedModel):
Dec 25 15:24:52 tatweer02 [service_variant=cms][py.warnings][env:sandbox] WARNING [tatweer02  1840] [base.py:116] - /edx/app/edxapp/edx-platform/openedx/core/djangoapps/schedules/models.py:31: RemovedInDjango19Warning: Model class openedx.core.djangoapps.schedules.models.ScheduleConfig doesn't declare an explicit app_label and either isn't in an application in INSTALLED_APPS or else was imported before its application was loaded. This will no longer be supported in Django 1.9.
  class ScheduleConfig(ConfigurationModel):
Dec 25 15:24:52 tatweer02 [service_variant=cms][py.warnings][env:sandbox] WARNING [tatweer02  1619] [base.py:116] - /edx/app/edxapp/edx-platform/openedx/core/djangoapps/schedules/models.py:9: RemovedInDjango19Warning: Model class openedx.core.djangoapps.schedules.models.Schedule doesn't declare an explicit app_label and either isn't in an application in INSTALLED_APPS or else was imported before its application was loaded. This will no longer be supported in Django 1.9.
  class Schedule(TimeStampedModel):
Dec 25 15:24:52 tatweer02 [service_variant=cms][py.warnings][env:sandbox] WARNING [tatweer02  1619] [base.py:116] - /edx/app/edxapp/edx-platform/openedx/core/djangoapps/schedules/models.py:31: RemovedInDjango19Warning: Model class openedx.core.djangoapps.schedules.models.ScheduleConfig doesn't declare an explicit app_label and either isn't in an application in INSTALLED_APPS or else was imported before its application was loaded. This will no longer be supported in Django 1.9.
  class ScheduleConfig(ConfigurationModel):
Dec 25 15:24:52 tatweer02 [service_variant=cms][py.warnings][env:sandbox] WARNING [tatweer02  1846] [base.py:116] - /edx/app/edxapp/edx-platform/openedx/core/djangoapps/schedules/models.py:9: RemovedInDjango19Warning: Model class openedx.core.djangoapps.schedules.models.Schedule doesn't declare an explicit app_label and either isn't in an application in INSTALLED_APPS or else was imported before its application was loaded. This will no longer be supported in Django 1.9.
  class Schedule(TimeStampedModel):
Dec 25 15:24:52 tatweer02 [service_variant=cms][py.warnings][env:sandbox] WARNING [tatweer02  1846] [base.py:116] - /edx/app/edxapp/edx-platform/openedx/core/djangoapps/schedules/models.py:31: RemovedInDjango19Warning: Model class openedx.core.djangoapps.schedules.models.ScheduleConfig doesn't declare an explicit app_label and either isn't in an application in INSTALLED_APPS or else was imported before its application was loaded. This will no longer be supported in Django 1.9.
  class ScheduleConfig(ConfigurationModel):
Dec 25 15:24:52 tatweer02 [service_variant=cms][py.warnings][env:sandbox] WARNING [tatweer02  1845] [base.py:116] - /edx/app/edxapp/edx-platform/openedx/core/djangoapps/schedules/models.py:9: RemovedInDjango19Warning: Model class openedx.core.djangoapps.schedules.models.Schedule doesn't declare an explicit app_label and either isn't in an application in INSTALLED_APPS or else was imported before its application was loaded. This will no longer be supported in Django 1.9.
  class Schedule(TimeStampedModel):
Dec 25 15:24:53 tatweer02 [service_variant=cms][py.warnings][env:sandbox] WARNING [tatweer02  1845] [base.py:116] - /edx/app/edxapp/edx-platform/openedx/core/djangoapps/schedules/models.py:31: RemovedInDjango19Warning: Model class openedx.core.djangoapps.schedules.models.ScheduleConfig doesn't declare an explicit app_label and either isn't in an application in INSTALLED_APPS or else was imported before its application was loaded. This will no longer be supported in Django 1.9.
  class ScheduleConfig(ConfigurationModel):
Dec 25 15:24:53 tatweer02 [service_variant=cms][py.warnings][env:sandbox] WARNING [tatweer02  1838] [base.py:116] - /edx/app/edxapp/edx-platform/openedx/core/djangoapps/schedules/models.py:9: RemovedInDjango19Warning: Model class openedx.core.djangoapps.schedules.models.Schedule doesn't declare an explicit app_label and either isn't in an application in INSTALLED_APPS or else was imported before its application was loaded. This will no longer be supported in Django 1.9.
  class Schedule(TimeStampedModel):
Dec 25 15:24:53 tatweer02 [service_variant=cms][py.warnings][env:sandbox] WARNING [tatweer02  1838] [base.py:116] - /edx/app/edxapp/edx-platform/openedx/core/djangoapps/schedules/models.py:31: RemovedInDjango19Warning: Model class openedx.core.djangoapps.schedules.models.ScheduleConfig doesn't declare an explicit app_label and either isn't in an application in INSTALLED_APPS or else was imported before its application was loaded. This will no longer be supported in Django 1.9.
  class ScheduleConfig(ConfigurationModel):
Dec 25 15:24:53 tatweer02 [service_variant=cms][py.warnings][env:sandbox] WARNING [tatweer02  1621] [base.py:116] - /edx/app/edxapp/edx-platform/openedx/core/djangoapps/schedules/models.py:9: RemovedInDjango19Warning: Model class openedx.core.djangoapps.schedules.models.Schedule doesn't declare an explicit app_label and either isn't in an application in INSTALLED_APPS or else was imported before its application was loaded. This will no longer be supported in Django 1.9.
  class Schedule(TimeStampedModel):
Dec 25 15:24:53 tatweer02 [service_variant=cms][py.warnings][env:sandbox] WARNING [tatweer02  1621] [base.py:116] - /edx/app/edxapp/edx-platform/openedx/core/djangoapps/schedules/models.py:31: RemovedInDjango19Warning: Model class openedx.core.djangoapps.schedules.models.ScheduleConfig doesn't declare an explicit app_label and either isn't in an application in INSTALLED_APPS or else was imported before its application was loaded. This will no longer be supported in Django 1.9.
  class ScheduleConfig(ConfigurationModel):
Dec 25 15:24:53 tatweer02 [service_variant=cms][py.warnings][env:sandbox] WARNING [tatweer02  1623] [base.py:116] - /edx/app/edxapp/edx-platform/openedx/core/djangoapps/schedules/models.py:9: RemovedInDjango19Warning: Model class openedx.core.djangoapps.schedules.models.Schedule doesn't declare an explicit app_label and either isn't in an application in INSTALLED_APPS or else was imported before its application was loaded. This will no longer be supported in Django 1.9.
  class Schedule(TimeStampedModel):
Dec 25 15:24:53 tatweer02 [service_variant=cms][py.warnings][env:sandbox] WARNING [tatweer02  1623] [base.py:116] - /edx/app/edxapp/edx-platform/openedx/core/djangoapps/schedules/models.py:31: RemovedInDjango19Warning: Model class openedx.core.djangoapps.schedules.models.ScheduleConfig doesn't declare an explicit app_label and either isn't in an application in INSTALLED_APPS or else was imported before its application was loaded. This will no longer be supported in Django 1.9.
  class ScheduleConfig(ConfigurationModel):
Dec 25 15:25:04 tatweer02 [service_variant=cms][py.warnings][env:sandbox] WARNING [tatweer02  1619] [base.py:116] - /edx/app/edxapp/edx-platform/lms/djangoapps/survey/models.py:20: RemovedInDjango19Warning: Model class survey.models.SurveyForm doesn't declare an explicit app_label and either isn't in an application in INSTALLED_APPS or else was imported before its application was loaded. This will no longer be supported in Django 1.9.
  class SurveyForm(TimeStampedModel):
Dec 25 15:25:04 tatweer02 [service_variant=cms][py.warnings][env:sandbox] WARNING [tatweer02  1619] [base.py:116] - /edx/app/edxapp/edx-platform/lms/djangoapps/survey/models.py:160: RemovedInDjango19Warning: Model class survey.models.SurveyAnswer doesn't declare an explicit app_label and either isn't in an application in INSTALLED_APPS or else was imported before its application was loaded. This will no longer be supported in Django 1.9.
  class SurveyAnswer(TimeStampedModel):
Dec 25 15:25:04 tatweer02 [service_variant=cms][py.warnings][env:sandbox] WARNING [tatweer02  1846] [base.py:116] - /edx/app/edxapp/edx-platform/lms/djangoapps/survey/models.py:20: RemovedInDjango19Warning: Model class survey.models.SurveyForm doesn't declare an explicit app_label and either isn't in an application in INSTALLED_APPS or else was imported before its application was loaded. This will no longer be supported in Django 1.9.
  class SurveyForm(TimeStampedModel):
Dec 25 15:25:04 tatweer02 [service_variant=cms][py.warnings][env:sandbox] WARNING [tatweer02  1846] [base.py:116] - /edx/app/edxapp/edx-platform/lms/djangoapps/survey/models.py:160: RemovedInDjango19Warning: Model class survey.models.SurveyAnswer doesn't declare an explicit app_label and either isn't in an application in INSTALLED_APPS or else was imported before its application was loaded. This will no longer be supported in Django 1.9.
  class SurveyAnswer(TimeStampedModel):
Dec 25 15:25:04 tatweer02 [service_variant=cms][py.warnings][env:sandbox] WARNING [tatweer02  1840] [base.py:116] - /edx/app/edxapp/edx-platform/lms/djangoapps/survey/models.py:20: RemovedInDjango19Warning: Model class survey.models.SurveyForm doesn't declare an explicit app_label and either isn't in an application in INSTALLED_APPS or else was imported before its application was loaded. This will no longer be supported in Django 1.9.
  class SurveyForm(TimeStampedModel):
Dec 25 15:25:04 tatweer02 [service_variant=cms][py.warnings][env:sandbox] WARNING [tatweer02  1840] [base.py:116] - /edx/app/edxapp/edx-platform/lms/djangoapps/survey/models.py:160: RemovedInDjango19Warning: Model class survey.models.SurveyAnswer doesn't declare an explicit app_label and either isn't in an application in INSTALLED_APPS or else was imported before its application was loaded. This will no longer be supported in Django 1.9.
  class SurveyAnswer(TimeStampedModel):
Dec 25 15:25:05 tatweer02 [service_variant=cms][py.warnings][env:sandbox] WARNING [tatweer02  1838] [base.py:116] - /edx/app/edxapp/edx-platform/lms/djangoapps/survey/models.py:20: RemovedInDjango19Warning: Model class survey.models.SurveyForm doesn't declare an explicit app_label and either isn't in an application in INSTALLED_APPS or else was imported before its application was loaded. This will no longer be supported in Django 1.9.
  class SurveyForm(TimeStampedModel):
Dec 25 15:25:05 tatweer02 [service_variant=cms][py.warnings][env:sandbox] WARNING [tatweer02  1838] [base.py:116] - /edx/app/edxapp/edx-platform/lms/djangoapps/survey/models.py:160: RemovedInDjango19Warning: Model class survey.models.SurveyAnswer doesn't declare an explicit app_label and either isn't in an application in INSTALLED_APPS or else was imported before its application was loaded. This will no longer be supported in Django 1.9.
  class SurveyAnswer(TimeStampedModel):
Dec 25 15:25:05 tatweer02 [service_variant=cms][py.warnings][env:sandbox] WARNING [tatweer02  1621] [base.py:116] - /edx/app/edxapp/edx-platform/lms/djangoapps/survey/models.py:20: RemovedInDjango19Warning: Model class survey.models.SurveyForm doesn't declare an explicit app_label and either isn't in an application in INSTALLED_APPS or else was imported before its application was loaded. This will no longer be supported in Django 1.9.
  class SurveyForm(TimeStampedModel):
Dec 25 15:25:05 tatweer02 [service_variant=cms][py.warnings][env:sandbox] WARNING [tatweer02  1621] [base.py:116] - /edx/app/edxapp/edx-platform/lms/djangoapps/survey/models.py:160: RemovedInDjango19Warning: Model class survey.models.SurveyAnswer doesn't declare an explicit app_label and either isn't in an application in INSTALLED_APPS or else was imported before its application was loaded. This will no longer be supported in Django 1.9.
  class SurveyAnswer(TimeStampedModel):
Dec 25 15:25:05 tatweer02 [service_variant=cms][py.warnings][env:sandbox] WARNING [tatweer02  1845] [base.py:116] - /edx/app/edxapp/edx-platform/lms/djangoapps/survey/models.py:20: RemovedInDjango19Warning: Model class survey.models.SurveyForm doesn't declare an explicit app_label and either isn't in an application in INSTALLED_APPS or else was imported before its application was loaded. This will no longer be supported in Django 1.9.
  class SurveyForm(TimeStampedModel):
Dec 25 15:25:05 tatweer02 [service_variant=cms][py.warnings][env:sandbox] WARNING [tatweer02  1845] [base.py:116] - /edx/app/edxapp/edx-platform/lms/djangoapps/survey/models.py:160: RemovedInDjango19Warning: Model class survey.models.SurveyAnswer doesn't declare an explicit app_label and either isn't in an application in INSTALLED_APPS or else was imported before its application was loaded. This will no longer be supported in Django 1.9.
  class SurveyAnswer(TimeStampedModel):
Dec 25 15:25:05 tatweer02 [service_variant=cms][py.warnings][env:sandbox] WARNING [tatweer02  1623] [base.py:116] - /edx/app/edxapp/edx-platform/lms/djangoapps/survey/models.py:20: RemovedInDjango19Warning: Model class survey.models.SurveyForm doesn't declare an explicit app_label and either isn't in an application in INSTALLED_APPS or else was imported before its application was loaded. This will no longer be supported in Django 1.9.
  class SurveyForm(TimeStampedModel):
Dec 25 15:25:05 tatweer02 [service_variant=cms][py.warnings][env:sandbox] WARNING [tatweer02  1623] [base.py:116] - /edx/app/edxapp/edx-platform/lms/djangoapps/survey/models.py:160: RemovedInDjango19Warning: Model class survey.models.SurveyAnswer doesn't declare an explicit app_label and either isn't in an application in INSTALLED_APPS or else was imported before its application was loaded. This will no longer be supported in Django 1.9.
  class SurveyAnswer(TimeStampedModel):
Dec 25 15:25:12 tatweer02 [service_variant=cms][dd.dogapi][env:sandbox] INFO [tatweer02  1840] [dog_stats_api.py:66] - Initializing dog api to use statsd: localhost, 8125
Dec 25 15:25:12 tatweer02 [service_variant=cms][dd.dogapi][env:sandbox] INFO [tatweer02  1838] [dog_stats_api.py:66] - Initializing dog api to use statsd: localhost, 8125
Dec 25 15:25:12 tatweer02 [service_variant=cms][dd.dogapi][env:sandbox] INFO [tatweer02  1619] [dog_stats_api.py:66] - Initializing dog api to use statsd: localhost, 8125
Dec 25 15:25:13 tatweer02 [service_variant=cms][dd.dogapi][env:sandbox] INFO [tatweer02  1846] [dog_stats_api.py:66] - Initializing dog api to use statsd: localhost, 8125
Dec 25 15:25:13 tatweer02 [service_variant=cms][dd.dogapi][env:sandbox] INFO [tatweer02  1621] [dog_stats_api.py:66] - Initializing dog api to use statsd: localhost, 8125
Dec 25 15:25:13 tatweer02 [service_variant=cms][dd.dogapi][env:sandbox] INFO [tatweer02  1845] [dog_stats_api.py:66] - Initializing dog api to use statsd: localhost, 8125
Dec 25 15:25:13 tatweer02 [service_variant=cms][dd.dogapi][env:sandbox] INFO [tatweer02  1623] [dog_stats_api.py:66] - Initializing dog api to use statsd: localhost, 8125
Dec 26 07:55:07 tatweer02 [service_variant=cms][py.warnings][env:sandbox] WARNING [tatweer02  1840] [base.py:116] - /edx/app/edxapp/venvs/edxapp/local/lib/python2.7/site-packages/oauth_provider/models.py:16: RemovedInDjango19Warning: Model class oauth_provider.models.Nonce doesn't declare an explicit app_label and either isn't in an application in INSTALLED_APPS or else was imported before its application was loaded. This will no longer be supported in Django 1.9.
  class Nonce(models.Model):
Dec 26 07:55:08 tatweer02 [service_variant=cms][py.warnings][env:sandbox] WARNING [tatweer02  1840] [base.py:116] - /edx/app/edxapp/venvs/edxapp/local/lib/python2.7/site-packages/oauth_provider/models.py:26: RemovedInDjango19Warning: Model class oauth_provider.models.Scope doesn't declare an explicit app_label and either isn't in an application in INSTALLED_APPS or else was imported before its application was loaded. This will no longer be supported in Django 1.9.
  class Scope(models.Model):
Dec 26 07:55:08 tatweer02 [service_variant=cms][py.warnings][env:sandbox] WARNING [tatweer02  1840] [base.py:116] - /edx/app/edxapp/venvs/edxapp/local/lib/python2.7/site-packages/oauth_provider/models.py:35: RemovedInDjango19Warning: Model class oauth_provider.models.Resource doesn't declare an explicit app_label and either isn't in an application in INSTALLED_APPS or else was imported before its application was loaded. This will no longer be supported in Django 1.9.
  class Resource(Scope):
Dec 26 07:55:08 tatweer02 [service_variant=cms][py.warnings][env:sandbox] WARNING [tatweer02  1840] [base.py:116] - /edx/app/edxapp/venvs/edxapp/local/lib/python2.7/site-packages/oauth_provider/models.py:45: RemovedInDjango19Warning: Model class oauth_provider.models.Consumer doesn't declare an explicit app_label and either isn't in an application in INSTALLED_APPS or else was imported before its application was loaded. This will no longer be supported in Django 1.9.
  class Consumer(models.Model):
Dec 26 07:55:08 tatweer02 [service_variant=cms][py.warnings][env:sandbox] WARNING [tatweer02  1840] [base.py:116] - /edx/app/edxapp/venvs/edxapp/local/lib/python2.7/site-packages/oauth_provider/models.py:73: RemovedInDjango19Warning: Model class oauth_provider.models.Token doesn't declare an explicit app_label and either isn't in an application in INSTALLED_APPS or else was imported before its application was loaded. This will no longer be supported in Django 1.9.
  class Token(models.Model):
Dec 26 07:55:09 tatweer02 [service_variant=cms][py.warnings][env:sandbox] WARNING [tatweer02  1838] [base.py:116] - /edx/app/edxapp/venvs/edxapp/local/lib/python2.7/site-packages/oauth_provider/models.py:16: RemovedInDjango19Warning: Model class oauth_provider.models.Nonce doesn't declare an explicit app_label and either isn't in an application in INSTALLED_APPS or else was imported before its application was loaded. This will no longer be supported in Django 1.9.
  class Nonce(models.Model):
Dec 26 07:55:09 tatweer02 [service_variant=cms][py.warnings][env:sandbox] WARNING [tatweer02  1838] [base.py:116] - /edx/app/edxapp/venvs/edxapp/local/lib/python2.7/site-packages/oauth_provider/models.py:26: RemovedInDjango19Warning: Model class oauth_provider.models.Scope doesn't declare an explicit app_label and either isn't in an application in INSTALLED_APPS or else was imported before its application was loaded. This will no longer be supported in Django 1.9.
  class Scope(models.Model):
Dec 26 07:55:09 tatweer02 [service_variant=cms][py.warnings][env:sandbox] WARNING [tatweer02  1838] [base.py:116] - /edx/app/edxapp/venvs/edxapp/local/lib/python2.7/site-packages/oauth_provider/models.py:35: RemovedInDjango19Warning: Model class oauth_provider.models.Resource doesn't declare an explicit app_label and either isn't in an application in INSTALLED_APPS or else was imported before its application was loaded. This will no longer be supported in Django 1.9.
  class Resource(Scope):
Dec 26 07:55:09 tatweer02 [service_variant=cms][py.warnings][env:sandbox] WARNING [tatweer02  1838] [base.py:116] - /edx/app/edxapp/venvs/edxapp/local/lib/python2.7/site-packages/oauth_provider/models.py:45: RemovedInDjango19Warning: Model class oauth_provider.models.Consumer doesn't declare an explicit app_label and either isn't in an application in INSTALLED_APPS or else was imported before its application was loaded. This will no longer be supported in Django 1.9.
  class Consumer(models.Model):
Dec 26 07:55:09 tatweer02 [service_variant=cms][py.warnings][env:sandbox] WARNING [tatweer02  1838] [base.py:116] - /edx/app/edxapp/venvs/edxapp/local/lib/python2.7/site-packages/oauth_provider/models.py:73: RemovedInDjango19Warning: Model class oauth_provider.models.Token doesn't declare an explicit app_label and either isn't in an application in INSTALLED_APPS or else was imported before its application was loaded. This will no longer be supported in Django 1.9.
  class Token(models.Model):
Dec 26 07:55:10 tatweer02 [service_variant=cms][py.warnings][env:sandbox] WARNING [tatweer02  1845] [base.py:116] - /edx/app/edxapp/venvs/edxapp/local/lib/python2.7/site-packages/oauth_provider/models.py:16: RemovedInDjango19Warning: Model class oauth_provider.models.Nonce doesn't declare an explicit app_label and either isn't in an application in INSTALLED_APPS or else was imported before its application was loaded. This will no longer be supported in Django 1.9.
  class Nonce(models.Model):
Dec 26 07:55:10 tatweer02 [service_variant=cms][py.warnings][env:sandbox] WARNING [tatweer02  1845] [base.py:116] - /edx/app/edxapp/venvs/edxapp/local/lib/python2.7/site-packages/oauth_provider/models.py:26: RemovedInDjango19Warning: Model class oauth_provider.models.Scope doesn't declare an explicit app_label and either isn't in an application in INSTALLED_APPS or else was imported before its application was loaded. This will no longer be supported in Django 1.9.
  class Scope(models.Model):
Dec 26 07:55:10 tatweer02 [service_variant=cms][py.warnings][env:sandbox] WARNING [tatweer02  1845] [base.py:116] - /edx/app/edxapp/venvs/edxapp/local/lib/python2.7/site-packages/oauth_provider/models.py:35: RemovedInDjango19Warning: Model class oauth_provider.models.Resource doesn't declare an explicit app_label and either isn't in an application in INSTALLED_APPS or else was imported before its application was loaded. This will no longer be supported in Django 1.9.
  class Resource(Scope):
Dec 26 07:55:10 tatweer02 [service_variant=cms][py.warnings][env:sandbox] WARNING [tatweer02  1845] [base.py:116] - /edx/app/edxapp/venvs/edxapp/local/lib/python2.7/site-packages/oauth_provider/models.py:45: RemovedInDjango19Warning: Model class oauth_provider.models.Consumer doesn't declare an explicit app_label and either isn't in an application in INSTALLED_APPS or else was imported before its application was loaded. This will no longer be supported in Django 1.9.
  class Consumer(models.Model):
Dec 26 07:55:10 tatweer02 [service_variant=cms][py.warnings][env:sandbox] WARNING [tatweer02  1845] [base.py:116] - /edx/app/edxapp/venvs/edxapp/local/lib/python2.7/site-packages/oauth_provider/models.py:73: RemovedInDjango19Warning: Model class oauth_provider.models.Token doesn't declare an explicit app_label and either isn't in an application in INSTALLED_APPS or else was imported before its application was loaded. This will no longer be supported in Django 1.9.
  class Token(models.Model):
Dec 26 08:03:41 tatweer02 [service_variant=cms][openedx.core.djangoapps.content.course_overviews.models][env:sandbox] INFO [tatweer02  1840] [models.py:148] - Updating course overview for course-v1:Tetco+C10+Tl-10.
Dec 26 08:03:41 tatweer02 [service_variant=cms][xmodule.modulestore.django][env:sandbox] INFO [tatweer02  1840] [django.py:207] - Sent course_published signal to <function listen_for_course_publish at 0x7f6caa2428c0> with kwargs {'course_key': CourseLocator(u'Tetco', u'C10', u'Tl-10', None, None)}. Response was: None
Dec 26 08:03:41 tatweer02 [service_variant=cms][xmodule.modulestore.django][env:sandbox] INFO [tatweer02  1840] [django.py:207] - Sent course_published signal to <function listen_for_course_publish at 0x7f6caa15c938> with kwargs {'course_key': CourseLocator(u'Tetco', u'C10', u'Tl-10', None, None)}. Response was: None
Dec 26 08:03:41 tatweer02 [service_variant=cms][xmodule.modulestore.django][env:sandbox] INFO [tatweer02  1840] [django.py:207] - Sent course_published signal to <function _update_block_structure_on_course_publish at 0x7f6caa15cf50> with kwargs {'course_key': CourseLocator(u'Tetco', u'C10', u'Tl-10', None, None)}. Response was: None
Dec 26 08:03:41 tatweer02 [service_variant=cms][xmodule.modulestore.django][env:sandbox] INFO [tatweer02  1840] [django.py:207] - Sent course_published signal to <function trigger_update_xblocks_cache_task at 0x7f6caa0b8de8> with kwargs {'course_key': CourseLocator(u'Tetco', u'C10', u'Tl-10', None, None)}. Response was: None
Dec 26 08:03:41 tatweer02 [service_variant=cms][xmodule.modulestore.django][env:sandbox] INFO [tatweer02  1840] [django.py:207] - Sent course_published signal to <function _listen_for_course_publish at 0x7f6caa0c1050> with kwargs {'course_key': CourseLocator(u'Tetco', u'C10', u'Tl-10', None, None)}. Response was: None
Dec 26 08:03:41 tatweer02 [service_variant=cms][xmodule.modulestore.django][env:sandbox] INFO [tatweer02  1840] [django.py:207] - Sent course_published signal to <function _listen_for_course_publish at 0x7f6caa0c1320> with kwargs {'course_key': CourseLocator(u'Tetco', u'C10', u'Tl-10', None, None)}. Response was: None
Dec 26 08:03:41 tatweer02 [service_variant=cms][xmodule.modulestore.django][env:sandbox] INFO [tatweer02  1840] [django.py:207] - Sent course_published signal to <function _listen_for_course_publish at 0x7f6caa0c1578> with kwargs {'course_key': CourseLocator(u'Tetco', u'C10', u'Tl-10', None, None)}. Response was: None
Dec 26 08:24:10 tatweer02 [service_variant=cms][py.warnings][env:sandbox] WARNING [tatweer02  1846] [base.py:116] - /edx/app/edxapp/venvs/edxapp/local/lib/python2.7/site-packages/oauth_provider/models.py:16: RemovedInDjango19Warning: Model class oauth_provider.models.Nonce doesn't declare an explicit app_label and either isn't in an application in INSTALLED_APPS or else was imported before its application was loaded. This will no longer be supported in Django 1.9.
  class Nonce(models.Model):
Dec 26 08:24:10 tatweer02 [service_variant=cms][py.warnings][env:sandbox] WARNING [tatweer02  1846] [base.py:116] - /edx/app/edxapp/venvs/edxapp/local/lib/python2.7/site-packages/oauth_provider/models.py:26: RemovedInDjango19Warning: Model class oauth_provider.models.Scope doesn't declare an explicit app_label and either isn't in an application in INSTALLED_APPS or else was imported before its application was loaded. This will no longer be supported in Django 1.9.
  class Scope(models.Model):
Dec 26 08:24:10 tatweer02 [service_variant=cms][py.warnings][env:sandbox] WARNING [tatweer02  1846] [base.py:116] - /edx/app/edxapp/venvs/edxapp/local/lib/python2.7/site-packages/oauth_provider/models.py:35: RemovedInDjango19Warning: Model class oauth_provider.models.Resource doesn't declare an explicit app_label and either isn't in an application in INSTALLED_APPS or else was imported before its application was loaded. This will no longer be supported in Django 1.9.
  class Resource(Scope):
Dec 26 08:24:10 tatweer02 [service_variant=cms][py.warnings][env:sandbox] WARNING [tatweer02  1846] [base.py:116] - /edx/app/edxapp/venvs/edxapp/local/lib/python2.7/site-packages/oauth_provider/models.py:45: RemovedInDjango19Warning: Model class oauth_provider.models.Consumer doesn't declare an explicit app_label and either isn't in an application in INSTALLED_APPS or else was imported before its application was loaded. This will no longer be supported in Django 1.9.
  class Consumer(models.Model):
Dec 26 08:24:10 tatweer02 [service_variant=cms][py.warnings][env:sandbox] WARNING [tatweer02  1846] [base.py:116] - /edx/app/edxapp/venvs/edxapp/local/lib/python2.7/site-packages/oauth_provider/models.py:73: RemovedInDjango19Warning: Model class oauth_provider.models.Token doesn't declare an explicit app_label and either isn't in an application in INSTALLED_APPS or else was imported before its application was loaded. This will no longer be supported in Django 1.9.
  class Token(models.Model):
Dec 26 10:53:27 tatweer02 [service_variant=cms][xmodule.modulestore.mixed][env:sandbox] INFO [tatweer02  1846] [mixed.py:640] - Creating course run course-v1:edx+t1+T_01...
Dec 26 10:53:27 tatweer02 [service_variant=cms][openedx.core.djangoapps.content.course_overviews.models][env:sandbox] INFO [tatweer02  1846] [models.py:151] - Creating course overview for course-v1:edx+t1+T_01.
Dec 26 10:53:27 tatweer02 [service_variant=cms][xmodule.modulestore.django][env:sandbox] INFO [tatweer02  1846] [django.py:207] - Sent course_published signal to <function listen_for_course_publish at 0x7f6caa2428c0> with kwargs {'course_key': CourseLocator(u'edx', u't1', u'T_01', None, None)}. Response was: None
Dec 26 10:53:27 tatweer02 [service_variant=cms][xmodule.modulestore.django][env:sandbox] INFO [tatweer02  1846] [django.py:207] - Sent course_published signal to <function listen_for_course_publish at 0x7f6caa15d938> with kwargs {'course_key': CourseLocator(u'edx', u't1', u'T_01', None, None)}. Response was: None
Dec 26 10:53:27 tatweer02 [service_variant=cms][xmodule.modulestore.django][env:sandbox] INFO [tatweer02  1846] [django.py:207] - Sent course_published signal to <function _update_block_structure_on_course_publish at 0x7f6caa15df50> with kwargs {'course_key': CourseLocator(u'edx', u't1', u'T_01', None, None)}. Response was: None
Dec 26 10:53:27 tatweer02 [service_variant=cms][xmodule.modulestore.django][env:sandbox] INFO [tatweer02  1846] [django.py:207] - Sent course_published signal to <function trigger_update_xblocks_cache_task at 0x7f6caa0b9de8> with kwargs {'course_key': CourseLocator(u'edx', u't1', u'T_01', None, None)}. Response was: None
Dec 26 10:53:27 tatweer02 [service_variant=cms][xmodule.modulestore.django][env:sandbox] INFO [tatweer02  1846] [django.py:207] - Sent course_published signal to <function _listen_for_course_publish at 0x7f6caa0c4050> with kwargs {'course_key': CourseLocator(u'edx', u't1', u'T_01', None, None)}. Response was: None
Dec 26 10:53:27 tatweer02 [service_variant=cms][xmodule.modulestore.django][env:sandbox] INFO [tatweer02  1846] [django.py:207] - Sent course_published signal to <function _listen_for_course_publish at 0x7f6caa0c4320> with kwargs {'course_key': CourseLocator(u'edx', u't1', u'T_01', None, None)}. Response was: None
Dec 26 10:53:27 tatweer02 [service_variant=cms][xmodule.modulestore.django][env:sandbox] INFO [tatweer02  1846] [django.py:207] - Sent course_published signal to <function _listen_for_course_publish at 0x7f6caa0c4578> with kwargs {'course_key': CourseLocator(u'edx', u't1', u'T_01', None, None)}. Response was: None
Dec 26 10:53:27 tatweer02 [service_variant=cms][xmodule.modulestore.mixed][env:sandbox] INFO [tatweer02  1846] [mixed.py:648] - Course run course-v1:edx+t1+T_01 created successfully!
Dec 26 10:54:02 tatweer02 [service_variant=cms][openedx.core.djangoapps.content.course_overviews.models][env:sandbox] INFO [tatweer02  1846] [models.py:148] - Updating course overview for course-v1:edx+t1+T_01.
Dec 26 10:54:02 tatweer02 [service_variant=cms][xmodule.modulestore.django][env:sandbox] INFO [tatweer02  1846] [django.py:207] - Sent course_published signal to <function listen_for_course_publish at 0x7f6caa2428c0> with kwargs {'course_key': CourseLocator(u'edx', u't1', u'T_01', None, None)}. Response was: None
Dec 26 10:54:02 tatweer02 [service_variant=cms][xmodule.modulestore.django][env:sandbox] INFO [tatweer02  1846] [django.py:207] - Sent course_published signal to <function listen_for_course_publish at 0x7f6caa15d938> with kwargs {'course_key': CourseLocator(u'edx', u't1', u'T_01', None, None)}. Response was: None
Dec 26 10:54:02 tatweer02 [service_variant=cms][xmodule.modulestore.django][env:sandbox] INFO [tatweer02  1846] [django.py:207] - Sent course_published signal to <function _update_block_structure_on_course_publish at 0x7f6caa15df50> with kwargs {'course_key': CourseLocator(u'edx', u't1', u'T_01', None, None)}. Response was: None
Dec 26 10:54:02 tatweer02 [service_variant=cms][xmodule.modulestore.django][env:sandbox] INFO [tatweer02  1846] [django.py:207] - Sent course_published signal to <function trigger_update_xblocks_cache_task at 0x7f6caa0b9de8> with kwargs {'course_key': CourseLocator(u'edx', u't1', u'T_01', None, None)}. Response was: None
Dec 26 10:54:02 tatweer02 [service_variant=cms][xmodule.modulestore.django][env:sandbox] INFO [tatweer02  1846] [django.py:207] - Sent course_published signal to <function _listen_for_course_publish at 0x7f6caa0c4050> with kwargs {'course_key': CourseLocator(u'edx', u't1', u'T_01', None, None)}. Response was: None
Dec 26 10:54:02 tatweer02 [service_variant=cms][xmodule.modulestore.django][env:sandbox] INFO [tatweer02  1846] [django.py:207] - Sent course_published signal to <function _listen_for_course_publish at 0x7f6caa0c4320> with kwargs {'course_key': CourseLocator(u'edx', u't1', u'T_01', None, None)}. Response was: None
Dec 26 10:54:02 tatweer02 [service_variant=cms][xmodule.modulestore.django][env:sandbox] INFO [tatweer02  1846] [django.py:207] - Sent course_published signal to <function _listen_for_course_publish at 0x7f6caa0c4578> with kwargs {'course_key': CourseLocator(u'edx', u't1', u'T_01', None, None)}. Response was: None
Dec 26 10:54:04 tatweer02 [service_variant=cms][openedx.core.djangoapps.content.course_overviews.models][env:sandbox] INFO [tatweer02  1845] [models.py:148] - Updating course overview for course-v1:edx+t1+T_01.
Dec 26 10:54:04 tatweer02 [service_variant=cms][xmodule.modulestore.django][env:sandbox] INFO [tatweer02  1845] [django.py:207] - Sent course_published signal to <function listen_for_course_publish at 0x7f6caa2428c0> with kwargs {'course_key': CourseLocator(u'edx', u't1', u'T_01', None, None)}. Response was: None
Dec 26 10:54:04 tatweer02 [service_variant=cms][xmodule.modulestore.django][env:sandbox] INFO [tatweer02  1845] [django.py:207] - Sent course_published signal to <function listen_for_course_publish at 0x7f6caa15d938> with kwargs {'course_key': CourseLocator(u'edx', u't1', u'T_01', None, None)}. Response was: None
Dec 26 10:54:04 tatweer02 [service_variant=cms][xmodule.modulestore.django][env:sandbox] INFO [tatweer02  1845] [django.py:207] - Sent course_published signal to <function _update_block_structure_on_course_publish at 0x7f6caa15df50> with kwargs {'course_key': CourseLocator(u'edx', u't1', u'T_01', None, None)}. Response was: None
Dec 26 10:54:04 tatweer02 [service_variant=cms][xmodule.modulestore.django][env:sandbox] INFO [tatweer02  1845] [django.py:207] - Sent course_published signal to <function trigger_update_xblocks_cache_task at 0x7f6caa0bede8> with kwargs {'course_key': CourseLocator(u'edx', u't1', u'T_01', None, None)}. Response was: None
Dec 26 10:54:04 tatweer02 [service_variant=cms][xmodule.modulestore.django][env:sandbox] INFO [tatweer02  1845] [django.py:207] - Sent course_published signal to <function _listen_for_course_publish at 0x7f6caa0c0050> with kwargs {'course_key': CourseLocator(u'edx', u't1', u'T_01', None, None)}. Response was: None
Dec 26 10:54:04 tatweer02 [service_variant=cms][xmodule.modulestore.django][env:sandbox] INFO [tatweer02  1845] [django.py:207] - Sent course_published signal to <function _listen_for_course_publish at 0x7f6caa0c0320> with kwargs {'course_key': CourseLocator(u'edx', u't1', u'T_01', None, None)}. Response was: None
Dec 26 10:54:04 tatweer02 [service_variant=cms][xmodule.modulestore.django][env:sandbox] INFO [tatweer02  1845] [django.py:207] - Sent course_published signal to <function _listen_for_course_publish at 0x7f6caa0c0578> with kwargs {'course_key': CourseLocator(u'edx', u't1', u'T_01', None, None)}. Response was: None
Dec 26 10:54:34 tatweer02 [service_variant=cms][openedx.core.djangoapps.content.course_overviews.models][env:sandbox] INFO [tatweer02  1838] [models.py:148] - Updating course overview for course-v1:edx+t1+T_01.
Dec 26 10:54:34 tatweer02 [service_variant=cms][xmodule.modulestore.django][env:sandbox] INFO [tatweer02  1838] [django.py:207] - Sent course_published signal to <function listen_for_course_publish at 0x7f6caa2428c0> with kwargs {'course_key': CourseLocator(u'edx', u't1', u'T_01', None, None)}. Response was: None
Dec 26 10:54:34 tatweer02 [service_variant=cms][xmodule.modulestore.django][env:sandbox] INFO [tatweer02  1838] [django.py:207] - Sent course_published signal to <function listen_for_course_publish at 0x7f6caa15b938> with kwargs {'course_key': CourseLocator(u'edx', u't1', u'T_01', None, None)}. Response was: None
Dec 26 10:54:34 tatweer02 [service_variant=cms][xmodule.modulestore.django][env:sandbox] INFO [tatweer02  1838] [django.py:207] - Sent course_published signal to <function _update_block_structure_on_course_publish at 0x7f6caa15bf50> with kwargs {'course_key': CourseLocator(u'edx', u't1', u'T_01', None, None)}. Response was: None
Dec 26 10:54:34 tatweer02 [service_variant=cms][xmodule.modulestore.django][env:sandbox] INFO [tatweer02  1838] [django.py:207] - Sent course_published signal to <function trigger_update_xblocks_cache_task at 0x7f6caa0bdde8> with kwargs {'course_key': CourseLocator(u'edx', u't1', u'T_01', None, None)}. Response was: None
Dec 26 10:54:34 tatweer02 [service_variant=cms][xmodule.modulestore.django][env:sandbox] INFO [tatweer02  1838] [django.py:207] - Sent course_published signal to <function _listen_for_course_publish at 0x7f6caa0c0050> with kwargs {'course_key': CourseLocator(u'edx', u't1', u'T_01', None, None)}. Response was: None
Dec 26 10:54:34 tatweer02 [service_variant=cms][xmodule.modulestore.django][env:sandbox] INFO [tatweer02  1838] [django.py:207] - Sent course_published signal to <function _listen_for_course_publish at 0x7f6caa0c0320> with kwargs {'course_key': CourseLocator(u'edx', u't1', u'T_01', None, None)}. Response was: None
Dec 26 10:54:34 tatweer02 [service_variant=cms][xmodule.modulestore.django][env:sandbox] INFO [tatweer02  1838] [django.py:207] - Sent course_published signal to <function _listen_for_course_publish at 0x7f6caa0c0578> with kwargs {'course_key': CourseLocator(u'edx', u't1', u'T_01', None, None)}. Response was: None
Dec 26 10:54:43 tatweer02 [service_variant=cms][openedx.core.djangoapps.content.course_overviews.models][env:sandbox] INFO [tatweer02  1840] [models.py:148] - Updating course overview for course-v1:edx+t1+T_01.
Dec 26 10:54:43 tatweer02 [service_variant=cms][xmodule.modulestore.django][env:sandbox] INFO [tatweer02  1840] [django.py:207] - Sent course_published signal to <function listen_for_course_publish at 0x7f6caa2428c0> with kwargs {'course_key': CourseLocator(u'edx', u't1', u'T_01', None, None)}. Response was: None
Dec 26 10:54:43 tatweer02 [service_variant=cms][xmodule.modulestore.django][env:sandbox] INFO [tatweer02  1840] [django.py:207] - Sent course_published signal to <function listen_for_course_publish at 0x7f6caa15c938> with kwargs {'course_key': CourseLocator(u'edx', u't1', u'T_01', None, None)}. Response was: None
Dec 26 10:54:43 tatweer02 [service_variant=cms][xmodule.modulestore.django][env:sandbox] INFO [tatweer02  1840] [django.py:207] - Sent course_published signal to <function _update_block_structure_on_course_publish at 0x7f6caa15cf50> with kwargs {'course_key': CourseLocator(u'edx', u't1', u'T_01', None, None)}. Response was: None
Dec 26 10:54:43 tatweer02 [service_variant=cms][xmodule.modulestore.django][env:sandbox] INFO [tatweer02  1840] [django.py:207] - Sent course_published signal to <function trigger_update_xblocks_cache_task at 0x7f6caa0b8de8> with kwargs {'course_key': CourseLocator(u'edx', u't1', u'T_01', None, None)}. Response was: None
Dec 26 10:54:43 tatweer02 [service_variant=cms][xmodule.modulestore.django][env:sandbox] INFO [tatweer02  1840] [django.py:207] - Sent course_published signal to <function _listen_for_course_publish at 0x7f6caa0c1050> with kwargs {'course_key': CourseLocator(u'edx', u't1', u'T_01', None, None)}. Response was: None
Dec 26 10:54:43 tatweer02 [service_variant=cms][xmodule.modulestore.django][env:sandbox] INFO [tatweer02  1840] [django.py:207] - Sent course_published signal to <function _listen_for_course_publish at 0x7f6caa0c1320> with kwargs {'course_key': CourseLocator(u'edx', u't1', u'T_01', None, None)}. Response was: None
Dec 26 10:54:43 tatweer02 [service_variant=cms][xmodule.modulestore.django][env:sandbox] INFO [tatweer02  1840] [django.py:207] - Sent course_published signal to <function _listen_for_course_publish at 0x7f6caa0c1578> with kwargs {'course_key': CourseLocator(u'edx', u't1', u'T_01', None, None)}. Response was: None
Dec 26 14:25:40 tatweer02 [service_variant=cms][gunicorn.error][env:sandbox] INFO [tatweer02  1840] [glogging.py:213] - Worker exiting (pid: 1840)
Dec 26 14:25:40 tatweer02 [service_variant=cms][gunicorn.error][env:sandbox] INFO [tatweer02  1846] [glogging.py:213] - Worker exiting (pid: 1846)
Dec 26 14:25:40 tatweer02 [service_variant=cms][gunicorn.error][env:sandbox] INFO [tatweer02  1845] [glogging.py:213] - Worker exiting (pid: 1845)
Dec 26 14:25:40 tatweer02 [service_variant=cms][gunicorn.error][env:sandbox] INFO [tatweer02  1838] [glogging.py:213] - Worker exiting (pid: 1838)
Dec 26 14:26:17 tatweer02 [service_variant=cms][py.warnings][env:sandbox] WARNING [tatweer02  61192] [base.py:116] - /edx/app/edxapp/edx-platform/openedx/core/djangoapps/schedules/models.py:9: RemovedInDjango19Warning: Model class openedx.core.djangoapps.schedules.models.Schedule doesn't declare an explicit app_label and either isn't in an application in INSTALLED_APPS or else was imported before its application was loaded. This will no longer be supported in Django 1.9.
  class Schedule(TimeStampedModel):
Dec 26 14:26:17 tatweer02 [service_variant=cms][py.warnings][env:sandbox] WARNING [tatweer02  61192] [base.py:116] - /edx/app/edxapp/edx-platform/openedx/core/djangoapps/schedules/models.py:31: RemovedInDjango19Warning: Model class openedx.core.djangoapps.schedules.models.ScheduleConfig doesn't declare an explicit app_label and either isn't in an application in INSTALLED_APPS or else was imported before its application was loaded. This will no longer be supported in Django 1.9.
  class ScheduleConfig(ConfigurationModel):
Dec 26 14:26:19 tatweer02 [service_variant=cms][py.warnings][env:sandbox] WARNING [tatweer02  61192] [base.py:116] - /edx/app/edxapp/edx-platform/lms/djangoapps/survey/models.py:20: RemovedInDjango19Warning: Model class survey.models.SurveyForm doesn't declare an explicit app_label and either isn't in an application in INSTALLED_APPS or else was imported before its application was loaded. This will no longer be supported in Django 1.9.
  class SurveyForm(TimeStampedModel):
Dec 26 14:26:19 tatweer02 [service_variant=cms][py.warnings][env:sandbox] WARNING [tatweer02  61192] [base.py:116] - /edx/app/edxapp/edx-platform/lms/djangoapps/survey/models.py:160: RemovedInDjango19Warning: Model class survey.models.SurveyAnswer doesn't declare an explicit app_label and either isn't in an application in INSTALLED_APPS or else was imported before its application was loaded. This will no longer be supported in Django 1.9.
  class SurveyAnswer(TimeStampedModel):
Dec 26 14:26:19 tatweer02 [service_variant=cms][dd.dogapi][env:sandbox] INFO [tatweer02  61192] [dog_stats_api.py:66] - Initializing dog api to use statsd: localhost, 8125
Dec 26 14:26:20 tatweer02 [service_variant=cms][py.warnings][env:sandbox] WARNING [tatweer02  60075] [base.py:116] - /edx/app/edxapp/edx-platform/openedx/core/djangoapps/schedules/models.py:9: RemovedInDjango19Warning: Model class openedx.core.djangoapps.schedules.models.Schedule doesn't declare an explicit app_label and either isn't in an application in INSTALLED_APPS or else was imported before its application was loaded. This will no longer be supported in Django 1.9.
  class Schedule(TimeStampedModel):
Dec 26 14:26:20 tatweer02 [service_variant=cms][py.warnings][env:sandbox] WARNING [tatweer02  60075] [base.py:116] - /edx/app/edxapp/edx-platform/openedx/core/djangoapps/schedules/models.py:31: RemovedInDjango19Warning: Model class openedx.core.djangoapps.schedules.models.ScheduleConfig doesn't declare an explicit app_label and either isn't in an application in INSTALLED_APPS or else was imported before its application was loaded. This will no longer be supported in Django 1.9.
  class ScheduleConfig(ConfigurationModel):
Dec 26 14:26:21 tatweer02 [service_variant=cms][py.warnings][env:sandbox] WARNING [tatweer02  60173] [base.py:116] - /edx/app/edxapp/edx-platform/openedx/core/djangoapps/schedules/models.py:9: RemovedInDjango19Warning: Model class openedx.core.djangoapps.schedules.models.Schedule doesn't declare an explicit app_label and either isn't in an application in INSTALLED_APPS or else was imported before its application was loaded. This will no longer be supported in Django 1.9.
  class Schedule(TimeStampedModel):
Dec 26 14:26:21 tatweer02 [service_variant=cms][py.warnings][env:sandbox] WARNING [tatweer02  60173] [base.py:116] - /edx/app/edxapp/edx-platform/openedx/core/djangoapps/schedules/models.py:31: RemovedInDjango19Warning: Model class openedx.core.djangoapps.schedules.models.ScheduleConfig doesn't declare an explicit app_label and either isn't in an application in INSTALLED_APPS or else was imported before its application was loaded. This will no longer be supported in Django 1.9.
  class ScheduleConfig(ConfigurationModel):
Dec 26 14:26:21 tatweer02 [service_variant=cms][py.warnings][env:sandbox] WARNING [tatweer02  60083] [base.py:116] - /edx/app/edxapp/edx-platform/openedx/core/djangoapps/schedules/models.py:9: RemovedInDjango19Warning: Model class openedx.core.djangoapps.schedules.models.Schedule doesn't declare an explicit app_label and either isn't in an application in INSTALLED_APPS or else was imported before its application was loaded. This will no longer be supported in Django 1.9.
  class Schedule(TimeStampedModel):
Dec 26 14:26:21 tatweer02 [service_variant=cms][py.warnings][env:sandbox] WARNING [tatweer02  60083] [base.py:116] - /edx/app/edxapp/edx-platform/openedx/core/djangoapps/schedules/models.py:31: RemovedInDjango19Warning: Model class openedx.core.djangoapps.schedules.models.ScheduleConfig doesn't declare an explicit app_label and either isn't in an application in INSTALLED_APPS or else was imported before its application was loaded. This will no longer be supported in Django 1.9.
  class ScheduleConfig(ConfigurationModel):
Dec 26 14:26:21 tatweer02 [service_variant=cms][py.warnings][env:sandbox] WARNING [tatweer02  60079] [base.py:116] - /edx/app/edxapp/edx-platform/openedx/core/djangoapps/schedules/models.py:9: RemovedInDjango19Warning: Model class openedx.core.djangoapps.schedules.models.Schedule doesn't declare an explicit app_label and either isn't in an application in INSTALLED_APPS or else was imported before its application was loaded. This will no longer be supported in Django 1.9.
  class Schedule(TimeStampedModel):
Dec 26 14:26:21 tatweer02 [service_variant=cms][py.warnings][env:sandbox] WARNING [tatweer02  60079] [base.py:116] - /edx/app/edxapp/edx-platform/openedx/core/djangoapps/schedules/models.py:31: RemovedInDjango19Warning: Model class openedx.core.djangoapps.schedules.models.ScheduleConfig doesn't declare an explicit app_label and either isn't in an application in INSTALLED_APPS or else was imported before its application was loaded. This will no longer be supported in Django 1.9.
  class ScheduleConfig(ConfigurationModel):
Dec 26 14:26:21 tatweer02 [service_variant=cms][py.warnings][env:sandbox] WARNING [tatweer02  60175] [base.py:116] - /edx/app/edxapp/edx-platform/openedx/core/djangoapps/schedules/models.py:9: RemovedInDjango19Warning: Model class openedx.core.djangoapps.schedules.models.Schedule doesn't declare an explicit app_label and either isn't in an application in INSTALLED_APPS or else was imported before its application was loaded. This will no longer be supported in Django 1.9.
  class Schedule(TimeStampedModel):
Dec 26 14:26:21 tatweer02 [service_variant=cms][py.warnings][env:sandbox] WARNING [tatweer02  60175] [base.py:116] - /edx/app/edxapp/edx-platform/openedx/core/djangoapps/schedules/models.py:31: RemovedInDjango19Warning: Model class openedx.core.djangoapps.schedules.models.ScheduleConfig doesn't declare an explicit app_label and either isn't in an application in INSTALLED_APPS or else was imported before its application was loaded. This will no longer be supported in Django 1.9.
  class ScheduleConfig(ConfigurationModel):
Dec 26 14:26:21 tatweer02 [service_variant=cms][py.warnings][env:sandbox] WARNING [tatweer02  60170] [base.py:116] - /edx/app/edxapp/edx-platform/openedx/core/djangoapps/schedules/models.py:9: RemovedInDjango19Warning: Model class openedx.core.djangoapps.schedules.models.Schedule doesn't declare an explicit app_label and either isn't in an application in INSTALLED_APPS or else was imported before its application was loaded. This will no longer be supported in Django 1.9.
  class Schedule(TimeStampedModel):
Dec 26 14:26:21 tatweer02 [service_variant=cms][py.warnings][env:sandbox] WARNING [tatweer02  60170] [base.py:116] - /edx/app/edxapp/edx-platform/openedx/core/djangoapps/schedules/models.py:31: RemovedInDjango19Warning: Model class openedx.core.djangoapps.schedules.models.ScheduleConfig doesn't declare an explicit app_label and either isn't in an application in INSTALLED_APPS or else was imported before its application was loaded. This will no longer be supported in Django 1.9.
  class ScheduleConfig(ConfigurationModel):
Dec 26 14:26:21 tatweer02 [service_variant=cms][py.warnings][env:sandbox] WARNING [tatweer02  60172] [base.py:116] - /edx/app/edxapp/edx-platform/openedx/core/djangoapps/schedules/models.py:9: RemovedInDjango19Warning: Model class openedx.core.djangoapps.schedules.models.Schedule doesn't declare an explicit app_label and either isn't in an application in INSTALLED_APPS or else was imported before its application was loaded. This will no longer be supported in Django 1.9.
  class Schedule(TimeStampedModel):
Dec 26 14:26:21 tatweer02 [service_variant=cms][py.warnings][env:sandbox] WARNING [tatweer02  60172] [base.py:116] - /edx/app/edxapp/edx-platform/openedx/core/djangoapps/schedules/models.py:31: RemovedInDjango19Warning: Model class openedx.core.djangoapps.schedules.models.ScheduleConfig doesn't declare an explicit app_label and either isn't in an application in INSTALLED_APPS or else was imported before its application was loaded. This will no longer be supported in Django 1.9.
  class ScheduleConfig(ConfigurationModel):
Dec 26 14:26:37 tatweer02 [service_variant=cms][py.warnings][env:sandbox] WARNING [tatweer02  60075] [base.py:116] - /edx/app/edxapp/edx-platform/lms/djangoapps/survey/models.py:20: RemovedInDjango19Warning: Model class survey.models.SurveyForm doesn't declare an explicit app_label and either isn't in an application in INSTALLED_APPS or else was imported before its application was loaded. This will no longer be supported in Django 1.9.
  class SurveyForm(TimeStampedModel):
Dec 26 14:26:37 tatweer02 [service_variant=cms][py.warnings][env:sandbox] WARNING [tatweer02  60075] [base.py:116] - /edx/app/edxapp/edx-platform/lms/djangoapps/survey/models.py:160: RemovedInDjango19Warning: Model class survey.models.SurveyAnswer doesn't declare an explicit app_label and either isn't in an application in INSTALLED_APPS or else was imported before its application was loaded. This will no longer be supported in Django 1.9.
  class SurveyAnswer(TimeStampedModel):
Dec 26 14:26:38 tatweer02 [service_variant=cms][py.warnings][env:sandbox] WARNING [tatweer02  60173] [base.py:116] - /edx/app/edxapp/edx-platform/lms/djangoapps/survey/models.py:20: RemovedInDjango19Warning: Model class survey.models.SurveyForm doesn't declare an explicit app_label and either isn't in an application in INSTALLED_APPS or else was imported before its application was loaded. This will no longer be supported in Django 1.9.
  class SurveyForm(TimeStampedModel):
Dec 26 14:26:38 tatweer02 [service_variant=cms][py.warnings][env:sandbox] WARNING [tatweer02  60083] [base.py:116] - /edx/app/edxapp/edx-platform/lms/djangoapps/survey/models.py:20: RemovedInDjango19Warning: Model class survey.models.SurveyForm doesn't declare an explicit app_label and either isn't in an application in INSTALLED_APPS or else was imported before its application was loaded. This will no longer be supported in Django 1.9.
  class SurveyForm(TimeStampedModel):
Dec 26 14:26:38 tatweer02 [service_variant=cms][py.warnings][env:sandbox] WARNING [tatweer02  60173] [base.py:116] - /edx/app/edxapp/edx-platform/lms/djangoapps/survey/models.py:160: RemovedInDjango19Warning: Model class survey.models.SurveyAnswer doesn't declare an explicit app_label and either isn't in an application in INSTALLED_APPS or else was imported before its application was loaded. This will no longer be supported in Django 1.9.
  class SurveyAnswer(TimeStampedModel):
Dec 26 14:26:38 tatweer02 [service_variant=cms][py.warnings][env:sandbox] WARNING [tatweer02  60083] [base.py:116] - /edx/app/edxapp/edx-platform/lms/djangoapps/survey/models.py:160: RemovedInDjango19Warning: Model class survey.models.SurveyAnswer doesn't declare an explicit app_label and either isn't in an application in INSTALLED_APPS or else was imported before its application was loaded. This will no longer be supported in Django 1.9.
  class SurveyAnswer(TimeStampedModel):
Dec 26 14:26:38 tatweer02 [service_variant=cms][py.warnings][env:sandbox] WARNING [tatweer02  60172] [base.py:116] - /edx/app/edxapp/edx-platform/lms/djangoapps/survey/models.py:20: RemovedInDjango19Warning: Model class survey.models.SurveyForm doesn't declare an explicit app_label and either isn't in an application in INSTALLED_APPS or else was imported before its application was loaded. This will no longer be supported in Django 1.9.
  class SurveyForm(TimeStampedModel):
Dec 26 14:26:38 tatweer02 [service_variant=cms][py.warnings][env:sandbox] WARNING [tatweer02  60172] [base.py:116] - /edx/app/edxapp/edx-platform/lms/djangoapps/survey/models.py:160: RemovedInDjango19Warning: Model class survey.models.SurveyAnswer doesn't declare an explicit app_label and either isn't in an application in INSTALLED_APPS or else was imported before its application was loaded. This will no longer be supported in Django 1.9.
  class SurveyAnswer(TimeStampedModel):
Dec 26 14:26:38 tatweer02 [service_variant=cms][py.warnings][env:sandbox] WARNING [tatweer02  60079] [base.py:116] - /edx/app/edxapp/edx-platform/lms/djangoapps/survey/models.py:20: RemovedInDjango19Warning: Model class survey.models.SurveyForm doesn't declare an explicit app_label and either isn't in an application in INSTALLED_APPS or else was imported before its application was loaded. This will no longer be supported in Django 1.9.
  class SurveyForm(TimeStampedModel):
Dec 26 14:26:38 tatweer02 [service_variant=cms][py.warnings][env:sandbox] WARNING [tatweer02  60079] [base.py:116] - /edx/app/edxapp/edx-platform/lms/djangoapps/survey/models.py:160: RemovedInDjango19Warning: Model class survey.models.SurveyAnswer doesn't declare an explicit app_label and either isn't in an application in INSTALLED_APPS or else was imported before its application was loaded. This will no longer be supported in Django 1.9.
  class SurveyAnswer(TimeStampedModel):
Dec 26 14:26:39 tatweer02 [service_variant=cms][py.warnings][env:sandbox] WARNING [tatweer02  60175] [base.py:116] - /edx/app/edxapp/edx-platform/lms/djangoapps/survey/models.py:20: RemovedInDjango19Warning: Model class survey.models.SurveyForm doesn't declare an explicit app_label and either isn't in an application in INSTALLED_APPS or else was imported before its application was loaded. This will no longer be supported in Django 1.9.
  class SurveyForm(TimeStampedModel):
Dec 26 14:26:39 tatweer02 [service_variant=cms][py.warnings][env:sandbox] WARNING [tatweer02  60175] [base.py:116] - /edx/app/edxapp/edx-platform/lms/djangoapps/survey/models.py:160: RemovedInDjango19Warning: Model class survey.models.SurveyAnswer doesn't declare an explicit app_label and either isn't in an application in INSTALLED_APPS or else was imported before its application was loaded. This will no longer be supported in Django 1.9.
  class SurveyAnswer(TimeStampedModel):
Dec 26 14:26:40 tatweer02 [service_variant=cms][py.warnings][env:sandbox] WARNING [tatweer02  60170] [base.py:116] - /edx/app/edxapp/edx-platform/lms/djangoapps/survey/models.py:20: RemovedInDjango19Warning: Model class survey.models.SurveyForm doesn't declare an explicit app_label and either isn't in an application in INSTALLED_APPS or else was imported before its application was loaded. This will no longer be supported in Django 1.9.
  class SurveyForm(TimeStampedModel):
Dec 26 14:26:40 tatweer02 [service_variant=cms][py.warnings][env:sandbox] WARNING [tatweer02  60170] [base.py:116] - /edx/app/edxapp/edx-platform/lms/djangoapps/survey/models.py:160: RemovedInDjango19Warning: Model class survey.models.SurveyAnswer doesn't declare an explicit app_label and either isn't in an application in INSTALLED_APPS or else was imported before its application was loaded. This will no longer be supported in Django 1.9.
  class SurveyAnswer(TimeStampedModel):
Dec 26 14:26:50 tatweer02 [service_variant=cms][dd.dogapi][env:sandbox] INFO [tatweer02  60079] [dog_stats_api.py:66] - Initializing dog api to use statsd: localhost, 8125
Dec 26 14:26:51 tatweer02 [service_variant=cms][dd.dogapi][env:sandbox] INFO [tatweer02  60075] [dog_stats_api.py:66] - Initializing dog api to use statsd: localhost, 8125
Dec 26 14:26:52 tatweer02 [service_variant=cms][dd.dogapi][env:sandbox] INFO [tatweer02  60172] [dog_stats_api.py:66] - Initializing dog api to use statsd: localhost, 8125
Dec 26 14:26:52 tatweer02 [service_variant=cms][dd.dogapi][env:sandbox] INFO [tatweer02  60083] [dog_stats_api.py:66] - Initializing dog api to use statsd: localhost, 8125
Dec 26 14:26:53 tatweer02 [service_variant=cms][dd.dogapi][env:sandbox] INFO [tatweer02  60173] [dog_stats_api.py:66] - Initializing dog api to use statsd: localhost, 8125
Dec 26 14:26:54 tatweer02 [service_variant=cms][dd.dogapi][env:sandbox] INFO [tatweer02  60175] [dog_stats_api.py:66] - Initializing dog api to use statsd: localhost, 8125
Dec 26 14:26:55 tatweer02 [service_variant=cms][dd.dogapi][env:sandbox] INFO [tatweer02  60170] [dog_stats_api.py:66] - Initializing dog api to use statsd: localhost, 8125
