[2017-11-19 09:00:53] run_gem_wrappers_regenerate
run_gem_wrappers_regenerate () 
{ 
    gem_install gem-wrappers && gem wrappers regenerate || return $?
}
current path: /edx/app/forum/cs_comments_service
GEM_HOME=/home/deltasoft/.rvm/gems/ruby-2.4.1
PATH=/home/deltasoft/.rvm/gems/ruby-2.4.1/bin:/home/deltasoft/.rvm/gems/ruby-2.4.1@global/bin:/home/deltasoft/.rvm/rubies/ruby-2.4.1/bin:/home/deltasoft/.rvm/bin:/usr/lib/jvm/java-8-oracle/bin:/usr/local/sbin:/usr/local/bin:/usr/sbin:/usr/bin:/sbin:/bin:/usr/games:/usr/local/games:/usr/lib/jvm/java-8-oracle/bin:/usr/lib/jvm/java-8-oracle/db/bin:/usr/lib/jvm/java-8-oracle/jre/bin
GEM_PATH=/home/deltasoft/.rvm/gems/ruby-2.4.1:/home/deltasoft/.rvm/gems/ruby-2.4.1@global
command(1): run_gem_wrappers_regenerate
+ gem_install gem-wrappers
+ typeset gem_name gem_version version_check
+ gem_version=
+ __rvm_parse_gems_args gem-wrappers
+ typeset gem=gem-wrappers
+ __rvm_string_match gem-wrappers '*.gem$'
+ typeset _string
+ _string=gem-wrappers
+ shift
+ ((  1  ))
+ case "${_string}" in
+ shift
+ ((  0  ))
+ return 1
+ gem_name=gem-wrappers
+ case "$gem" in
+ [[ -z '' ]]
+ __rvm_db gem_gem-wrappers_version gem_version
+ typeset value key variable
+ key=gem_gem-wrappers_version
+ variable=gem_version
+ value=
+ [[ -f /home/deltasoft/.rvm/user/db ]]
++ __rvm_db_ /home/deltasoft/.rvm/user/db gem_gem-wrappers_version
++ typeset __db __key __value
++ __db=/home/deltasoft/.rvm/user/db
++ __key=gem_gem-wrappers_version
++ shift 2
++ __value=
++ case "${__value}" in
++ __rvm_db_get /home/deltasoft/.rvm/user/db gem_gem-wrappers_version
++ [[ -f /home/deltasoft/.rvm/user/db ]]
++ __rvm_sed -n -e '\#^gem_gem-wrappers_version=# { s#^gem_gem-wrappers_version=##;; p; }' -e '/^$/d'
++ sed -n -e '\#^gem_gem-wrappers_version=# { s#^gem_gem-wrappers_version=##;; p; }' -e '/^$/d'
+ value=
+ [[ -z '' ]]
+ [[ -f /home/deltasoft/.rvm/config/db ]]
++ __rvm_db_ /home/deltasoft/.rvm/config/db gem_gem-wrappers_version
++ typeset __db __key __value
++ __db=/home/deltasoft/.rvm/config/db
++ __key=gem_gem-wrappers_version
++ shift 2
++ __value=
++ case "${__value}" in
++ __rvm_db_get /home/deltasoft/.rvm/config/db gem_gem-wrappers_version
++ [[ -f /home/deltasoft/.rvm/config/db ]]
++ __rvm_sed -n -e '\#^gem_gem-wrappers_version=# { s#^gem_gem-wrappers_version=##;; p; }' -e '/^$/d'
++ sed -n -e '\#^gem_gem-wrappers_version=# { s#^gem_gem-wrappers_version=##;; p; }' -e '/^$/d'
+ value='>=1.3.2'
+ [[ -n >=1.3.2 ]]
+ [[ -n gem_version ]]
+ eval 'gem_version='\''>=1.3.2'\'''
++ gem_version='>=1.3.2'
+ true
+ ((  0 == 0  ))
+ is_gem_installed
+ typeset gem_spec
+ gem_spec='gem '\''gem-wrappers'\'''
+ [[ -n >=1.3.2 ]]
+ gem_spec+=', '\''>=1.3.2'\'''
+ version_check=1.3.2
+ ls -ld /home/deltasoft/.rvm/gems/ruby-2.4.1/gems/gem-wrappers-1.3.2
+ /home/deltasoft/.rvm/rubies/ruby-2.4.1/bin/ruby -rrubygems -e 'gem '\''gem-wrappers'\'', '\''>=1.3.2'\'''
+ rvm_log 'gem gem-wrappers >=1.3.2 is already installed'
+ [[ '' == 1 ]]
+ rvm_pretty_print stdout
+ case "${rvm_pretty_print_flag:=auto}" in
+ case "${TERM:-dumb}" in
+ case "$1" in
+ [[ -t 1 ]]
+ return 1
+ printf %b 'gem gem-wrappers >=1.3.2 is already installed\n'
gem gem-wrappers >=1.3.2 is already installed
+ return 0
+ gem wrappers regenerate
