current directory: /edx/app/forum/.gem/ruby/2.4.0/gems/yajl-ruby-1.3.0/ext/yajl
/edx/app/forum/.rbenv/versions/2.4.1/bin/ruby -r ./siteconf20171118-29268-g6c5uq.rb extconf.rb
creating Makefile

current directory: /edx/app/forum/.gem/ruby/2.4.0/gems/yajl-ruby-1.3.0/ext/yajl
make "DESTDIR=" clean

current directory: /edx/app/forum/.gem/ruby/2.4.0/gems/yajl-ruby-1.3.0/ext/yajl
make "DESTDIR="
compiling yajl.c
compiling yajl_alloc.c
compiling yajl_buf.c
compiling yajl_encode.c
compiling yajl_ext.c
yajl_ext.c: In function 'rb_yajl_parser_parse':
yajl_ext.c:471:17: warning: variable 'stat' set but not used [-Wunused-but-set-variable]
     yajl_status stat;
                 ^
yajl_ext.c: At top level:
cc1: warning: unrecognized command line option "-Wno-self-assign" [enabled by default]
cc1: warning: unrecognized command line option "-Wno-constant-logical-operand" [enabled by default]
cc1: warning: unrecognized command line option "-Wno-parentheses-equality" [enabled by default]
cc1: warning: unrecognized command line option "-Wno-tautological-compare" [enabled by default]
compiling yajl_gen.c
compiling yajl_lex.c
compiling yajl_parser.c
compiling yajl_version.c
linking shared-object yajl/yajl.so

current directory: /edx/app/forum/.gem/ruby/2.4.0/gems/yajl-ruby-1.3.0/ext/yajl
make "DESTDIR=" install
/usr/bin/install -c -m 0755 yajl.so ./.gem.20171118-29268-1ib71hv/yajl
